TN:s21_vector_a
SF:/usr/include/c++/9/ext/type_traits.h
FN:152,_ZN9__gnu_cxx17__is_null_pointerIcEEbPT_
FNDA:0,_ZN9__gnu_cxx17__is_null_pointerIcEEbPT_
FN:152,_ZN9__gnu_cxx17__is_null_pointerIKcEEbPT_
FNDA:36,_ZN9__gnu_cxx17__is_null_pointerIKcEEbPT_
DA:152,0
DA:153,0
DA:152,36
DA:153,36
end_of_record
SF:/usr/include/c++/9/bits/alloc_traits.h
FN:442,_ZNSt16allocator_traitsISaIiEE8allocateERS0_m
FNDA:9,_ZNSt16allocator_traitsISaIiEE8allocateERS0_m
FN:468,_ZNSt16allocator_traitsISaIiEE10deallocateERS0_Pim
FNDA:9,_ZNSt16allocator_traitsISaIiEE10deallocateERS0_Pim
FN:481,_ZNSt16allocator_traitsISaIiEE9constructIiJRKiEEEvRS0_PT_DpOT0_
FNDA:130,_ZNSt16allocator_traitsISaIiEE9constructIiJRKiEEEvRS0_PT_DpOT0_
FN:504,_ZNSt16allocator_traitsISaIiEE8max_sizeERKS0_
FNDA:18,_ZNSt16allocator_traitsISaIiEE8max_sizeERKS0_
FN:513,_ZNSt16allocator_traitsISaIcEE37select_on_container_copy_constructionERKS0_
FNDA:0,_ZNSt16allocator_traitsISaIcEE37select_on_container_copy_constructionERKS0_
DA:442,9
DA:443,9
DA:468,9
DA:469,9
DA:481,130
DA:483,130
DA:504,18
DA:505,18
DA:513,0
DA:514,0
end_of_record
SF:/usr/include/gtest/gtest-printers.h
FN:260,_ZN16testing_internal26DefaultPrintNonContainerToIiEEvRKT_PSo
FNDA:0,_ZN16testing_internal26DefaultPrintNonContainerToIiEEvRKT_PSo
FN:260,_ZN16testing_internal26DefaultPrintNonContainerToImEEvRKT_PSo
FNDA:0,_ZN16testing_internal26DefaultPrintNonContainerToImEEvRKT_PSo
FN:313,_ZN7testing8internal19FormatForComparisonIiiE6FormatB5cxx11ERKi
FNDA:0,_ZN7testing8internal19FormatForComparisonIiiE6FormatB5cxx11ERKi
FN:313,_ZN7testing8internal19FormatForComparisonImmE6FormatB5cxx11ERKm
FNDA:0,_ZN7testing8internal19FormatForComparisonImmE6FormatB5cxx11ERKm
FN:377,_ZN7testing8internal33FormatForComparisonFailureMessageIiiEENSt7__cxx1112basic_stringIcSt11char_traitsIcESaIcEEERKT_RKT0_
FNDA:0,_ZN7testing8internal33FormatForComparisonFailureMessageIiiEENSt7__cxx1112basic_stringIcSt11char_traitsIcESaIcEEERKT_RKT0_
FN:377,_ZN7testing8internal33FormatForComparisonFailureMessageImmEENSt7__cxx1112basic_stringIcSt11char_traitsIcESaIcEEERKT_RKT0_
FNDA:0,_ZN7testing8internal33FormatForComparisonFailureMessageImmEENSt7__cxx1112basic_stringIcSt11char_traitsIcESaIcEEERKT_RKT0_
FN:466,_ZN7testing8internal14DefaultPrintToIiEEvNS0_15WrapPrinterTypeILNS0_18DefaultPrinterTypeE3EEERKT_PSo
FNDA:0,_ZN7testing8internal14DefaultPrintToIiEEvNS0_15WrapPrinterTypeILNS0_18DefaultPrinterTypeE3EEERKT_PSo
FN:466,_ZN7testing8internal14DefaultPrintToImEEvNS0_15WrapPrinterTypeILNS0_18DefaultPrinterTypeE3EEERKT_PSo
FNDA:0,_ZN7testing8internal14DefaultPrintToImEEvNS0_15WrapPrinterTypeILNS0_18DefaultPrinterTypeE3EEERKT_PSo
FN:483,_ZN7testing8internal7PrintToIiEEvRKT_PSo
FNDA:0,_ZN7testing8internal7PrintToIiEEvRKT_PSo
FN:483,_ZN7testing8internal7PrintToImEEvRKT_PSo
FNDA:0,_ZN7testing8internal7PrintToImEEvRKT_PSo
FN:670,_ZN7testing8internal16UniversalPrinterImE5PrintERKmPSo
FNDA:0,_ZN7testing8internal16UniversalPrinterImE5PrintERKmPSo
FN:670,_ZN7testing8internal16UniversalPrinterIiE5PrintERKiPSo
FNDA:0,_ZN7testing8internal16UniversalPrinterIiE5PrintERKiPSo
FN:796,_ZN7testing8internal21UniversalTersePrinterImE5PrintERKmPSo
FNDA:0,_ZN7testing8internal21UniversalTersePrinterImE5PrintERKmPSo
FN:796,_ZN7testing8internal21UniversalTersePrinterIiE5PrintERKiPSo
FNDA:0,_ZN7testing8internal21UniversalTersePrinterIiE5PrintERKiPSo
FN:865,_ZN7testing8internal14UniversalPrintImEEvRKT_PSo
FNDA:0,_ZN7testing8internal14UniversalPrintImEEvRKT_PSo
FN:865,_ZN7testing8internal14UniversalPrintIiEEvRKT_PSo
FNDA:0,_ZN7testing8internal14UniversalPrintIiEEvRKT_PSo
FN:915,_ZN7testing13PrintToStringImEENSt7__cxx1112basic_stringIcSt11char_traitsIcESaIcEEERKT_
FNDA:0,_ZN7testing13PrintToStringImEENSt7__cxx1112basic_stringIcSt11char_traitsIcESaIcEEERKT_
FN:915,_ZN7testing13PrintToStringIiEENSt7__cxx1112basic_stringIcSt11char_traitsIcESaIcEEERKT_
FNDA:0,_ZN7testing13PrintToStringIiEENSt7__cxx1112basic_stringIcSt11char_traitsIcESaIcEEERKT_
DA:260,0
DA:287,0
DA:288,0
DA:260,0
DA:287,0
DA:288,0
DA:313,0
DA:314,0
DA:313,0
DA:314,0
DA:377,0
DA:379,0
DA:377,0
DA:379,0
DA:466,0
DA:468,0
DA:469,0
DA:466,0
DA:468,0
DA:469,0
DA:483,0
DA:503,0
DA:514,0
DA:483,0
DA:503,0
DA:514,0
DA:670,0
DA:679,0
DA:680,0
DA:670,0
DA:679,0
DA:680,0
DA:796,0
DA:797,0
DA:798,0
DA:796,0
DA:797,0
DA:798,0
DA:865,0
DA:869,0
DA:870,0
DA:865,0
DA:869,0
DA:870,0
DA:915,0
DA:916,0
DA:917,0
DA:918,0
DA:915,0
DA:916,0
DA:917,0
DA:918,0
end_of_record
SF:/usr/include/c++/9/ext/alloc_traits.h
FN:97,_ZN9__gnu_cxx14__alloc_traitsISaIcEcE17_S_select_on_copyERKS1_
FNDA:0,_ZN9__gnu_cxx14__alloc_traitsISaIcEcE17_S_select_on_copyERKS1_
DA:97,0
DA:98,0
end_of_record
SF:/usr/include/c++/9/bits/basic_string.tcc
FN:206,_ZNSt7__cxx1112basic_stringIcSt11char_traitsIcESaIcEE12_M_constructIPcEEvT_S7_St20forward_iterator_tag
FNDA:0,_ZNSt7__cxx1112basic_stringIcSt11char_traitsIcESaIcEE12_M_constructIPcEEvT_S7_St20forward_iterator_tag
FN:206,_ZNSt7__cxx1112basic_stringIcSt11char_traitsIcESaIcEE12_M_constructIPKcEEvT_S8_St20forward_iterator_tag
FNDA:36,_ZNSt7__cxx1112basic_stringIcSt11char_traitsIcESaIcEE12_M_constructIPKcEEvT_S8_St20forward_iterator_tag
DA:206,0
DA:211,0
DA:212,0
DA:215,0
DA:217,0
DA:219,0
DA:220,0
DA:225,0
DA:226,0
DA:228,0
DA:229,0
DA:232,0
DA:233,0
DA:206,36
DA:211,36
DA:212,0
DA:215,36
DA:217,36
DA:219,9
DA:220,9
DA:225,36
DA:226,0
DA:228,0
DA:229,0
DA:232,36
DA:233,36
end_of_record
SF:/usr/include/gtest/internal/gtest-port.h
FN:957,_ZN7testing8internal8GTestLog9GetStreamEv
FNDA:0,_ZN7testing8internal8GTestLog9GetStreamEv
DA:957,0
end_of_record
SF:/usr/include/c++/9/iostream
end_of_record
SF:/usr/include/c++/9/bits/stl_algobase.h
FN:198,_ZSt3minImERKT_S2_S2_
FNDA:18,_ZSt3minImERKT_S2_S2_
FN:222,_ZSt3maxImERKT_S2_S2_
FNDA:9,_ZSt3maxImERKT_S2_S2_
FN:280,_ZSt12__niter_baseIPiET_S1_
FNDA:54,_ZSt12__niter_baseIPiET_S1_
DA:198,18
DA:203,18
DA:204,0
DA:205,18
DA:222,9
DA:227,9
DA:228,1
DA:229,8
DA:280,54
DA:282,54
end_of_record
SF:/usr/include/c++/9/bits/stl_iterator_base_types.h
FN:205,_ZSt19__iterator_categoryIPcENSt15iterator_traitsIT_E17iterator_categoryERKS2_
FNDA:0,_ZSt19__iterator_categoryIPcENSt15iterator_traitsIT_E17iterator_categoryERKS2_
FN:205,_ZSt19__iterator_categoryIPKcENSt15iterator_traitsIT_E17iterator_categoryERKS3_
FNDA:36,_ZSt19__iterator_categoryIPKcENSt15iterator_traitsIT_E17iterator_categoryERKS3_
DA:205,0
DA:206,0
DA:205,36
DA:206,36
end_of_record
SF:/home/svet/Documents/School/C++/containers/s21_vector.tpp
FN:10,_ZN6VectorIiEC2Ev
FNDA:2,_ZN6VectorIiEC2Ev
FN:26,_ZN6VectorIiEC2ERKSt16initializer_listIiE
FNDA:2,_ZN6VectorIiEC2ERKSt16initializer_listIiE
FN:56,_ZN6VectorIiED2Ev
FNDA:4,_ZN6VectorIiED2Ev
FN:78,_ZN6VectorIiE10add_memoryEv
FNDA:15,_ZN6VectorIiE10add_memoryEv
FN:95,_ZN6VectorIiEixEm
FNDA:7,_ZN6VectorIiEixEm
FN:101,_ZN6VectorIiE2atEm
FNDA:7,_ZN6VectorIiE2atEm
FN:123,_ZN6VectorIiE9push_backERKi
FNDA:130,_ZN6VectorIiE9push_backERKi
FN:148,_ZN6VectorIiE5clearEv
FNDA:1,_ZN6VectorIiE5clearEv
FN:153,_ZN6VectorIiE4sizeEv
FNDA:2,_ZN6VectorIiE4sizeEv
FN:158,_ZN6VectorIiE8capacityEv
FNDA:1,_ZN6VectorIiE8capacityEv
FN:172,_ZN6VectorIiE5beginEv
FNDA:1,_ZN6VectorIiE5beginEv
DA:10,2
DA:11,2
DA:13,2
DA:14,2
DA:26,2
DA:28,2
DA:29,2
DA:30,2
DA:31,2
DA:32,12
DA:33,10
DA:34,2
DA:56,4
DA:78,15
DA:83,15
DA:85,15
DA:87,15
DA:88,15
DA:91,15
DA:95,7
DA:96,7
DA:97,5
DA:101,7
DA:102,7
DA:103,5
DA:123,130
DA:125,130
DA:126,15
DA:127,15
DA:128,15
DA:129,15
DA:131,130
DA:132,130
DA:133,130
DA:148,1
DA:149,1
DA:150,1
DA:153,2
DA:154,2
DA:158,1
DA:159,1
DA:172,1
DA:175,1
end_of_record
SF:/usr/include/c++/9/bits/char_traits.h
FN:100,_ZN9__gnu_cxx11char_traitsIcE2eqERKcS3_
FNDA:0,_ZN9__gnu_cxx11char_traitsIcE2eqERKcS3_
FN:161,_ZN9__gnu_cxx11char_traitsIcE6lengthEPKc
FNDA:0,_ZN9__gnu_cxx11char_traitsIcE6lengthEPKc
FN:336,_ZNSt11char_traitsIcE6lengthEPKc
FNDA:3,_ZNSt11char_traitsIcE6lengthEPKc
DA:100,0
DA:101,0
DA:161,0
DA:164,0
DA:165,0
DA:166,0
DA:167,0
DA:236,3
DA:336,3
DA:339,3
DA:340,0
DA:342,3
end_of_record
SF:/usr/include/c++/9/initializer_list
FN:71,_ZNKSt16initializer_listIiE4sizeEv
FNDA:16,_ZNKSt16initializer_listIiE4sizeEv
FN:75,_ZNKSt16initializer_listIiE5beginEv
FNDA:14,_ZNKSt16initializer_listIiE5beginEv
FN:79,_ZNKSt16initializer_listIiE3endEv
FNDA:12,_ZNKSt16initializer_listIiE3endEv
DA:71,16
DA:75,14
DA:79,12
end_of_record
SF:/usr/include/c++/9/bits/vector.tcc
FN:426,_ZNSt6vectorIiSaIiEE17_M_realloc_insertIJRKiEEEvN9__gnu_cxx17__normal_iteratorIPiS1_EEDpOT_
FNDA:9,_ZNSt6vectorIiSaIiEE17_M_realloc_insertIJRKiEEEvN9__gnu_cxx17__normal_iteratorIPiS1_EEDpOT_
DA:426,9
DA:435,9
DA:437,9
DA:438,9
DA:439,9
DA:440,9
DA:441,9
DA:449,9
DA:450,9
DA:456,9
DA:461,9
DA:462,9
DA:464,9
DA:466,9
DA:467,9
DA:500,9
DA:501,9
DA:502,9
DA:503,9
DA:504,9
DA:505,9
end_of_record
SF:/usr/include/c++/9/bits/stl_construct.h
FN:117,_ZNSt12_Destroy_auxILb1EE9__destroyIPiEEvT_S3_
FNDA:2,_ZNSt12_Destroy_auxILb1EE9__destroyIPiEEvT_S3_
FN:127,_ZSt8_DestroyIPiEvT_S1_
FNDA:2,_ZSt8_DestroyIPiEvT_S1_
FN:203,_ZSt8_DestroyIPiiEvT_S1_RSaIT0_E
FNDA:2,_ZSt8_DestroyIPiiEvT_S1_RSaIT0_E
DA:117,2
DA:127,2
DA:137,2
DA:138,2
DA:203,2
DA:206,2
DA:207,2
end_of_record
SF:/usr/include/gtest/internal/gtest-internal.h
FN:442,_ZN7testing8internal15TestFactoryBaseD0Ev
FNDA:0,_ZN7testing8internal15TestFactoryBaseD0Ev
FN:442,_ZN7testing8internal15TestFactoryBaseD2Ev
FNDA:3,_ZN7testing8internal15TestFactoryBaseD2Ev
FN:449,_ZN7testing8internal15TestFactoryBaseC2Ev
FNDA:3,_ZN7testing8internal15TestFactoryBaseC2Ev
FN:460,_ZN7testing8internal15TestFactoryImplI28reload_sq_breaks_Test_1_TestE10CreateTestEv
FNDA:1,_ZN7testing8internal15TestFactoryImplI28reload_sq_breaks_Test_1_TestE10CreateTestEv
FN:460,_ZN7testing8internal15TestFactoryImplI21push_back_Test_1_TestE10CreateTestEv
FNDA:1,_ZN7testing8internal15TestFactoryImplI21push_back_Test_1_TestE10CreateTestEv
FN:460,_ZN7testing8internal15TestFactoryImplI16test_test_1_TestE10CreateTestEv
FNDA:1,_ZN7testing8internal15TestFactoryImplI16test_test_1_TestE10CreateTestEv
FN:481,_ZN7testing8internal12CodeLocationC2ERKNSt7__cxx1112basic_stringIcSt11char_traitsIcESaIcEEEi
FNDA:3,_ZN7testing8internal12CodeLocationC2ERKNSt7__cxx1112basic_stringIcSt11char_traitsIcESaIcEEEi
FN:494,_ZN7testing8internal19GetNotDefaultOrNullEPFvvES2_
FNDA:12,_ZN7testing8internal19GetNotDefaultOrNullEPFvvES2_
FN:509,_ZN7testing8internal16SuiteApiResolverINS_4TestEE19GetSetUpCaseOrSuiteEPKci
FNDA:3,_ZN7testing8internal16SuiteApiResolverINS_4TestEE19GetSetUpCaseOrSuiteEPKci
FN:524,_ZN7testing8internal16SuiteApiResolverINS_4TestEE22GetTearDownCaseOrSuiteEPKci
FNDA:3,_ZN7testing8internal16SuiteApiResolverINS_4TestEE22GetTearDownCaseOrSuiteEPKci
DA:442,0
DA:442,3
DA:449,3
DA:460,1
DA:460,1
DA:460,1
DA:481,3
DA:482,3
DA:494,12
DA:496,12
DA:509,3
DA:512,3
DA:514,3
DA:516,3
DA:519,0
DA:521,3
DA:524,3
DA:527,3
DA:529,3
DA:531,3
DA:534,0
DA:536,3
end_of_record
SF:/usr/include/c++/9/new
FN:173,_ZnwmPv
FNDA:130,_ZnwmPv
DA:173,130
DA:174,130
end_of_record
SF:/usr/include/c++/9/tuple
FN:113,_ZNSt10_Head_baseILm1ESt14default_deleteINSt7__cxx1118basic_stringstreamIcSt11char_traitsIcESaIcEEEELb1EE7_M_headERS8_
FNDA:0,_ZNSt10_Head_baseILm1ESt14default_deleteINSt7__cxx1118basic_stringstreamIcSt11char_traitsIcESaIcEEEELb1EE7_M_headERS8_
FN:113,_ZNSt10_Head_baseILm1ESt14default_deleteINSt7__cxx1112basic_stringIcSt11char_traitsIcESaIcEEEELb1EE7_M_headERS8_
FNDA:0,_ZNSt10_Head_baseILm1ESt14default_deleteINSt7__cxx1112basic_stringIcSt11char_traitsIcESaIcEEEELb1EE7_M_headERS8_
FN:160,_ZNSt10_Head_baseILm0EPNSt7__cxx1112basic_stringIcSt11char_traitsIcESaIcEEELb0EE7_M_headERS7_
FNDA:11,_ZNSt10_Head_baseILm0EPNSt7__cxx1112basic_stringIcSt11char_traitsIcESaIcEEELb0EE7_M_headERS7_
FN:160,_ZNSt10_Head_baseILm0EPNSt7__cxx1118basic_stringstreamIcSt11char_traitsIcESaIcEEELb0EE7_M_headERS7_
FNDA:0,_ZNSt10_Head_baseILm0EPNSt7__cxx1118basic_stringstreamIcSt11char_traitsIcESaIcEEELb0EE7_M_headERS7_
FN:163,_ZNSt10_Head_baseILm0EPNSt7__cxx1112basic_stringIcSt11char_traitsIcESaIcEEELb0EE7_M_headERKS7_
FNDA:0,_ZNSt10_Head_baseILm0EPNSt7__cxx1112basic_stringIcSt11char_traitsIcESaIcEEELb0EE7_M_headERKS7_
FN:195,_ZNSt11_Tuple_implILm0EJPNSt7__cxx1112basic_stringIcSt11char_traitsIcESaIcEEESt14default_deleteIS5_EEE7_M_headERS9_
FNDA:11,_ZNSt11_Tuple_implILm0EJPNSt7__cxx1112basic_stringIcSt11char_traitsIcESaIcEEESt14default_deleteIS5_EEE7_M_headERS9_
FN:195,_ZNSt11_Tuple_implILm0EJPNSt7__cxx1118basic_stringstreamIcSt11char_traitsIcESaIcEEESt14default_deleteIS5_EEE7_M_headERS9_
FNDA:0,_ZNSt11_Tuple_implILm0EJPNSt7__cxx1118basic_stringstreamIcSt11char_traitsIcESaIcEEESt14default_deleteIS5_EEE7_M_headERS9_
FN:198,_ZNSt11_Tuple_implILm0EJPNSt7__cxx1112basic_stringIcSt11char_traitsIcESaIcEEESt14default_deleteIS5_EEE7_M_headERKS9_
FNDA:0,_ZNSt11_Tuple_implILm0EJPNSt7__cxx1112basic_stringIcSt11char_traitsIcESaIcEEESt14default_deleteIS5_EEE7_M_headERKS9_
FN:334,_ZNSt11_Tuple_implILm1EJSt14default_deleteINSt7__cxx1112basic_stringIcSt11char_traitsIcESaIcEEEEEE7_M_headERS8_
FNDA:0,_ZNSt11_Tuple_implILm1EJSt14default_deleteINSt7__cxx1112basic_stringIcSt11char_traitsIcESaIcEEEEEE7_M_headERS8_
FN:334,_ZNSt11_Tuple_implILm1EJSt14default_deleteINSt7__cxx1118basic_stringstreamIcSt11char_traitsIcESaIcEEEEEE7_M_headERS8_
FNDA:0,_ZNSt11_Tuple_implILm1EJSt14default_deleteINSt7__cxx1118basic_stringstreamIcSt11char_traitsIcESaIcEEEEEE7_M_headERS8_
FN:1309,_ZSt12__get_helperILm1ESt14default_deleteINSt7__cxx1118basic_stringstreamIcSt11char_traitsIcESaIcEEEEJEERT0_RSt11_Tuple_implIXT_EJS8_DpT1_EE
FNDA:0,_ZSt12__get_helperILm1ESt14default_deleteINSt7__cxx1118basic_stringstreamIcSt11char_traitsIcESaIcEEEEJEERT0_RSt11_Tuple_implIXT_EJS8_DpT1_EE
FN:1309,_ZSt12__get_helperILm0EPNSt7__cxx1118basic_stringstreamIcSt11char_traitsIcESaIcEEEJSt14default_deleteIS5_EEERT0_RSt11_Tuple_implIXT_EJS9_DpT1_EE
FNDA:0,_ZSt12__get_helperILm0EPNSt7__cxx1118basic_stringstreamIcSt11char_traitsIcESaIcEEEJSt14default_deleteIS5_EEERT0_RSt11_Tuple_implIXT_EJS9_DpT1_EE
FN:1309,_ZSt12__get_helperILm0EPNSt7__cxx1112basic_stringIcSt11char_traitsIcESaIcEEEJSt14default_deleteIS5_EEERT0_RSt11_Tuple_implIXT_EJS9_DpT1_EE
FNDA:11,_ZSt12__get_helperILm0EPNSt7__cxx1112basic_stringIcSt11char_traitsIcESaIcEEEJSt14default_deleteIS5_EEERT0_RSt11_Tuple_implIXT_EJS9_DpT1_EE
FN:1309,_ZSt12__get_helperILm1ESt14default_deleteINSt7__cxx1112basic_stringIcSt11char_traitsIcESaIcEEEEJEERT0_RSt11_Tuple_implIXT_EJS8_DpT1_EE
FNDA:0,_ZSt12__get_helperILm1ESt14default_deleteINSt7__cxx1112basic_stringIcSt11char_traitsIcESaIcEEEEJEERT0_RSt11_Tuple_implIXT_EJS8_DpT1_EE
FN:1314,_ZSt12__get_helperILm0EPNSt7__cxx1112basic_stringIcSt11char_traitsIcESaIcEEEJSt14default_deleteIS5_EEERKT0_RKSt11_Tuple_implIXT_EJS9_DpT1_EE
FNDA:0,_ZSt12__get_helperILm0EPNSt7__cxx1112basic_stringIcSt11char_traitsIcESaIcEEEJSt14default_deleteIS5_EEERKT0_RKSt11_Tuple_implIXT_EJS9_DpT1_EE
FN:1320,_ZSt3getILm1EJPNSt7__cxx1112basic_stringIcSt11char_traitsIcESaIcEEESt14default_deleteIS5_EEERNSt13tuple_elementIXT_ESt5tupleIJDpT0_EEE4typeERSD_
FNDA:0,_ZSt3getILm1EJPNSt7__cxx1112basic_stringIcSt11char_traitsIcESaIcEEESt14default_deleteIS5_EEERNSt13tuple_elementIXT_ESt5tupleIJDpT0_EEE4typeERSD_
FN:1320,_ZSt3getILm1EJPNSt7__cxx1118basic_stringstreamIcSt11char_traitsIcESaIcEEESt14default_deleteIS5_EEERNSt13tuple_elementIXT_ESt5tupleIJDpT0_EEE4typeERSD_
FNDA:0,_ZSt3getILm1EJPNSt7__cxx1118basic_stringstreamIcSt11char_traitsIcESaIcEEESt14default_deleteIS5_EEERNSt13tuple_elementIXT_ESt5tupleIJDpT0_EEE4typeERSD_
FN:1320,_ZSt3getILm0EJPNSt7__cxx1112basic_stringIcSt11char_traitsIcESaIcEEESt14default_deleteIS5_EEERNSt13tuple_elementIXT_ESt5tupleIJDpT0_EEE4typeERSD_
FNDA:11,_ZSt3getILm0EJPNSt7__cxx1112basic_stringIcSt11char_traitsIcESaIcEEESt14default_deleteIS5_EEERNSt13tuple_elementIXT_ESt5tupleIJDpT0_EEE4typeERSD_
FN:1320,_ZSt3getILm0EJPNSt7__cxx1118basic_stringstreamIcSt11char_traitsIcESaIcEEESt14default_deleteIS5_EEERNSt13tuple_elementIXT_ESt5tupleIJDpT0_EEE4typeERSD_
FNDA:0,_ZSt3getILm0EJPNSt7__cxx1118basic_stringstreamIcSt11char_traitsIcESaIcEEESt14default_deleteIS5_EEERNSt13tuple_elementIXT_ESt5tupleIJDpT0_EEE4typeERSD_
FN:1326,_ZSt3getILm0EJPNSt7__cxx1112basic_stringIcSt11char_traitsIcESaIcEEESt14default_deleteIS5_EEERKNSt13tuple_elementIXT_ESt5tupleIJDpT0_EEE4typeERKSD_
FNDA:0,_ZSt3getILm0EJPNSt7__cxx1112basic_stringIcSt11char_traitsIcESaIcEEESt14default_deleteIS5_EEERKNSt13tuple_elementIXT_ESt5tupleIJDpT0_EEE4typeERKSD_
DA:113,0
DA:113,0
DA:160,11
DA:160,0
DA:163,0
DA:195,11
DA:195,0
DA:198,0
DA:334,0
DA:334,0
DA:1309,0
DA:1310,0
DA:1309,0
DA:1310,0
DA:1309,11
DA:1310,11
DA:1309,0
DA:1310,0
DA:1314,0
DA:1315,0
DA:1320,0
DA:1321,0
DA:1320,0
DA:1321,0
DA:1320,11
DA:1321,11
DA:1320,0
DA:1321,0
DA:1326,0
DA:1327,0
end_of_record
SF:/home/svet/Documents/School/C++/containers/tests/vector_test.cc
FN:6,_ZN28reload_sq_breaks_Test_1_Test8TestBodyEv
FNDA:1,_ZN28reload_sq_breaks_Test_1_Test8TestBodyEv
FN:6,_ZN28reload_sq_breaks_Test_1_TestC2Ev
FNDA:1,_ZN28reload_sq_breaks_Test_1_TestC2Ev
FN:21,_ZN21push_back_Test_1_Test8TestBodyEv
FNDA:1,_ZN21push_back_Test_1_Test8TestBodyEv
FN:21,_ZN21push_back_Test_1_TestC2Ev
FNDA:1,_ZN21push_back_Test_1_TestC2Ev
DA:6,1
DA:7,2
DA:8,2
DA:9,1
DA:10,1
DA:11,2
DA:12,2
DA:13,1
DA:14,1
DA:15,2
DA:16,2
DA:18,1
DA:6,1
DA:21,1
DA:22,2
DA:23,2
DA:24,1
DA:26,131
DA:27,131
DA:28,1
DA:29,1
DA:30,1
DA:31,1
DA:32,1
DA:33,1
DA:34,1
DA:35,1
DA:36,1
DA:21,1
end_of_record
SF:/usr/include/c++/9/bits/basic_string.h
FN:247,_ZNSt7__cxx1112basic_stringIcSt11char_traitsIcESaIcEE16_M_construct_auxIPcEEvT_S7_St12__false_type
FNDA:0,_ZNSt7__cxx1112basic_stringIcSt11char_traitsIcESaIcEE16_M_construct_auxIPcEEvT_S7_St12__false_type
FN:247,_ZNSt7__cxx1112basic_stringIcSt11char_traitsIcESaIcEE16_M_construct_auxIPKcEEvT_S8_St12__false_type
FNDA:3,_ZNSt7__cxx1112basic_stringIcSt11char_traitsIcESaIcEE16_M_construct_auxIPKcEEvT_S8_St12__false_type
FN:267,_ZNSt7__cxx1112basic_stringIcSt11char_traitsIcESaIcEE12_M_constructIPcEEvT_S7_
FNDA:0,_ZNSt7__cxx1112basic_stringIcSt11char_traitsIcESaIcEE12_M_constructIPcEEvT_S7_
FN:267,_ZNSt7__cxx1112basic_stringIcSt11char_traitsIcESaIcEE12_M_constructIPKcEEvT_S8_
FNDA:3,_ZNSt7__cxx1112basic_stringIcSt11char_traitsIcESaIcEE12_M_constructIPKcEEvT_S8_
FN:529,_ZNSt7__cxx1112basic_stringIcSt11char_traitsIcESaIcEEC2IS3_EEPKcRKS3_
FNDA:3,_ZNSt7__cxx1112basic_stringIcSt11char_traitsIcESaIcEEC2IS3_EEPKcRKS3_
DA:247,0
DA:251,0
DA:252,0
DA:247,3
DA:251,3
DA:252,3
DA:267,0
DA:270,0
DA:271,0
DA:267,3
DA:270,3
DA:271,3
DA:529,3
DA:530,3
DA:531,3
end_of_record
SF:/usr/include/c++/9/bits/stl_iterator.h
FN:803,_ZN9__gnu_cxx17__normal_iteratorIPiSt6vectorIiSaIiEEEC2ERKS1_
FNDA:19,_ZN9__gnu_cxx17__normal_iteratorIPiSt6vectorIiSaIiEEEC2ERKS1_
FN:816,_ZNK9__gnu_cxx17__normal_iteratorIPiSt6vectorIiSaIiEEEdeEv
FNDA:1,_ZNK9__gnu_cxx17__normal_iteratorIPiSt6vectorIiSaIiEEEdeEv
FN:868,_ZNK9__gnu_cxx17__normal_iteratorIPiSt6vectorIiSaIiEEE4baseEv
FNDA:36,_ZNK9__gnu_cxx17__normal_iteratorIPiSt6vectorIiSaIiEEE4baseEv
FN:986,_ZN9__gnu_cxxmiIPiSt6vectorIiSaIiEEEENS_17__normal_iteratorIT_T0_E15difference_typeERKS8_SB_
FNDA:9,_ZN9__gnu_cxxmiIPiSt6vectorIiSaIiEEEENS_17__normal_iteratorIT_T0_E15difference_typeERKS8_SB_
DA:803,19
DA:804,19
DA:816,1
DA:817,1
DA:868,36
DA:869,36
DA:986,9
DA:989,9
end_of_record
SF:/usr/include/c++/9/bits/stl_vector.h
FN:94,_ZNSt12_Vector_baseIiSaIiEE17_Vector_impl_dataC2Ev
FNDA:1,_ZNSt12_Vector_baseIiSaIiEE17_Vector_impl_dataC2Ev
FN:128,_ZNSt12_Vector_baseIiSaIiEE12_Vector_implC2Ev
FNDA:1,_ZNSt12_Vector_baseIiSaIiEE12_Vector_implC2Ev
FN:273,_ZNSt12_Vector_baseIiSaIiEE19_M_get_Tp_allocatorEv
FNDA:20,_ZNSt12_Vector_baseIiSaIiEE19_M_get_Tp_allocatorEv
FN:277,_ZNKSt12_Vector_baseIiSaIiEE19_M_get_Tp_allocatorEv
FNDA:18,_ZNKSt12_Vector_baseIiSaIiEE19_M_get_Tp_allocatorEv
FN:285,_ZNSt12_Vector_baseIiSaIiEEC2Ev
FNDA:1,_ZNSt12_Vector_baseIiSaIiEEC2Ev
FN:330,_ZNSt12_Vector_baseIiSaIiEED2Ev
FNDA:1,_ZNSt12_Vector_baseIiSaIiEED2Ev
FN:340,_ZNSt12_Vector_baseIiSaIiEE11_M_allocateEm
FNDA:9,_ZNSt12_Vector_baseIiSaIiEE11_M_allocateEm
FN:347,_ZNSt12_Vector_baseIiSaIiEE13_M_deallocateEPim
FNDA:10,_ZNSt12_Vector_baseIiSaIiEE13_M_deallocateEPim
FN:450,_ZNSt6vectorIiSaIiEE14_S_do_relocateEPiS2_S2_RS0_St17integral_constantIbLb1EE
FNDA:18,_ZNSt6vectorIiSaIiEE14_S_do_relocateEPiS2_S2_RS0_St17integral_constantIbLb1EE
FN:462,_ZNSt6vectorIiSaIiEE11_S_relocateEPiS2_S2_RS0_
FNDA:18,_ZNSt6vectorIiSaIiEE11_S_relocateEPiS2_S2_RS0_
FN:484,_ZNSt6vectorIiSaIiEEC2Ev
FNDA:1,_ZNSt6vectorIiSaIiEEC2Ev
FN:675,_ZNSt6vectorIiSaIiEED2Ev
FNDA:1,_ZNSt6vectorIiSaIiEED2Ev
FN:808,_ZNSt6vectorIiSaIiEE5beginEv
FNDA:10,_ZNSt6vectorIiSaIiEE5beginEv
FN:826,_ZNSt6vectorIiSaIiEE3endEv
FNDA:9,_ZNSt6vectorIiSaIiEE3endEv
FN:915,_ZNKSt6vectorIiSaIiEE4sizeEv
FNDA:39,_ZNKSt6vectorIiSaIiEE4sizeEv
FN:920,_ZNKSt6vectorIiSaIiEE8max_sizeEv
FNDA:18,_ZNKSt6vectorIiSaIiEE8max_sizeEv
FN:995,_ZNKSt6vectorIiSaIiEE8capacityEv
FNDA:1,_ZNKSt6vectorIiSaIiEE8capacityEv
FN:1040,_ZNSt6vectorIiSaIiEEixEm
FNDA:2,_ZNSt6vectorIiSaIiEEixEm
FN:1067,_ZNKSt6vectorIiSaIiEE14_M_range_checkEm
FNDA:1,_ZNKSt6vectorIiSaIiEE14_M_range_checkEm
FN:1089,_ZNSt6vectorIiSaIiEE2atEm
FNDA:1,_ZNSt6vectorIiSaIiEE2atEm
FN:1184,_ZNSt6vectorIiSaIiEE9push_backERKi
FNDA:130,_ZNSt6vectorIiSaIiEE9push_backERKi
FN:1495,_ZNSt6vectorIiSaIiEE5clearEv
FNDA:1,_ZNSt6vectorIiSaIiEE5clearEv
FN:1753,_ZNKSt6vectorIiSaIiEE12_M_check_lenEmPKc
FNDA:9,_ZNKSt6vectorIiSaIiEE12_M_check_lenEmPKc
FN:1773,_ZNSt6vectorIiSaIiEE11_S_max_sizeERKS0_
FNDA:18,_ZNSt6vectorIiSaIiEE11_S_max_sizeERKS0_
FN:1789,_ZNSt6vectorIiSaIiEE15_M_erase_at_endEPi
FNDA:1,_ZNSt6vectorIiSaIiEE15_M_erase_at_endEPi
DA:94,1
DA:95,1
DA:96,1
DA:128,1
DA:130,1
DA:131,1
DA:273,20
DA:274,20
DA:277,18
DA:278,18
DA:285,1
DA:330,1
DA:332,1
DA:333,1
DA:334,1
DA:340,9
DA:343,9
DA:347,10
DA:350,10
DA:351,9
DA:352,10
DA:450,18
DA:453,18
DA:462,18
DA:466,18
DA:484,1
DA:675,1
DA:677,1
DA:678,1
DA:680,1
DA:808,10
DA:809,10
DA:826,9
DA:827,9
DA:915,39
DA:916,39
DA:920,18
DA:921,18
DA:995,1
DA:996,1
DA:997,1
DA:1040,2
DA:1043,2
DA:1067,1
DA:1069,1
DA:1070,0
DA:1074,1
DA:1089,1
DA:1091,1
DA:1092,1
DA:1184,130
DA:1186,130
DA:1189,121
DA:1191,121
DA:1195,9
DA:1196,130
DA:1495,1
DA:1496,1
DA:1753,9
DA:1755,9
DA:1756,0
DA:1758,9
DA:1759,9
DA:1773,18
DA:1778,18
DA:1780,18
DA:1781,18
DA:1789,1
DA:1791,1
DA:1793,1
DA:1794,1
DA:1795,1
DA:1798,1
end_of_record
SF:/usr/include/c++/9/bits/stl_iterator_base_funcs.h
FN:98,_ZSt10__distanceIPcENSt15iterator_traitsIT_E15difference_typeES2_S2_St26random_access_iterator_tag
FNDA:0,_ZSt10__distanceIPcENSt15iterator_traitsIT_E15difference_typeES2_S2_St26random_access_iterator_tag
FN:98,_ZSt10__distanceIPKcENSt15iterator_traitsIT_E15difference_typeES3_S3_St26random_access_iterator_tag
FNDA:36,_ZSt10__distanceIPKcENSt15iterator_traitsIT_E15difference_typeES3_S3_St26random_access_iterator_tag
FN:138,_ZSt8distanceIPcENSt15iterator_traitsIT_E15difference_typeES2_S2_
FNDA:0,_ZSt8distanceIPcENSt15iterator_traitsIT_E15difference_typeES2_S2_
FN:138,_ZSt8distanceIPKcENSt15iterator_traitsIT_E15difference_typeES3_S3_
FNDA:36,_ZSt8distanceIPKcENSt15iterator_traitsIT_E15difference_typeES3_S3_
DA:98,0
DA:104,0
DA:98,36
DA:104,36
DA:138,0
DA:141,0
DA:142,0
DA:138,36
DA:141,36
DA:142,72
end_of_record
SF:/usr/include/c++/9/ext/new_allocator.h
FN:80,_ZN9__gnu_cxx13new_allocatorIiEC2Ev
FNDA:1,_ZN9__gnu_cxx13new_allocatorIiEC2Ev
FN:80,_ZN9__gnu_cxx13new_allocatorIcEC2Ev
FNDA:0,_ZN9__gnu_cxx13new_allocatorIcEC2Ev
FN:83,_ZN9__gnu_cxx13new_allocatorIcEC2ERKS1_
FNDA:0,_ZN9__gnu_cxx13new_allocatorIcEC2ERKS1_
FN:89,_ZN9__gnu_cxx13new_allocatorIiED2Ev
FNDA:1,_ZN9__gnu_cxx13new_allocatorIiED2Ev
FN:89,_ZN9__gnu_cxx13new_allocatorIcED2Ev
FNDA:0,_ZN9__gnu_cxx13new_allocatorIcED2Ev
FN:102,_ZN9__gnu_cxx13new_allocatorIiE8allocateEmPKv
FNDA:9,_ZN9__gnu_cxx13new_allocatorIiE8allocateEmPKv
FN:119,_ZN9__gnu_cxx13new_allocatorIiE10deallocateEPim
FNDA:9,_ZN9__gnu_cxx13new_allocatorIiE10deallocateEPim
FN:132,_ZNK9__gnu_cxx13new_allocatorIiE8max_sizeEv
FNDA:27,_ZNK9__gnu_cxx13new_allocatorIiE8max_sizeEv
FN:144,_ZN9__gnu_cxx13new_allocatorIiE9constructIiJRKiEEEvPT_DpOT0_
FNDA:130,_ZN9__gnu_cxx13new_allocatorIiE9constructIiJRKiEEEvPT_DpOT0_
DA:80,1
DA:80,0
DA:83,0
DA:89,1
DA:89,0
DA:102,9
DA:104,9
DA:105,0
DA:114,9
DA:119,9
DA:128,9
DA:132,27
DA:135,27
DA:144,130
DA:146,130
end_of_record
SF:/usr/include/gtest/gtest-message.h
end_of_record
SF:/usr/include/c++/9/bits/move.h
FN:74,_ZSt7forwardIRKiEOT_RNSt16remove_referenceIS2_E4typeE
FNDA:269,_ZSt7forwardIRKiEOT_RNSt16remove_referenceIS2_E4typeE
FN:99,_ZSt4moveIRPNSt7__cxx1112basic_stringIcSt11char_traitsIcESaIcEEEEONSt16remove_referenceIT_E4typeEOS9_
FNDA:0,_ZSt4moveIRPNSt7__cxx1112basic_stringIcSt11char_traitsIcESaIcEEEEONSt16remove_referenceIT_E4typeEOS9_
FN:99,_ZSt4moveIRPNSt7__cxx1118basic_stringstreamIcSt11char_traitsIcESaIcEEEEONSt16remove_referenceIT_E4typeEOS9_
FNDA:0,_ZSt4moveIRPNSt7__cxx1118basic_stringstreamIcSt11char_traitsIcESaIcEEEEONSt16remove_referenceIT_E4typeEOS9_
FN:99,_ZSt4moveIRSaIcEEONSt16remove_referenceIT_E4typeEOS3_
FNDA:0,_ZSt4moveIRSaIcEEONSt16remove_referenceIT_E4typeEOS3_
DA:74,269
DA:75,269
DA:99,0
DA:100,0
DA:99,0
DA:100,0
DA:99,0
DA:100,0
end_of_record
SF:/usr/include/c++/9/bits/stl_uninitialized.h
FN:924,_ZSt14__relocate_a_1IiiENSt9enable_ifIXsrSt24__is_bitwise_relocatableIT_vE5valueEPS2_E4typeES4_S4_S4_RSaIT0_E
FNDA:18,_ZSt14__relocate_a_1IiiENSt9enable_ifIXsrSt24__is_bitwise_relocatableIT_vE5valueEPS2_E4typeES4_S4_S4_RSaIT0_E
FN:958,_ZSt12__relocate_aIPiS0_SaIiEET0_T_S3_S2_RT1_
FNDA:18,_ZSt12__relocate_aIPiS0_SaIiEET0_T_S3_S2_RT1_
DA:924,18
DA:927,18
DA:928,18
DA:929,8
DA:930,18
DA:958,18
DA:964,18
DA:966,18
end_of_record
SF:/usr/include/c++/9/bits/unique_ptr.h
FN:75,_ZNKSt14default_deleteINSt7__cxx1112basic_stringIcSt11char_traitsIcESaIcEEEEclEPS5_
FNDA:0,_ZNKSt14default_deleteINSt7__cxx1112basic_stringIcSt11char_traitsIcESaIcEEEEclEPS5_
FN:75,_ZNKSt14default_deleteINSt7__cxx1118basic_stringstreamIcSt11char_traitsIcESaIcEEEEclEPS5_
FNDA:0,_ZNKSt14default_deleteINSt7__cxx1118basic_stringstreamIcSt11char_traitsIcESaIcEEEEclEPS5_
FN:153,_ZNSt15__uniq_ptr_implINSt7__cxx1112basic_stringIcSt11char_traitsIcESaIcEEESt14default_deleteIS5_EE6_M_ptrEv
FNDA:11,_ZNSt15__uniq_ptr_implINSt7__cxx1112basic_stringIcSt11char_traitsIcESaIcEEESt14default_deleteIS5_EE6_M_ptrEv
FN:153,_ZNSt15__uniq_ptr_implINSt7__cxx1118basic_stringstreamIcSt11char_traitsIcESaIcEEESt14default_deleteIS5_EE6_M_ptrEv
FNDA:0,_ZNSt15__uniq_ptr_implINSt7__cxx1118basic_stringstreamIcSt11char_traitsIcESaIcEEESt14default_deleteIS5_EE6_M_ptrEv
FN:154,_ZNKSt15__uniq_ptr_implINSt7__cxx1112basic_stringIcSt11char_traitsIcESaIcEEESt14default_deleteIS5_EE6_M_ptrEv
FNDA:0,_ZNKSt15__uniq_ptr_implINSt7__cxx1112basic_stringIcSt11char_traitsIcESaIcEEESt14default_deleteIS5_EE6_M_ptrEv
FN:155,_ZNSt15__uniq_ptr_implINSt7__cxx1112basic_stringIcSt11char_traitsIcESaIcEEESt14default_deleteIS5_EE10_M_deleterEv
FNDA:0,_ZNSt15__uniq_ptr_implINSt7__cxx1112basic_stringIcSt11char_traitsIcESaIcEEESt14default_deleteIS5_EE10_M_deleterEv
FN:155,_ZNSt15__uniq_ptr_implINSt7__cxx1118basic_stringstreamIcSt11char_traitsIcESaIcEEESt14default_deleteIS5_EE10_M_deleterEv
FNDA:0,_ZNSt15__uniq_ptr_implINSt7__cxx1118basic_stringstreamIcSt11char_traitsIcESaIcEEESt14default_deleteIS5_EE10_M_deleterEv
FN:286,_ZNSt10unique_ptrINSt7__cxx1112basic_stringIcSt11char_traitsIcESaIcEEESt14default_deleteIS5_EED2Ev
FNDA:11,_ZNSt10unique_ptrINSt7__cxx1112basic_stringIcSt11char_traitsIcESaIcEEESt14default_deleteIS5_EED2Ev
FN:286,_ZNSt10unique_ptrINSt7__cxx1118basic_stringstreamIcSt11char_traitsIcESaIcEEESt14default_deleteIS5_EED2Ev
FNDA:0,_ZNSt10unique_ptrINSt7__cxx1118basic_stringstreamIcSt11char_traitsIcESaIcEEESt14default_deleteIS5_EED2Ev
FN:352,_ZNKSt10unique_ptrINSt7__cxx1112basic_stringIcSt11char_traitsIcESaIcEEESt14default_deleteIS5_EEptEv
FNDA:0,_ZNKSt10unique_ptrINSt7__cxx1112basic_stringIcSt11char_traitsIcESaIcEEESt14default_deleteIS5_EEptEv
FN:360,_ZNKSt10unique_ptrINSt7__cxx1112basic_stringIcSt11char_traitsIcESaIcEEESt14default_deleteIS5_EE3getEv
FNDA:0,_ZNKSt10unique_ptrINSt7__cxx1112basic_stringIcSt11char_traitsIcESaIcEEESt14default_deleteIS5_EE3getEv
FN:365,_ZNSt10unique_ptrINSt7__cxx1112basic_stringIcSt11char_traitsIcESaIcEEESt14default_deleteIS5_EE11get_deleterEv
FNDA:0,_ZNSt10unique_ptrINSt7__cxx1112basic_stringIcSt11char_traitsIcESaIcEEESt14default_deleteIS5_EE11get_deleterEv
FN:365,_ZNSt10unique_ptrINSt7__cxx1118basic_stringstreamIcSt11char_traitsIcESaIcEEESt14default_deleteIS5_EE11get_deleterEv
FNDA:0,_ZNSt10unique_ptrINSt7__cxx1118basic_stringstreamIcSt11char_traitsIcESaIcEEESt14default_deleteIS5_EE11get_deleterEv
DA:75,0
DA:81,0
DA:82,0
DA:75,0
DA:81,0
DA:82,0
DA:153,11
DA:153,0
DA:154,0
DA:155,0
DA:155,0
DA:286,11
DA:290,11
DA:291,11
DA:292,0
DA:293,11
DA:294,11
DA:286,0
DA:290,0
DA:291,0
DA:292,0
DA:293,0
DA:294,0
DA:352,0
DA:355,0
DA:360,0
DA:361,0
DA:365,0
DA:366,0
DA:365,0
DA:366,0
end_of_record
SF:/usr/include/gtest/gtest.h
FN:312,_ZNK7testing15AssertionResultcvbEv
FNDA:11,_ZNK7testing15AssertionResultcvbEv
FN:321,_ZNK7testing15AssertionResult7messageEv
FNDA:0,_ZNK7testing15AssertionResult7messageEv
FN:325,_ZNK7testing15AssertionResult15failure_messageEv
FNDA:0,_ZNK7testing15AssertionResult15failure_messageEv
FN:417,_ZN7testing4Test14SetUpTestSuiteEv
FNDA:0,_ZN7testing4Test14SetUpTestSuiteEv
FN:427,_ZN7testing4Test17TearDownTestSuiteEv
FNDA:0,_ZN7testing4Test17TearDownTestSuiteEv
FN:431,_ZN7testing4Test16TearDownTestCaseEv
FNDA:0,_ZN7testing4Test16TearDownTestCaseEv
FN:432,_ZN7testing4Test13SetUpTestCaseEv
FNDA:0,_ZN7testing4Test13SetUpTestCaseEv
FN:513,_ZN7testing4Test5SetupEv
FNDA:0,_ZN7testing4Test5SetupEv
FN:1504,_ZN7testing8internal18CmpHelperEQFailureImmEENS_15AssertionResultEPKcS4_RKT_RKT0_
FNDA:0,_ZN7testing8internal18CmpHelperEQFailureImmEENS_15AssertionResultEPKcS4_RKT_RKT0_
FN:1504,_ZN7testing8internal18CmpHelperEQFailureIiiEENS_15AssertionResultEPKcS4_RKT_RKT0_
FNDA:0,_ZN7testing8internal18CmpHelperEQFailureIiiEENS_15AssertionResultEPKcS4_RKT_RKT0_
FN:1523,_ZN7testing8internal11CmpHelperEQImmEENS_15AssertionResultEPKcS4_RKT_RKT0_
FNDA:3,_ZN7testing8internal11CmpHelperEQImmEENS_15AssertionResultEPKcS4_RKT_RKT0_
FN:1523,_ZN7testing8internal11CmpHelperEQIiiEENS_15AssertionResultEPKcS4_RKT_RKT0_
FNDA:8,_ZN7testing8internal11CmpHelperEQIiiEENS_15AssertionResultEPKcS4_RKT_RKT0_
FN:1551,_ZN7testing8internal8EqHelper7CompareImmLPv0EEENS_15AssertionResultEPKcS6_RKT_RKT0_
FNDA:3,_ZN7testing8internal8EqHelper7CompareImmLPv0EEENS_15AssertionResultEPKcS6_RKT_RKT0_
FN:1551,_ZN7testing8internal8EqHelper7CompareIiiLPv0EEENS_15AssertionResultEPKcS6_RKT_RKT0_
FNDA:8,_ZN7testing8internal8EqHelper7CompareIiiLPv0EEENS_15AssertionResultEPKcS6_RKT_RKT0_
FN:2472,_Z13RUN_ALL_TESTSv
FNDA:1,_Z13RUN_ALL_TESTSv
DA:312,11
DA:321,0
DA:322,0
DA:325,0
DA:417,0
DA:427,0
DA:431,0
DA:432,0
DA:513,0
DA:1504,0
DA:1511,0
DA:1504,0
DA:1511,0
DA:1523,3
DA:1527,3
DA:1528,3
DA:1531,0
DA:1523,8
DA:1527,8
DA:1528,8
DA:1531,0
DA:1551,3
DA:1554,3
DA:1551,8
DA:1554,8
DA:2472,1
DA:2473,1
end_of_record
SF:/home/svet/Documents/School/C++/containers/tests/test_run.cc
FN:6,_ZN16test_test_1_Test8TestBodyEv
FNDA:1,_ZN16test_test_1_Test8TestBodyEv
FN:6,_ZN16test_test_1_TestC2Ev
FNDA:1,_ZN16test_test_1_TestC2Ev
FN:16,main
FNDA:1,main
DA:6,1
DA:9,2
DA:10,1
DA:13,1
DA:6,1
DA:16,1
DA:17,1
DA:19,1
end_of_record
SF:/usr/include/c++/9/bits/allocator.h
FN:137,_ZNSaIiEC2Ev
FNDA:1,_ZNSaIiEC2Ev
FN:152,_ZNSaIiED2Ev
FNDA:1,_ZNSaIiED2Ev
DA:137,1
DA:152,1
end_of_record
