TN:s21_vector_a
SF:/usr/include/c++/9/bits/alloc_traits.h
FN:442,_ZNSt16allocator_traitsISaISt10_List_nodeINSt7__cxx1112basic_stringIcSt11char_traitsIcESaIcEEEEEE8allocateERS8_m
FNDA:6,_ZNSt16allocator_traitsISaISt10_List_nodeINSt7__cxx1112basic_stringIcSt11char_traitsIcESaIcEEEEEE8allocateERS8_m
FN:442,_ZNSt16allocator_traitsISaISt10_List_nodeIiEEE8allocateERS2_m
FNDA:43,_ZNSt16allocator_traitsISaISt10_List_nodeIiEEE8allocateERS2_m
FN:468,_ZNSt16allocator_traitsISaISt10_List_nodeINSt7__cxx1112basic_stringIcSt11char_traitsIcESaIcEEEEEE10deallocateERS8_PS7_m
FNDA:6,_ZNSt16allocator_traitsISaISt10_List_nodeINSt7__cxx1112basic_stringIcSt11char_traitsIcESaIcEEEEEE10deallocateERS8_PS7_m
FN:468,_ZNSt16allocator_traitsISaISt10_List_nodeIiEEE10deallocateERS2_PS1_m
FNDA:43,_ZNSt16allocator_traitsISaISt10_List_nodeIiEEE10deallocateERS2_PS1_m
FN:481,_ZNSt16allocator_traitsISaISt10_List_nodeINSt7__cxx1112basic_stringIcSt11char_traitsIcESaIcEEEEEE9constructIS6_JRKS6_EEEvRS8_PT_DpOT0_
FNDA:6,_ZNSt16allocator_traitsISaISt10_List_nodeINSt7__cxx1112basic_stringIcSt11char_traitsIcESaIcEEEEEE9constructIS6_JRKS6_EEEvRS8_PT_DpOT0_
FN:481,_ZNSt16allocator_traitsISaISt10_List_nodeIiEEE9constructIiJRKiEEEvRS2_PT_DpOT0_
FNDA:43,_ZNSt16allocator_traitsISaISt10_List_nodeIiEEE9constructIiJRKiEEEvRS2_PT_DpOT0_
FN:494,_ZNSt16allocator_traitsISaISt10_List_nodeINSt7__cxx1112basic_stringIcSt11char_traitsIcESaIcEEEEEE7destroyIS6_EEvRS8_PT_
FNDA:6,_ZNSt16allocator_traitsISaISt10_List_nodeINSt7__cxx1112basic_stringIcSt11char_traitsIcESaIcEEEEEE7destroyIS6_EEvRS8_PT_
FN:494,_ZNSt16allocator_traitsISaISt10_List_nodeIiEEE7destroyIiEEvRS2_PT_
FNDA:43,_ZNSt16allocator_traitsISaISt10_List_nodeIiEEE7destroyIiEEvRS2_PT_
FN:513,_ZNSt16allocator_traitsISaIcEE37select_on_container_copy_constructionERKS0_
FNDA:0,_ZNSt16allocator_traitsISaIcEE37select_on_container_copy_constructionERKS0_
FN:567,_ZSt18__do_alloc_on_swapISaISt10_List_nodeINSt7__cxx1112basic_stringIcSt11char_traitsIcESaIcEEEEEEvRT_SA_St17integral_constantIbLb0EE
FNDA:5,_ZSt18__do_alloc_on_swapISaISt10_List_nodeINSt7__cxx1112basic_stringIcSt11char_traitsIcESaIcEEEEEEvRT_SA_St17integral_constantIbLb0EE
FN:567,_ZSt18__do_alloc_on_swapISaISt10_List_nodeIiEEEvRT_S4_St17integral_constantIbLb0EE
FNDA:27,_ZSt18__do_alloc_on_swapISaISt10_List_nodeIiEEEvRT_S4_St17integral_constantIbLb0EE
FN:571,_ZSt15__alloc_on_swapISaISt10_List_nodeINSt7__cxx1112basic_stringIcSt11char_traitsIcESaIcEEEEEEvRT_SA_
FNDA:5,_ZSt15__alloc_on_swapISaISt10_List_nodeINSt7__cxx1112basic_stringIcSt11char_traitsIcESaIcEEEEEEvRT_SA_
FN:571,_ZSt15__alloc_on_swapISaISt10_List_nodeIiEEEvRT_S4_
FNDA:27,_ZSt15__alloc_on_swapISaISt10_List_nodeIiEEEvRT_S4_
DA:442,6
DA:443,6
DA:442,43
DA:443,43
DA:468,6
DA:469,6
DA:468,43
DA:469,43
DA:481,6
DA:483,6
DA:481,43
DA:483,43
DA:494,6
DA:496,6
DA:494,43
DA:496,43
DA:513,0
DA:514,0
DA:567,5
DA:568,5
DA:567,27
DA:568,27
DA:571,5
DA:575,5
DA:576,5
DA:571,27
DA:575,27
DA:576,27
end_of_record
SF:/home/svet/Documents/School/C++/containers/src/list/s21_list_methods.tpp
FN:5,_ZN3s214listIiE6uniqueEv
FNDA:1,_ZN3s214listIiE6uniqueEv
FN:35,_ZN3s214listIiE7reverseEv
FNDA:1,_ZN3s214listIiE7reverseEv
FN:65,_ZN3s214listINSt7__cxx1112basic_stringIcSt11char_traitsIcESaIcEEEE5clearEv
FNDA:4,_ZN3s214listINSt7__cxx1112basic_stringIcSt11char_traitsIcESaIcEEEE5clearEv
FN:65,_ZN3s214listIiE5clearEv
FNDA:31,_ZN3s214listIiE5clearEv
FN:84,_ZN3s214listIiE5mergeERS1_
FNDA:1,_ZN3s214listIiE5mergeERS1_
FN:93,_ZN3s214listIiE4swapERS1_
FNDA:3,_ZN3s214listIiE4swapERS1_
FN:93,_ZN3s214listINSt7__cxx1112basic_stringIcSt11char_traitsIcESaIcEEEE4swapERS7_
FNDA:1,_ZN3s214listINSt7__cxx1112basic_stringIcSt11char_traitsIcESaIcEEEE4swapERS7_
FN:111,_ZNK3s214listIiE4sizeEv
FNDA:9,_ZNK3s214listIiE4sizeEv
FN:116,_ZNK3s214listIiE8max_sizeEv
FNDA:2,_ZNK3s214listIiE8max_sizeEv
FN:127,_ZN3s214listINSt7__cxx1112basic_stringIcSt11char_traitsIcESaIcEEEE6insertENS7_12ListIteratorERKS6_
FNDA:12,_ZN3s214listINSt7__cxx1112basic_stringIcSt11char_traitsIcESaIcEEEE6insertENS7_12ListIteratorERKS6_
FN:127,_ZN3s214listIiE6insertENS1_12ListIteratorERKi
FNDA:162,_ZN3s214listIiE6insertENS1_12ListIteratorERKi
FN:159,_ZN3s214listIiE5eraseENS1_12ListIteratorE
FNDA:7,_ZN3s214listIiE5eraseENS1_12ListIteratorE
FN:185,_ZN3s214listIiE5beginEv
FNDA:66,_ZN3s214listIiE5beginEv
FN:185,_ZN3s214listINSt7__cxx1112basic_stringIcSt11char_traitsIcESaIcEEEE5beginEv
FNDA:3,_ZN3s214listINSt7__cxx1112basic_stringIcSt11char_traitsIcESaIcEEEE5beginEv
FN:193,_ZN3s214listINSt7__cxx1112basic_stringIcSt11char_traitsIcESaIcEEEE3endEv
FNDA:16,_ZN3s214listINSt7__cxx1112basic_stringIcSt11char_traitsIcESaIcEEEE3endEv
FN:193,_ZN3s214listIiE3endEv
FNDA:244,_ZN3s214listIiE3endEv
FN:202,_ZN3s214listINSt7__cxx1112basic_stringIcSt11char_traitsIcESaIcEEEE5frontEv
FNDA:1,_ZN3s214listINSt7__cxx1112basic_stringIcSt11char_traitsIcESaIcEEEE5frontEv
FN:207,_ZN3s214listINSt7__cxx1112basic_stringIcSt11char_traitsIcESaIcEEEE4backEv
FNDA:1,_ZN3s214listINSt7__cxx1112basic_stringIcSt11char_traitsIcESaIcEEEE4backEv
FN:213,_ZN3s214listIiE6spliceENS1_17ListConstIteratorERS1_
FNDA:1,_ZN3s214listIiE6spliceENS1_17ListConstIteratorERS1_
FN:244,_ZN3s214listIiE12emplace_backIJiiiEEEvDpOT_
FNDA:1,_ZN3s214listIiE12emplace_backIJiiiEEEvDpOT_
FN:254,_ZN3s214listIiE13emplace_frontIJiiiEEEvDpOT_
FNDA:1,_ZN3s214listIiE13emplace_frontIJiiiEEEvDpOT_
FN:264,_ZN3s214listIiE7emplaceIJiiiEEENS1_12ListIteratorES3_DpOT_
FNDA:1,_ZN3s214listIiE7emplaceIJiiiEEENS1_12ListIteratorES3_DpOT_
DA:5,1
DA:6,1
DA:7,9
DA:8,10
DA:9,10
DA:14,5
DA:15,0
DA:16,0
DA:17,0
DA:19,5
DA:20,5
DA:21,5
DA:22,5
DA:23,5
DA:26,5
DA:29,10
DA:31,1
DA:35,1
DA:36,1
DA:38,3
DA:40,4
DA:41,4
DA:42,1
DA:43,1
DA:44,1
DA:45,3
DA:46,1
DA:47,1
DA:48,1
DA:49,1
DA:51,2
DA:52,2
DA:53,2
DA:55,4
DA:56,4
DA:58,1
DA:59,1
DA:62,1
DA:65,4
DA:68,4
DA:69,12
DA:70,16
DA:71,16
DA:72,4
DA:73,4
DA:74,4
DA:76,12
DA:77,12
DA:79,4
DA:80,4
DA:65,31
DA:68,31
DA:69,150
DA:70,181
DA:71,181
DA:72,31
DA:73,31
DA:74,31
DA:76,150
DA:77,150
DA:79,31
DA:80,31
DA:84,1
DA:86,4
DA:87,3
DA:88,1
DA:89,1
DA:93,1
DA:96,1
DA:97,1
DA:98,1
DA:100,1
DA:101,1
DA:102,1
DA:104,1
DA:105,1
DA:106,1
DA:107,1
DA:93,3
DA:96,3
DA:97,3
DA:98,3
DA:100,3
DA:101,3
DA:102,3
DA:104,3
DA:105,3
DA:106,3
DA:107,3
DA:111,9
DA:112,9
DA:116,2
DA:117,2
DA:118,2
DA:127,12
DA:130,12
DA:131,0
DA:133,12
DA:134,12
DA:137,12
DA:138,12
DA:139,12
DA:141,12
DA:142,8
DA:144,12
DA:145,0
DA:146,0
DA:147,0
DA:148,0
DA:150,0
DA:151,0
DA:152,0
DA:153,0
DA:155,12
DA:156,12
DA:127,162
DA:130,162
DA:131,0
DA:133,162
DA:134,162
DA:137,162
DA:138,136
DA:139,136
DA:141,136
DA:142,102
DA:144,136
DA:145,26
DA:146,23
DA:147,23
DA:148,23
DA:150,3
DA:151,3
DA:152,3
DA:153,3
DA:155,162
DA:156,162
DA:159,7
DA:164,7
DA:165,0
DA:166,7
DA:168,5
DA:169,5
DA:170,5
DA:171,5
DA:175,2
DA:176,2
DA:177,2
DA:178,2
DA:179,2
DA:180,2
DA:182,7
DA:185,3
DA:187,3
DA:188,3
DA:189,3
DA:185,66
DA:187,66
DA:188,66
DA:189,66
DA:193,16
DA:195,16
DA:196,16
DA:197,16
DA:193,244
DA:195,244
DA:196,244
DA:197,244
DA:202,1
DA:203,1
DA:207,1
DA:209,1
DA:213,1
DA:216,1
DA:218,1
DA:222,1
DA:225,1
DA:226,1
DA:229,1
DA:230,1
DA:233,1
DA:236,1
DA:237,1
DA:238,1
DA:239,1
DA:244,1
DA:245,2
DA:246,1
DA:247,4
DA:248,3
DA:250,1
DA:254,1
DA:255,2
DA:256,1
DA:257,4
DA:258,3
DA:260,1
DA:264,1
DA:265,1
DA:266,1
DA:267,1
DA:268,4
DA:269,3
DA:270,3
DA:274,2
end_of_record
SF:/usr/include/c++/9/iostream
end_of_record
SF:/usr/include/gtest/internal/gtest-port.h
FN:957,_ZN7testing8internal8GTestLog9GetStreamEv
FNDA:0,_ZN7testing8internal8GTestLog9GetStreamEv
DA:957,0
end_of_record
SF:/usr/include/c++/9/ext/aligned_buffer.h
FN:64,_ZN9__gnu_cxx16__aligned_membufINSt7__cxx1112basic_stringIcSt11char_traitsIcESaIcEEEE7_M_addrEv
FNDA:23,_ZN9__gnu_cxx16__aligned_membufINSt7__cxx1112basic_stringIcSt11char_traitsIcESaIcEEEE7_M_addrEv
FN:64,_ZN9__gnu_cxx16__aligned_membufIiE7_M_addrEv
FNDA:268,_ZN9__gnu_cxx16__aligned_membufIiE7_M_addrEv
FN:72,_ZN9__gnu_cxx16__aligned_membufINSt7__cxx1112basic_stringIcSt11char_traitsIcESaIcEEEE6_M_ptrEv
FNDA:23,_ZN9__gnu_cxx16__aligned_membufINSt7__cxx1112basic_stringIcSt11char_traitsIcESaIcEEEE6_M_ptrEv
FN:72,_ZN9__gnu_cxx16__aligned_membufIiE6_M_ptrEv
FNDA:268,_ZN9__gnu_cxx16__aligned_membufIiE6_M_ptrEv
DA:64,23
DA:65,23
DA:64,268
DA:65,268
DA:72,23
DA:73,23
DA:72,268
DA:73,268
end_of_record
SF:/usr/include/c++/9/bits/allocator.h
FN:137,_ZNSaISt10_List_nodeINSt7__cxx1112basic_stringIcSt11char_traitsIcESaIcEEEEEC2Ev
FNDA:65,_ZNSaISt10_List_nodeINSt7__cxx1112basic_stringIcSt11char_traitsIcESaIcEEEEEC2Ev
FN:137,_ZNSaISt10_List_nodeIiEEC2Ev
FNDA:73,_ZNSaISt10_List_nodeIiEEC2Ev
FN:137,_ZNSaINSt7__cxx1112basic_stringIcSt11char_traitsIcESaIcEEEEC2Ev
FNDA:2,_ZNSaINSt7__cxx1112basic_stringIcSt11char_traitsIcESaIcEEEEC2Ev
FN:140,_ZNSaISt10_List_nodeINSt7__cxx1112basic_stringIcSt11char_traitsIcESaIcEEEEEC2ERKS7_
FNDA:2,_ZNSaISt10_List_nodeINSt7__cxx1112basic_stringIcSt11char_traitsIcESaIcEEEEEC2ERKS7_
FN:150,_ZNSaISt10_List_nodeINSt7__cxx1112basic_stringIcSt11char_traitsIcESaIcEEEEEC2IS5_EERKSaIT_E
FNDA:2,_ZNSaISt10_List_nodeINSt7__cxx1112basic_stringIcSt11char_traitsIcESaIcEEEEEC2IS5_EERKSaIT_E
FN:152,_ZNSaISt10_List_nodeINSt7__cxx1112basic_stringIcSt11char_traitsIcESaIcEEEEED2Ev
FNDA:69,_ZNSaISt10_List_nodeINSt7__cxx1112basic_stringIcSt11char_traitsIcESaIcEEEEED2Ev
FN:152,_ZNSaINSt7__cxx1112basic_stringIcSt11char_traitsIcESaIcEEEED2Ev
FNDA:2,_ZNSaINSt7__cxx1112basic_stringIcSt11char_traitsIcESaIcEEEED2Ev
FN:152,_ZNSaISt10_List_nodeIiEED2Ev
FNDA:73,_ZNSaISt10_List_nodeIiEED2Ev
FN:237,_ZNSt11__alloc_neqISaISt10_List_nodeINSt7__cxx1112basic_stringIcSt11char_traitsIcESaIcEEEEELb1EE8_S_do_itERKS8_SB_
FNDA:5,_ZNSt11__alloc_neqISaISt10_List_nodeINSt7__cxx1112basic_stringIcSt11char_traitsIcESaIcEEEEELb1EE8_S_do_itERKS8_SB_
FN:237,_ZNSt11__alloc_neqISaISt10_List_nodeIiEELb1EE8_S_do_itERKS2_S5_
FNDA:29,_ZNSt11__alloc_neqISaISt10_List_nodeIiEELb1EE8_S_do_itERKS2_S5_
DA:137,65
DA:137,73
DA:137,2
DA:140,2
DA:141,2
DA:150,2
DA:152,69
DA:152,2
DA:152,73
DA:237,5
DA:238,5
DA:237,29
DA:238,29
end_of_record
SF:/usr/include/c++/9/initializer_list
FN:71,_ZNKSt16initializer_listINSt7__cxx1112basic_stringIcSt11char_traitsIcESaIcEEEE4sizeEv
FNDA:24,_ZNKSt16initializer_listINSt7__cxx1112basic_stringIcSt11char_traitsIcESaIcEEEE4sizeEv
FN:71,_ZNKSt16initializer_listIiE4sizeEv
FNDA:0,_ZNKSt16initializer_listIiE4sizeEv
FN:75,_ZNKSt16initializer_listINSt7__cxx1112basic_stringIcSt11char_traitsIcESaIcEEEE5beginEv
FNDA:32,_ZNKSt16initializer_listINSt7__cxx1112basic_stringIcSt11char_traitsIcESaIcEEEE5beginEv
FN:75,_ZNKSt16initializer_listIiE5beginEv
FNDA:0,_ZNKSt16initializer_listIiE5beginEv
FN:79,_ZNKSt16initializer_listINSt7__cxx1112basic_stringIcSt11char_traitsIcESaIcEEEE3endEv
FNDA:24,_ZNKSt16initializer_listINSt7__cxx1112basic_stringIcSt11char_traitsIcESaIcEEEE3endEv
FN:79,_ZNKSt16initializer_listIiE3endEv
FNDA:379,_ZNKSt16initializer_listIiE3endEv
DA:71,24
DA:71,0
DA:75,32
DA:75,0
DA:79,24
DA:79,379
end_of_record
SF:/usr/include/c++/9/limits
FN:1207,_ZNSt14numeric_limitsIlE3maxEv
FNDA:0,_ZNSt14numeric_limitsIlE3maxEv
DA:1207,0
end_of_record
SF:/usr/include/gtest/gtest.h
FN:312,_ZNK7testing15AssertionResultcvbEv
FNDA:0,_ZNK7testing15AssertionResultcvbEv
FN:321,_ZNK7testing15AssertionResult7messageEv
FNDA:0,_ZNK7testing15AssertionResult7messageEv
FN:325,_ZNK7testing15AssertionResult15failure_messageEv
FNDA:0,_ZNK7testing15AssertionResult15failure_messageEv
FN:417,_ZN7testing4Test14SetUpTestSuiteEv
FNDA:0,_ZN7testing4Test14SetUpTestSuiteEv
FN:427,_ZN7testing4Test17TearDownTestSuiteEv
FNDA:0,_ZN7testing4Test17TearDownTestSuiteEv
FN:431,_ZN7testing4Test16TearDownTestCaseEv
FNDA:0,_ZN7testing4Test16TearDownTestCaseEv
FN:432,_ZN7testing4Test13SetUpTestCaseEv
FNDA:0,_ZN7testing4Test13SetUpTestCaseEv
FN:513,_ZN7testing4Test5SetupEv
FNDA:0,_ZN7testing4Test5SetupEv
FN:1504,_ZN7testing8internal18CmpHelperEQFailureIimEENS_15AssertionResultEPKcS4_RKT_RKT0_
FNDA:0,_ZN7testing8internal18CmpHelperEQFailureIimEENS_15AssertionResultEPKcS4_RKT_RKT0_
FN:1504,_ZN7testing8internal18CmpHelperEQFailureIiiEENS_15AssertionResultEPKcS4_RKT_RKT0_
FNDA:0,_ZN7testing8internal18CmpHelperEQFailureIiiEENS_15AssertionResultEPKcS4_RKT_RKT0_
FN:1504,_ZN7testing8internal18CmpHelperEQFailureINSt7__cxx1112basic_stringIcSt11char_traitsIcESaIcEEES7_EENS_15AssertionResultEPKcSA_RKT_RKT0_
FNDA:0,_ZN7testing8internal18CmpHelperEQFailureINSt7__cxx1112basic_stringIcSt11char_traitsIcESaIcEEES7_EENS_15AssertionResultEPKcSA_RKT_RKT0_
FN:1504,_ZN7testing8internal18CmpHelperEQFailureImmEENS_15AssertionResultEPKcS4_RKT_RKT0_
FNDA:0,_ZN7testing8internal18CmpHelperEQFailureImmEENS_15AssertionResultEPKcS4_RKT_RKT0_
FN:1523,_ZN7testing8internal11CmpHelperEQIiiEENS_15AssertionResultEPKcS4_RKT_RKT0_
FNDA:0,_ZN7testing8internal11CmpHelperEQIiiEENS_15AssertionResultEPKcS4_RKT_RKT0_
FN:1523,_ZN7testing8internal11CmpHelperEQINSt7__cxx1112basic_stringIcSt11char_traitsIcESaIcEEES7_EENS_15AssertionResultEPKcSA_RKT_RKT0_
FNDA:7,_ZN7testing8internal11CmpHelperEQINSt7__cxx1112basic_stringIcSt11char_traitsIcESaIcEEES7_EENS_15AssertionResultEPKcSA_RKT_RKT0_
FN:1523,_ZN7testing8internal11CmpHelperEQIimEENS_15AssertionResultEPKcS4_RKT_RKT0_
FNDA:15,_ZN7testing8internal11CmpHelperEQIimEENS_15AssertionResultEPKcS4_RKT_RKT0_
FN:1523,_ZN7testing8internal11CmpHelperEQImmEENS_15AssertionResultEPKcS4_RKT_RKT0_
FNDA:0,_ZN7testing8internal11CmpHelperEQImmEENS_15AssertionResultEPKcS4_RKT_RKT0_
FN:1551,_ZN7testing8internal8EqHelper7CompareIimLPv0EEENS_15AssertionResultEPKcS6_RKT_RKT0_
FNDA:15,_ZN7testing8internal8EqHelper7CompareIimLPv0EEENS_15AssertionResultEPKcS6_RKT_RKT0_
FN:1551,_ZN7testing8internal8EqHelper7CompareINSt7__cxx1112basic_stringIcSt11char_traitsIcESaIcEEES8_LPv0EEENS_15AssertionResultEPKcSC_RKT_RKT0_
FNDA:7,_ZN7testing8internal8EqHelper7CompareINSt7__cxx1112basic_stringIcSt11char_traitsIcESaIcEEES8_LPv0EEENS_15AssertionResultEPKcSC_RKT_RKT0_
FN:1551,_ZN7testing8internal8EqHelper7CompareIiiLPv0EEENS_15AssertionResultEPKcS6_RKT_RKT0_
FNDA:0,_ZN7testing8internal8EqHelper7CompareIiiLPv0EEENS_15AssertionResultEPKcS6_RKT_RKT0_
FN:1551,_ZN7testing8internal8EqHelper7CompareImmLPv0EEENS_15AssertionResultEPKcS6_RKT_RKT0_
FNDA:0,_ZN7testing8internal8EqHelper7CompareImmLPv0EEENS_15AssertionResultEPKcS6_RKT_RKT0_
DA:312,0
DA:321,0
DA:322,0
DA:325,0
DA:417,0
DA:427,0
DA:431,0
DA:432,0
DA:513,0
DA:1504,0
DA:1511,0
DA:1504,0
DA:1511,0
DA:1504,0
DA:1511,0
DA:1504,0
DA:1511,0
DA:1523,0
DA:1527,0
DA:1528,0
DA:1531,0
DA:1523,15
DA:1527,15
DA:1528,15
DA:1531,0
DA:1523,7
DA:1527,7
DA:1528,7
DA:1531,0
DA:1523,0
DA:1527,0
DA:1528,0
DA:1531,0
DA:1551,0
DA:1554,0
DA:1551,15
DA:1554,15
DA:1551,7
DA:1554,7
DA:1551,0
DA:1554,0
end_of_record
SF:/usr/include/c++/9/bits/stl_iterator_base_types.h
FN:205,_ZSt19__iterator_categoryIPcENSt15iterator_traitsIT_E17iterator_categoryERKS2_
FNDA:0,_ZSt19__iterator_categoryIPcENSt15iterator_traitsIT_E17iterator_categoryERKS2_
FN:205,_ZSt19__iterator_categoryIPKcENSt15iterator_traitsIT_E17iterator_categoryERKS3_
FNDA:0,_ZSt19__iterator_categoryIPKcENSt15iterator_traitsIT_E17iterator_categoryERKS3_
DA:205,0
DA:206,0
DA:205,0
DA:206,0
end_of_record
SF:/usr/include/c++/9/ext/type_traits.h
FN:152,_ZN9__gnu_cxx17__is_null_pointerIcEEbPT_
FNDA:0,_ZN9__gnu_cxx17__is_null_pointerIcEEbPT_
FN:152,_ZN9__gnu_cxx17__is_null_pointerIKcEEbPT_
FNDA:0,_ZN9__gnu_cxx17__is_null_pointerIKcEEbPT_
DA:152,0
DA:153,0
DA:152,0
DA:153,0
end_of_record
SF:/usr/include/c++/9/bits/basic_string.tcc
FN:206,_ZNSt7__cxx1112basic_stringIcSt11char_traitsIcESaIcEE12_M_constructIPcEEvT_S7_St20forward_iterator_tag
FNDA:0,_ZNSt7__cxx1112basic_stringIcSt11char_traitsIcESaIcEE12_M_constructIPcEEvT_S7_St20forward_iterator_tag
FN:206,_ZNSt7__cxx1112basic_stringIcSt11char_traitsIcESaIcEE12_M_constructIPKcEEvT_S8_St20forward_iterator_tag
FNDA:0,_ZNSt7__cxx1112basic_stringIcSt11char_traitsIcESaIcEE12_M_constructIPKcEEvT_S8_St20forward_iterator_tag
DA:206,0
DA:211,0
DA:212,0
DA:215,0
DA:217,0
DA:219,0
DA:220,0
DA:225,0
DA:226,0
DA:228,0
DA:229,0
DA:232,0
DA:233,0
DA:206,0
DA:211,0
DA:212,0
DA:215,0
DA:217,0
DA:219,0
DA:220,0
DA:225,0
DA:226,0
DA:228,0
DA:229,0
DA:232,0
DA:233,0
end_of_record
SF:/home/svet/Documents/School/C++/containers/src/list/s21_list_sort.tpp
FN:3,_ZN3s214listINSt7__cxx1112basic_stringIcSt11char_traitsIcESaIcEEEE4sortEv
FNDA:1,_ZN3s214listINSt7__cxx1112basic_stringIcSt11char_traitsIcESaIcEEEE4sortEv
FN:3,_ZN3s214listIiE4sortEv
FNDA:1,_ZN3s214listIiE4sortEv
FN:24,_ZN3s214listINSt7__cxx1112basic_stringIcSt11char_traitsIcESaIcEEEE13swap_elementsEPNS7_7ElementES9_
FNDA:1,_ZN3s214listINSt7__cxx1112basic_stringIcSt11char_traitsIcESaIcEEEE13swap_elementsEPNS7_7ElementES9_
FN:24,_ZN3s214listIiE13swap_elementsEPNS1_7ElementES3_
FNDA:105,_ZN3s214listIiE13swap_elementsEPNS1_7ElementES3_
DA:3,1
DA:5,1
DA:6,1
DA:9,4
DA:10,1
DA:11,1
DA:13,3
DA:15,4
DA:17,2
DA:18,1
DA:19,1
DA:21,1
DA:3,1
DA:5,1
DA:6,1
DA:9,210
DA:10,105
DA:11,105
DA:13,105
DA:15,210
DA:17,15
DA:18,14
DA:19,14
DA:21,1
DA:24,1
DA:26,1
DA:27,1
DA:28,1
DA:30,0
DA:31,0
DA:33,1
DA:34,1
DA:35,1
DA:36,1
DA:37,1
DA:24,105
DA:26,105
DA:27,105
DA:28,91
DA:30,14
DA:31,14
DA:33,105
DA:34,105
DA:35,105
DA:36,105
DA:37,105
end_of_record
SF:/usr/include/c++/9/bits/list.tcc
FN:66,_ZNSt7__cxx1110_List_baseINS_12basic_stringIcSt11char_traitsIcESaIcEEESaIS5_EE8_M_clearEv
FNDA:67,_ZNSt7__cxx1110_List_baseINS_12basic_stringIcSt11char_traitsIcESaIcEEESaIS5_EE8_M_clearEv
FN:66,_ZNSt7__cxx1110_List_baseIiSaIiEE8_M_clearEv
FNDA:73,_ZNSt7__cxx1110_List_baseIiSaIiEE8_M_clearEv
FN:101,_ZNSt7__cxx114listIiSaIiEE6insertESt20_List_const_iteratorIiERKi
FNDA:5,_ZNSt7__cxx114listIiSaIiEE6insertESt20_List_const_iteratorIiERKi
FN:392,_ZNSt7__cxx114listINS_12basic_stringIcSt11char_traitsIcESaIcEEESaIS5_EE5mergeEOS7_
FNDA:2,_ZNSt7__cxx114listINS_12basic_stringIcSt11char_traitsIcESaIcEEESaIS5_EE5mergeEOS7_
FN:392,_ZNSt7__cxx114listIiSaIiEE5mergeEOS2_
FNDA:14,_ZNSt7__cxx114listIiSaIiEE5mergeEOS2_
FN:486,_ZNSt7__cxx114listINS_12basic_stringIcSt11char_traitsIcESaIcEEESaIS5_EE4sortEv
FNDA:1,_ZNSt7__cxx114listINS_12basic_stringIcSt11char_traitsIcESaIcEEESaIS5_EE4sortEv
FN:486,_ZNSt7__cxx114listIiSaIiEE4sortEv
FNDA:1,_ZNSt7__cxx114listIiSaIiEE4sortEv
DA:66,67
DA:70,67
DA:71,73
DA:73,6
DA:74,6
DA:75,6
DA:77,6
DA:81,6
DA:83,67
DA:66,73
DA:70,73
DA:71,114
DA:73,41
DA:74,41
DA:75,41
DA:77,41
DA:81,41
DA:83,73
DA:101,5
DA:108,5
DA:109,5
DA:110,5
DA:111,5
DA:392,2
DA:401,2
DA:403,2
DA:405,2
DA:406,2
DA:407,2
DA:408,2
DA:409,2
DA:411,5
DA:412,3
DA:414,1
DA:415,1
DA:416,1
DA:419,2
DA:420,2
DA:421,1
DA:423,2
DA:424,2
DA:434,2
DA:392,14
DA:401,14
DA:403,14
DA:405,14
DA:406,14
DA:407,14
DA:408,14
DA:409,14
DA:411,42
DA:412,28
DA:414,28
DA:415,28
DA:416,28
DA:419,0
DA:420,14
DA:421,0
DA:423,14
DA:424,14
DA:434,14
DA:486,1
DA:490,1
DA:491,1
DA:493,2
DA:494,130
DA:495,1
DA:499,2
DA:501,3
DA:503,4
DA:504,4
DA:507,1
DA:508,1
DA:510,3
DA:511,3
DA:512,2
DA:514,3
DA:516,2
DA:517,1
DA:518,1
DA:520,0
DA:522,0
DA:523,0
DA:524,0
DA:525,0
DA:528,1
DA:486,1
DA:490,1
DA:491,1
DA:493,2
DA:494,130
DA:495,1
DA:499,14
DA:501,15
DA:503,26
DA:504,26
DA:507,11
DA:508,11
DA:510,15
DA:511,15
DA:512,4
DA:514,15
DA:516,4
DA:517,3
DA:518,1
DA:520,0
DA:522,0
DA:523,0
DA:524,0
DA:525,0
DA:528,1
end_of_record
SF:/home/svet/Documents/School/C++/containers/src/list/s21_list_class.tpp
FN:5,_ZN3s214listINSt7__cxx1112basic_stringIcSt11char_traitsIcESaIcEEEEC2Ev
FNDA:4,_ZN3s214listINSt7__cxx1112basic_stringIcSt11char_traitsIcESaIcEEEEC2Ev
FN:5,_ZN3s214listIiEC2Ev
FNDA:40,_ZN3s214listIiEC2Ev
FN:15,_ZN3s214listIiEC2ERKS1_
FNDA:7,_ZN3s214listIiEC2ERKS1_
FN:30,_ZN3s214listINSt7__cxx1112basic_stringIcSt11char_traitsIcESaIcEEEEC2ERKSt16initializer_listIS6_E
FNDA:4,_ZN3s214listINSt7__cxx1112basic_stringIcSt11char_traitsIcESaIcEEEEC2ERKSt16initializer_listIS6_E
FN:30,_ZN3s214listIiEC2ERKSt16initializer_listIiE
FNDA:10,_ZN3s214listIiEC2ERKSt16initializer_listIiE
FN:36,_ZN3s214listIiEC2Em
FNDA:1,_ZN3s214listIiEC2Em
FN:42,_ZN3s214listINSt7__cxx1112basic_stringIcSt11char_traitsIcESaIcEEEED2Ev
FNDA:4,_ZN3s214listINSt7__cxx1112basic_stringIcSt11char_traitsIcESaIcEEEED2Ev
FN:42,_ZN3s214listIiED2Ev
FNDA:40,_ZN3s214listIiED2Ev
FN:48,_ZN3s214listIiEC2EOS1_
FNDA:1,_ZN3s214listIiEC2EOS1_
FN:53,_ZN3s214listIiEaSEOS1_
FNDA:2,_ZN3s214listIiEaSEOS1_
DA:5,4
DA:6,4
DA:7,4
DA:8,4
DA:10,4
DA:11,4
DA:5,40
DA:6,40
DA:7,40
DA:8,40
DA:10,40
DA:11,40
DA:15,7
DA:20,7
DA:21,23
DA:22,16
DA:23,16
DA:25,7
DA:30,4
DA:31,16
DA:32,12
DA:33,4
DA:30,10
DA:31,60
DA:32,50
DA:33,10
DA:36,1
DA:38,6
DA:39,1
DA:42,4
DA:43,4
DA:44,4
DA:45,4
DA:42,40
DA:43,40
DA:44,40
DA:45,40
DA:48,1
DA:49,1
DA:50,1
DA:53,2
DA:55,2
DA:56,2
DA:57,2
DA:58,2
DA:60,2
end_of_record
SF:/usr/include/gtest/gtest-message.h
end_of_record
SF:/usr/include/c++/9/ext/new_allocator.h
FN:80,_ZN9__gnu_cxx13new_allocatorIcEC2Ev
FNDA:0,_ZN9__gnu_cxx13new_allocatorIcEC2Ev
FN:80,_ZN9__gnu_cxx13new_allocatorINSt7__cxx1112basic_stringIcSt11char_traitsIcESaIcEEEEC2Ev
FNDA:2,_ZN9__gnu_cxx13new_allocatorINSt7__cxx1112basic_stringIcSt11char_traitsIcESaIcEEEEC2Ev
FN:80,_ZN9__gnu_cxx13new_allocatorISt10_List_nodeIiEEC2Ev
FNDA:73,_ZN9__gnu_cxx13new_allocatorISt10_List_nodeIiEEC2Ev
FN:80,_ZN9__gnu_cxx13new_allocatorISt10_List_nodeINSt7__cxx1112basic_stringIcSt11char_traitsIcESaIcEEEEEC2Ev
FNDA:67,_ZN9__gnu_cxx13new_allocatorISt10_List_nodeINSt7__cxx1112basic_stringIcSt11char_traitsIcESaIcEEEEEC2Ev
FN:83,_ZN9__gnu_cxx13new_allocatorISt10_List_nodeINSt7__cxx1112basic_stringIcSt11char_traitsIcESaIcEEEEEC2ERKS9_
FNDA:2,_ZN9__gnu_cxx13new_allocatorISt10_List_nodeINSt7__cxx1112basic_stringIcSt11char_traitsIcESaIcEEEEEC2ERKS9_
FN:83,_ZN9__gnu_cxx13new_allocatorIcEC2ERKS1_
FNDA:0,_ZN9__gnu_cxx13new_allocatorIcEC2ERKS1_
FN:89,_ZN9__gnu_cxx13new_allocatorIcED2Ev
FNDA:0,_ZN9__gnu_cxx13new_allocatorIcED2Ev
FN:89,_ZN9__gnu_cxx13new_allocatorISt10_List_nodeIiEED2Ev
FNDA:73,_ZN9__gnu_cxx13new_allocatorISt10_List_nodeIiEED2Ev
FN:89,_ZN9__gnu_cxx13new_allocatorINSt7__cxx1112basic_stringIcSt11char_traitsIcESaIcEEEED2Ev
FNDA:2,_ZN9__gnu_cxx13new_allocatorINSt7__cxx1112basic_stringIcSt11char_traitsIcESaIcEEEED2Ev
FN:89,_ZN9__gnu_cxx13new_allocatorISt10_List_nodeINSt7__cxx1112basic_stringIcSt11char_traitsIcESaIcEEEEED2Ev
FNDA:69,_ZN9__gnu_cxx13new_allocatorISt10_List_nodeINSt7__cxx1112basic_stringIcSt11char_traitsIcESaIcEEEEED2Ev
FN:102,_ZN9__gnu_cxx13new_allocatorISt10_List_nodeINSt7__cxx1112basic_stringIcSt11char_traitsIcESaIcEEEEE8allocateEmPKv
FNDA:6,_ZN9__gnu_cxx13new_allocatorISt10_List_nodeINSt7__cxx1112basic_stringIcSt11char_traitsIcESaIcEEEEE8allocateEmPKv
FN:102,_ZN9__gnu_cxx13new_allocatorISt10_List_nodeIiEE8allocateEmPKv
FNDA:43,_ZN9__gnu_cxx13new_allocatorISt10_List_nodeIiEE8allocateEmPKv
FN:119,_ZN9__gnu_cxx13new_allocatorISt10_List_nodeIiEE10deallocateEPS2_m
FNDA:43,_ZN9__gnu_cxx13new_allocatorISt10_List_nodeIiEE10deallocateEPS2_m
FN:119,_ZN9__gnu_cxx13new_allocatorISt10_List_nodeINSt7__cxx1112basic_stringIcSt11char_traitsIcESaIcEEEEE10deallocateEPS8_m
FNDA:6,_ZN9__gnu_cxx13new_allocatorISt10_List_nodeINSt7__cxx1112basic_stringIcSt11char_traitsIcESaIcEEEEE10deallocateEPS8_m
FN:132,_ZNK9__gnu_cxx13new_allocatorISt10_List_nodeIiEE8max_sizeEv
FNDA:43,_ZNK9__gnu_cxx13new_allocatorISt10_List_nodeIiEE8max_sizeEv
FN:132,_ZNK9__gnu_cxx13new_allocatorISt10_List_nodeINSt7__cxx1112basic_stringIcSt11char_traitsIcESaIcEEEEE8max_sizeEv
FNDA:6,_ZNK9__gnu_cxx13new_allocatorISt10_List_nodeINSt7__cxx1112basic_stringIcSt11char_traitsIcESaIcEEEEE8max_sizeEv
FN:144,_ZN9__gnu_cxx13new_allocatorISt10_List_nodeIiEE9constructIiJRKiEEEvPT_DpOT0_
FNDA:43,_ZN9__gnu_cxx13new_allocatorISt10_List_nodeIiEE9constructIiJRKiEEEvPT_DpOT0_
FN:144,_ZN9__gnu_cxx13new_allocatorISt10_List_nodeINSt7__cxx1112basic_stringIcSt11char_traitsIcESaIcEEEEE9constructIS7_JRKS7_EEEvPT_DpOT0_
FNDA:6,_ZN9__gnu_cxx13new_allocatorISt10_List_nodeINSt7__cxx1112basic_stringIcSt11char_traitsIcESaIcEEEEE9constructIS7_JRKS7_EEEvPT_DpOT0_
FN:150,_ZN9__gnu_cxx13new_allocatorISt10_List_nodeIiEE7destroyIiEEvPT_
FNDA:43,_ZN9__gnu_cxx13new_allocatorISt10_List_nodeIiEE7destroyIiEEvPT_
FN:150,_ZN9__gnu_cxx13new_allocatorISt10_List_nodeINSt7__cxx1112basic_stringIcSt11char_traitsIcESaIcEEEEE7destroyIS7_EEvPT_
FNDA:6,_ZN9__gnu_cxx13new_allocatorISt10_List_nodeINSt7__cxx1112basic_stringIcSt11char_traitsIcESaIcEEEEE7destroyIS7_EEvPT_
DA:80,67
DA:80,73
DA:80,2
DA:80,0
DA:83,2
DA:83,0
DA:89,69
DA:89,2
DA:89,73
DA:89,0
DA:102,6
DA:104,6
DA:105,0
DA:114,6
DA:102,43
DA:104,43
DA:105,0
DA:114,43
DA:119,6
DA:128,6
DA:129,6
DA:119,43
DA:128,43
DA:129,43
DA:132,6
DA:135,6
DA:132,43
DA:135,43
DA:144,6
DA:146,6
DA:144,43
DA:146,43
DA:150,6
DA:152,6
DA:150,43
DA:152,43
end_of_record
SF:/usr/include/c++/9/bits/stl_iterator_base_funcs.h
FN:98,_ZSt10__distanceIPcENSt15iterator_traitsIT_E15difference_typeES2_S2_St26random_access_iterator_tag
FNDA:0,_ZSt10__distanceIPcENSt15iterator_traitsIT_E15difference_typeES2_S2_St26random_access_iterator_tag
FN:98,_ZSt10__distanceIPKcENSt15iterator_traitsIT_E15difference_typeES3_S3_St26random_access_iterator_tag
FNDA:0,_ZSt10__distanceIPKcENSt15iterator_traitsIT_E15difference_typeES3_S3_St26random_access_iterator_tag
FN:138,_ZSt8distanceIPcENSt15iterator_traitsIT_E15difference_typeES2_S2_
FNDA:0,_ZSt8distanceIPcENSt15iterator_traitsIT_E15difference_typeES2_S2_
FN:138,_ZSt8distanceIPKcENSt15iterator_traitsIT_E15difference_typeES3_S3_
FNDA:0,_ZSt8distanceIPKcENSt15iterator_traitsIT_E15difference_typeES3_S3_
DA:98,0
DA:104,0
DA:98,0
DA:104,0
DA:138,0
DA:141,0
DA:142,0
DA:138,0
DA:141,0
DA:142,0
end_of_record
SF:/home/svet/Documents/School/C++/containers/src/list/s21_list_pop_push.tpp
FN:4,_ZN3s214listIiE10push_frontERKi
FNDA:27,_ZN3s214listIiE10push_frontERKi
FN:10,_ZN3s214listINSt7__cxx1112basic_stringIcSt11char_traitsIcESaIcEEEE9push_backERKS6_
FNDA:12,_ZN3s214listINSt7__cxx1112basic_stringIcSt11char_traitsIcESaIcEEEE9push_backERKS6_
FN:10,_ZN3s214listIiE9push_backERKi
FNDA:118,_ZN3s214listIiE9push_backERKi
FN:16,_ZN3s214listIiE8pop_backEv
FNDA:3,_ZN3s214listIiE8pop_backEv
FN:23,_ZN3s214listIiE9pop_frontEv
FNDA:4,_ZN3s214listIiE9pop_frontEv
DA:4,27
DA:5,27
DA:6,27
DA:7,27
DA:10,12
DA:11,12
DA:12,12
DA:13,12
DA:10,118
DA:11,118
DA:12,118
DA:13,118
DA:16,3
DA:17,3
DA:18,3
DA:19,3
DA:20,3
DA:23,4
DA:24,4
DA:25,4
DA:26,4
end_of_record
SF:/usr/include/gtest/internal/gtest-internal.h
FN:442,_ZN7testing8internal15TestFactoryBaseD2Ev
FNDA:0,_ZN7testing8internal15TestFactoryBaseD2Ev
FN:442,_ZN7testing8internal15TestFactoryBaseD0Ev
FNDA:0,_ZN7testing8internal15TestFactoryBaseD0Ev
FN:449,_ZN7testing8internal15TestFactoryBaseC2Ev
FNDA:0,_ZN7testing8internal15TestFactoryBaseC2Ev
FN:460,_ZN7testing8internal15TestFactoryImplI15sim_Test_5_TestE10CreateTestEv
FNDA:1,_ZN7testing8internal15TestFactoryImplI15sim_Test_5_TestE10CreateTestEv
FN:460,_ZN7testing8internal15TestFactoryImplI20const_it_Test_1_TestE10CreateTestEv
FNDA:1,_ZN7testing8internal15TestFactoryImplI20const_it_Test_1_TestE10CreateTestEv
FN:460,_ZN7testing8internal15TestFactoryImplI20emplaces_Test_1_TestE10CreateTestEv
FNDA:1,_ZN7testing8internal15TestFactoryImplI20emplaces_Test_1_TestE10CreateTestEv
FN:460,_ZN7testing8internal15TestFactoryImplI23list_splice_Test_1_TestE10CreateTestEv
FNDA:1,_ZN7testing8internal15TestFactoryImplI23list_splice_Test_1_TestE10CreateTestEv
FN:460,_ZN7testing8internal15TestFactoryImplI24list_par_con_Test_1_TestE10CreateTestEv
FNDA:1,_ZN7testing8internal15TestFactoryImplI24list_par_con_Test_1_TestE10CreateTestEv
FN:460,_ZN7testing8internal15TestFactoryImplI27list_front_back_Test_1_TestE10CreateTestEv
FNDA:1,_ZN7testing8internal15TestFactoryImplI27list_front_back_Test_1_TestE10CreateTestEv
FN:460,_ZN7testing8internal15TestFactoryImplI32list_terrible_case_2_Test_5_TestE10CreateTestEv
FNDA:1,_ZN7testing8internal15TestFactoryImplI32list_terrible_case_2_Test_5_TestE10CreateTestEv
FN:460,_ZN7testing8internal15TestFactoryImplI32list_terrible_case1_Test_22_TestE10CreateTestEv
FNDA:1,_ZN7testing8internal15TestFactoryImplI32list_terrible_case1_Test_22_TestE10CreateTestEv
FN:460,_ZN7testing8internal15TestFactoryImplI23memory_test_Test_1_TestE10CreateTestEv
FNDA:1,_ZN7testing8internal15TestFactoryImplI23memory_test_Test_1_TestE10CreateTestEv
FN:460,_ZN7testing8internal15TestFactoryImplI16move_Test_1_TestE10CreateTestEv
FNDA:1,_ZN7testing8internal15TestFactoryImplI16move_Test_1_TestE10CreateTestEv
FN:460,_ZN7testing8internal15TestFactoryImplI22pop_front2_Test_1_TestE10CreateTestEv
FNDA:1,_ZN7testing8internal15TestFactoryImplI22pop_front2_Test_1_TestE10CreateTestEv
FN:460,_ZN7testing8internal15TestFactoryImplI26insert_element_Test_1_TestE10CreateTestEv
FNDA:1,_ZN7testing8internal15TestFactoryImplI26insert_element_Test_1_TestE10CreateTestEv
FN:460,_ZN7testing8internal15TestFactoryImplI22push_front_Test_1_TestE10CreateTestEv
FNDA:1,_ZN7testing8internal15TestFactoryImplI22push_front_Test_1_TestE10CreateTestEv
FN:460,_ZN7testing8internal15TestFactoryImplI21push_back_Test_1_TestE10CreateTestEv
FNDA:1,_ZN7testing8internal15TestFactoryImplI21push_back_Test_1_TestE10CreateTestEv
FN:460,_ZN7testing8internal15TestFactoryImplI22push_back2_Test_1_TestE10CreateTestEv
FNDA:1,_ZN7testing8internal15TestFactoryImplI22push_back2_Test_1_TestE10CreateTestEv
FN:460,_ZN7testing8internal15TestFactoryImplI16copy_Test_1_TestE10CreateTestEv
FNDA:1,_ZN7testing8internal15TestFactoryImplI16copy_Test_1_TestE10CreateTestEv
FN:460,_ZN7testing8internal15TestFactoryImplI16sort_Test_1_TestE10CreateTestEv
FNDA:1,_ZN7testing8internal15TestFactoryImplI16sort_Test_1_TestE10CreateTestEv
FN:460,_ZN7testing8internal15TestFactoryImplI19reverse_Test_1_TestE10CreateTestEv
FNDA:1,_ZN7testing8internal15TestFactoryImplI19reverse_Test_1_TestE10CreateTestEv
FN:460,_ZN7testing8internal15TestFactoryImplI29clear_and_company_Test_1_TestE10CreateTestEv
FNDA:1,_ZN7testing8internal15TestFactoryImplI29clear_and_company_Test_1_TestE10CreateTestEv
FN:460,_ZN7testing8internal15TestFactoryImplI20pop_back_Test_1_TestE10CreateTestEv
FNDA:1,_ZN7testing8internal15TestFactoryImplI20pop_back_Test_1_TestE10CreateTestEv
FN:460,_ZN7testing8internal15TestFactoryImplI18unique_Test_1_TestE10CreateTestEv
FNDA:1,_ZN7testing8internal15TestFactoryImplI18unique_Test_1_TestE10CreateTestEv
FN:460,_ZN7testing8internal15TestFactoryImplI17merge_Test_1_TestE10CreateTestEv
FNDA:1,_ZN7testing8internal15TestFactoryImplI17merge_Test_1_TestE10CreateTestEv
FN:460,_ZN7testing8internal15TestFactoryImplI16swap_Test_1_TestE10CreateTestEv
FNDA:1,_ZN7testing8internal15TestFactoryImplI16swap_Test_1_TestE10CreateTestEv
FN:481,_ZN7testing8internal12CodeLocationC2ERKNSt7__cxx1112basic_stringIcSt11char_traitsIcESaIcEEEi
FNDA:0,_ZN7testing8internal12CodeLocationC2ERKNSt7__cxx1112basic_stringIcSt11char_traitsIcESaIcEEEi
FN:494,_ZN7testing8internal19GetNotDefaultOrNullEPFvvES2_
FNDA:0,_ZN7testing8internal19GetNotDefaultOrNullEPFvvES2_
FN:509,_ZN7testing8internal16SuiteApiResolverINS_4TestEE19GetSetUpCaseOrSuiteEPKci
FNDA:0,_ZN7testing8internal16SuiteApiResolverINS_4TestEE19GetSetUpCaseOrSuiteEPKci
FN:524,_ZN7testing8internal16SuiteApiResolverINS_4TestEE22GetTearDownCaseOrSuiteEPKci
FNDA:0,_ZN7testing8internal16SuiteApiResolverINS_4TestEE22GetTearDownCaseOrSuiteEPKci
DA:442,0
DA:442,0
DA:449,0
DA:460,1
DA:460,1
DA:460,1
DA:460,1
DA:460,1
DA:460,1
DA:460,1
DA:460,1
DA:460,1
DA:460,1
DA:460,1
DA:460,1
DA:460,1
DA:460,1
DA:460,1
DA:460,1
DA:460,1
DA:460,1
DA:460,1
DA:460,1
DA:460,1
DA:460,1
DA:460,1
DA:481,0
DA:482,0
DA:494,0
DA:496,0
DA:509,0
DA:512,0
DA:514,0
DA:516,0
DA:519,0
DA:521,0
DA:524,0
DA:527,0
DA:529,0
DA:531,0
DA:534,0
DA:536,0
end_of_record
SF:/home/svet/Documents/School/C++/containers/src/vector/s21_vector.tpp
FN:24,_ZN3s216vectorIiEC2ERKSt16initializer_listIiE
FNDA:12,_ZN3s216vectorIiEC2ERKSt16initializer_listIiE
FN:45,_ZN3s216vectorIiED2Ev
FNDA:19,_ZN3s216vectorIiED2Ev
FN:149,_ZN3s216vectorIiE5beginEv
FNDA:12,_ZN3s216vectorIiE5beginEv
FN:154,_ZN3s216vectorIiE3endEv
FNDA:22,_ZN3s216vectorIiE3endEv
DA:24,12
DA:25,12
DA:26,12
DA:27,12
DA:28,12
DA:29,62
DA:30,50
DA:32,12
DA:45,19
DA:149,12
DA:150,12
DA:154,22
DA:155,22
end_of_record
SF:/usr/include/c++/9/new
FN:173,_ZnwmPv
FNDA:522,_ZnwmPv
FN:179,_ZdlPvS_
FNDA:0,_ZdlPvS_
DA:173,522
DA:174,522
DA:179,0
end_of_record
SF:/usr/include/c++/9/tuple
FN:113,_ZNSt10_Head_baseILm1ESt14default_deleteINSt7__cxx1118basic_stringstreamIcSt11char_traitsIcESaIcEEEELb1EE7_M_headERS8_
FNDA:0,_ZNSt10_Head_baseILm1ESt14default_deleteINSt7__cxx1118basic_stringstreamIcSt11char_traitsIcESaIcEEEELb1EE7_M_headERS8_
FN:113,_ZNSt10_Head_baseILm1ESt14default_deleteINSt7__cxx1112basic_stringIcSt11char_traitsIcESaIcEEEELb1EE7_M_headERS8_
FNDA:0,_ZNSt10_Head_baseILm1ESt14default_deleteINSt7__cxx1112basic_stringIcSt11char_traitsIcESaIcEEEELb1EE7_M_headERS8_
FN:160,_ZNSt10_Head_baseILm0EPNSt7__cxx1112basic_stringIcSt11char_traitsIcESaIcEEELb0EE7_M_headERS7_
FNDA:0,_ZNSt10_Head_baseILm0EPNSt7__cxx1112basic_stringIcSt11char_traitsIcESaIcEEELb0EE7_M_headERS7_
FN:160,_ZNSt10_Head_baseILm0EPNSt7__cxx1118basic_stringstreamIcSt11char_traitsIcESaIcEEELb0EE7_M_headERS7_
FNDA:0,_ZNSt10_Head_baseILm0EPNSt7__cxx1118basic_stringstreamIcSt11char_traitsIcESaIcEEELb0EE7_M_headERS7_
FN:163,_ZNSt10_Head_baseILm0EPNSt7__cxx1112basic_stringIcSt11char_traitsIcESaIcEEELb0EE7_M_headERKS7_
FNDA:0,_ZNSt10_Head_baseILm0EPNSt7__cxx1112basic_stringIcSt11char_traitsIcESaIcEEELb0EE7_M_headERKS7_
FN:195,_ZNSt11_Tuple_implILm0EJPNSt7__cxx1112basic_stringIcSt11char_traitsIcESaIcEEESt14default_deleteIS5_EEE7_M_headERS9_
FNDA:0,_ZNSt11_Tuple_implILm0EJPNSt7__cxx1112basic_stringIcSt11char_traitsIcESaIcEEESt14default_deleteIS5_EEE7_M_headERS9_
FN:195,_ZNSt11_Tuple_implILm0EJPNSt7__cxx1118basic_stringstreamIcSt11char_traitsIcESaIcEEESt14default_deleteIS5_EEE7_M_headERS9_
FNDA:0,_ZNSt11_Tuple_implILm0EJPNSt7__cxx1118basic_stringstreamIcSt11char_traitsIcESaIcEEESt14default_deleteIS5_EEE7_M_headERS9_
FN:198,_ZNSt11_Tuple_implILm0EJPNSt7__cxx1112basic_stringIcSt11char_traitsIcESaIcEEESt14default_deleteIS5_EEE7_M_headERKS9_
FNDA:0,_ZNSt11_Tuple_implILm0EJPNSt7__cxx1112basic_stringIcSt11char_traitsIcESaIcEEESt14default_deleteIS5_EEE7_M_headERKS9_
FN:334,_ZNSt11_Tuple_implILm1EJSt14default_deleteINSt7__cxx1112basic_stringIcSt11char_traitsIcESaIcEEEEEE7_M_headERS8_
FNDA:0,_ZNSt11_Tuple_implILm1EJSt14default_deleteINSt7__cxx1112basic_stringIcSt11char_traitsIcESaIcEEEEEE7_M_headERS8_
FN:334,_ZNSt11_Tuple_implILm1EJSt14default_deleteINSt7__cxx1118basic_stringstreamIcSt11char_traitsIcESaIcEEEEEE7_M_headERS8_
FNDA:0,_ZNSt11_Tuple_implILm1EJSt14default_deleteINSt7__cxx1118basic_stringstreamIcSt11char_traitsIcESaIcEEEEEE7_M_headERS8_
FN:1309,_ZSt12__get_helperILm1ESt14default_deleteINSt7__cxx1118basic_stringstreamIcSt11char_traitsIcESaIcEEEEJEERT0_RSt11_Tuple_implIXT_EJS8_DpT1_EE
FNDA:0,_ZSt12__get_helperILm1ESt14default_deleteINSt7__cxx1118basic_stringstreamIcSt11char_traitsIcESaIcEEEEJEERT0_RSt11_Tuple_implIXT_EJS8_DpT1_EE
FN:1309,_ZSt12__get_helperILm0EPNSt7__cxx1118basic_stringstreamIcSt11char_traitsIcESaIcEEEJSt14default_deleteIS5_EEERT0_RSt11_Tuple_implIXT_EJS9_DpT1_EE
FNDA:0,_ZSt12__get_helperILm0EPNSt7__cxx1118basic_stringstreamIcSt11char_traitsIcESaIcEEEJSt14default_deleteIS5_EEERT0_RSt11_Tuple_implIXT_EJS9_DpT1_EE
FN:1309,_ZSt12__get_helperILm0EPNSt7__cxx1112basic_stringIcSt11char_traitsIcESaIcEEEJSt14default_deleteIS5_EEERT0_RSt11_Tuple_implIXT_EJS9_DpT1_EE
FNDA:0,_ZSt12__get_helperILm0EPNSt7__cxx1112basic_stringIcSt11char_traitsIcESaIcEEEJSt14default_deleteIS5_EEERT0_RSt11_Tuple_implIXT_EJS9_DpT1_EE
FN:1309,_ZSt12__get_helperILm1ESt14default_deleteINSt7__cxx1112basic_stringIcSt11char_traitsIcESaIcEEEEJEERT0_RSt11_Tuple_implIXT_EJS8_DpT1_EE
FNDA:0,_ZSt12__get_helperILm1ESt14default_deleteINSt7__cxx1112basic_stringIcSt11char_traitsIcESaIcEEEEJEERT0_RSt11_Tuple_implIXT_EJS8_DpT1_EE
FN:1314,_ZSt12__get_helperILm0EPNSt7__cxx1112basic_stringIcSt11char_traitsIcESaIcEEEJSt14default_deleteIS5_EEERKT0_RKSt11_Tuple_implIXT_EJS9_DpT1_EE
FNDA:0,_ZSt12__get_helperILm0EPNSt7__cxx1112basic_stringIcSt11char_traitsIcESaIcEEEJSt14default_deleteIS5_EEERKT0_RKSt11_Tuple_implIXT_EJS9_DpT1_EE
FN:1320,_ZSt3getILm1EJPNSt7__cxx1112basic_stringIcSt11char_traitsIcESaIcEEESt14default_deleteIS5_EEERNSt13tuple_elementIXT_ESt5tupleIJDpT0_EEE4typeERSD_
FNDA:0,_ZSt3getILm1EJPNSt7__cxx1112basic_stringIcSt11char_traitsIcESaIcEEESt14default_deleteIS5_EEERNSt13tuple_elementIXT_ESt5tupleIJDpT0_EEE4typeERSD_
FN:1320,_ZSt3getILm1EJPNSt7__cxx1118basic_stringstreamIcSt11char_traitsIcESaIcEEESt14default_deleteIS5_EEERNSt13tuple_elementIXT_ESt5tupleIJDpT0_EEE4typeERSD_
FNDA:0,_ZSt3getILm1EJPNSt7__cxx1118basic_stringstreamIcSt11char_traitsIcESaIcEEESt14default_deleteIS5_EEERNSt13tuple_elementIXT_ESt5tupleIJDpT0_EEE4typeERSD_
FN:1320,_ZSt3getILm0EJPNSt7__cxx1112basic_stringIcSt11char_traitsIcESaIcEEESt14default_deleteIS5_EEERNSt13tuple_elementIXT_ESt5tupleIJDpT0_EEE4typeERSD_
FNDA:0,_ZSt3getILm0EJPNSt7__cxx1112basic_stringIcSt11char_traitsIcESaIcEEESt14default_deleteIS5_EEERNSt13tuple_elementIXT_ESt5tupleIJDpT0_EEE4typeERSD_
FN:1320,_ZSt3getILm0EJPNSt7__cxx1118basic_stringstreamIcSt11char_traitsIcESaIcEEESt14default_deleteIS5_EEERNSt13tuple_elementIXT_ESt5tupleIJDpT0_EEE4typeERSD_
FNDA:0,_ZSt3getILm0EJPNSt7__cxx1118basic_stringstreamIcSt11char_traitsIcESaIcEEESt14default_deleteIS5_EEERNSt13tuple_elementIXT_ESt5tupleIJDpT0_EEE4typeERSD_
FN:1326,_ZSt3getILm0EJPNSt7__cxx1112basic_stringIcSt11char_traitsIcESaIcEEESt14default_deleteIS5_EEERKNSt13tuple_elementIXT_ESt5tupleIJDpT0_EEE4typeERKSD_
FNDA:0,_ZSt3getILm0EJPNSt7__cxx1112basic_stringIcSt11char_traitsIcESaIcEEESt14default_deleteIS5_EEERKNSt13tuple_elementIXT_ESt5tupleIJDpT0_EEE4typeERKSD_
DA:113,0
DA:113,0
DA:160,0
DA:160,0
DA:163,0
DA:195,0
DA:195,0
DA:198,0
DA:334,0
DA:334,0
DA:1309,0
DA:1310,0
DA:1309,0
DA:1310,0
DA:1309,0
DA:1310,0
DA:1309,0
DA:1310,0
DA:1314,0
DA:1315,0
DA:1320,0
DA:1321,0
DA:1320,0
DA:1321,0
DA:1320,0
DA:1321,0
DA:1320,0
DA:1321,0
DA:1326,0
DA:1327,0
end_of_record
SF:/usr/include/c++/9/bits/move.h
FN:47,_ZSt11__addressofISaISt10_List_nodeINSt7__cxx1112basic_stringIcSt11char_traitsIcESaIcEEEEEEPT_RS9_
FNDA:6,_ZSt11__addressofISaISt10_List_nodeINSt7__cxx1112basic_stringIcSt11char_traitsIcESaIcEEEEEEPT_RS9_
FN:47,_ZSt11__addressofINSt7__cxx114listINS0_12basic_stringIcSt11char_traitsIcESaIcEEESaIS6_EEEEPT_RS9_
FNDA:5,_ZSt11__addressofINSt7__cxx114listINS0_12basic_stringIcSt11char_traitsIcESaIcEEESaIS6_EEEEPT_RS9_
FN:47,_ZSt11__addressofINSt7__cxx114listIiSaIiEEEEPT_RS4_
FNDA:29,_ZSt11__addressofINSt7__cxx114listIiSaIiEEEEPT_RS4_
FN:47,_ZSt11__addressofISaISt10_List_nodeIiEEEPT_RS3_
FNDA:43,_ZSt11__addressofISaISt10_List_nodeIiEEEPT_RS3_
FN:74,_ZSt7forwardIRKNSt7__cxx1112basic_stringIcSt11char_traitsIcESaIcEEEEOT_RNSt16remove_referenceIS8_E4typeE
FNDA:30,_ZSt7forwardIRKNSt7__cxx1112basic_stringIcSt11char_traitsIcESaIcEEEEOT_RNSt16remove_referenceIS8_E4typeE
FN:74,_ZSt7forwardIRKiEOT_RNSt16remove_referenceIS2_E4typeE
FNDA:855,_ZSt7forwardIRKiEOT_RNSt16remove_referenceIS2_E4typeE
FN:99,_ZSt4moveIRNSt7__cxx114listINS0_12basic_stringIcSt11char_traitsIcESaIcEEESaIS6_EEEEONSt16remove_referenceIT_E4typeEOSB_
FNDA:5,_ZSt4moveIRNSt7__cxx114listINS0_12basic_stringIcSt11char_traitsIcESaIcEEESaIS6_EEEEONSt16remove_referenceIT_E4typeEOSB_
FN:99,_ZSt4moveIRSaISt10_List_nodeINSt7__cxx1112basic_stringIcSt11char_traitsIcESaIcEEEEEEONSt16remove_referenceIT_E4typeEOSB_
FNDA:4,_ZSt4moveIRSaISt10_List_nodeINSt7__cxx1112basic_stringIcSt11char_traitsIcESaIcEEEEEEONSt16remove_referenceIT_E4typeEOSB_
FN:99,_ZSt4moveIRPN3s214listIiE7ElementEEONSt16remove_referenceIT_E4typeEOS7_
FNDA:12,_ZSt4moveIRPN3s214listIiE7ElementEEONSt16remove_referenceIT_E4typeEOS7_
FN:99,_ZSt4moveIRmEONSt16remove_referenceIT_E4typeEOS2_
FNDA:0,_ZSt4moveIRmEONSt16remove_referenceIT_E4typeEOS2_
FN:99,_ZSt4moveIRNSt7__cxx114listIiSaIiEEEEONSt16remove_referenceIT_E4typeEOS6_
FNDA:29,_ZSt4moveIRNSt7__cxx114listIiSaIiEEEEONSt16remove_referenceIT_E4typeEOS6_
FN:99,_ZSt4moveIRPNSt7__cxx1112basic_stringIcSt11char_traitsIcESaIcEEEEONSt16remove_referenceIT_E4typeEOS9_
FNDA:0,_ZSt4moveIRPNSt7__cxx1112basic_stringIcSt11char_traitsIcESaIcEEEEONSt16remove_referenceIT_E4typeEOS9_
FN:99,_ZSt4moveIRPNSt7__cxx1118basic_stringstreamIcSt11char_traitsIcESaIcEEEEONSt16remove_referenceIT_E4typeEOS9_
FNDA:0,_ZSt4moveIRPNSt7__cxx1118basic_stringstreamIcSt11char_traitsIcESaIcEEEEONSt16remove_referenceIT_E4typeEOS9_
FN:99,_ZSt4moveIRSaIcEEONSt16remove_referenceIT_E4typeEOS3_
FNDA:0,_ZSt4moveIRSaIcEEONSt16remove_referenceIT_E4typeEOS3_
FN:182,_ZSt4swapIPN3s214listIiE7ElementEENSt9enable_ifIXsrSt6__and_IJSt6__not_ISt15__is_tuple_likeIT_EESt21is_move_constructibleIS9_ESt18is_move_assignableIS9_EEE5valueEvE4typeERS9_SJ_
FNDA:4,_ZSt4swapIPN3s214listIiE7ElementEENSt9enable_ifIXsrSt6__and_IJSt6__not_ISt15__is_tuple_likeIT_EESt21is_move_constructibleIS9_ESt18is_move_assignableIS9_EEE5valueEvE4typeERS9_SJ_
FN:182,_ZSt4swapImENSt9enable_ifIXsrSt6__and_IJSt6__not_ISt15__is_tuple_likeIT_EESt21is_move_constructibleIS4_ESt18is_move_assignableIS4_EEE5valueEvE4typeERS4_SE_
FNDA:0,_ZSt4swapImENSt9enable_ifIXsrSt6__and_IJSt6__not_ISt15__is_tuple_likeIT_EESt21is_move_constructibleIS4_ESt18is_move_assignableIS4_EEE5valueEvE4typeERS4_SE_
DA:47,6
DA:48,6
DA:47,5
DA:48,5
DA:47,29
DA:48,29
DA:47,43
DA:48,43
DA:74,30
DA:75,30
DA:74,855
DA:75,855
DA:99,5
DA:100,5
DA:99,4
DA:100,4
DA:99,12
DA:100,12
DA:99,0
DA:100,0
DA:99,29
DA:100,29
DA:99,0
DA:100,0
DA:99,0
DA:100,0
DA:99,0
DA:100,0
DA:182,4
DA:193,4
DA:194,4
DA:195,4
DA:196,4
DA:182,0
DA:193,0
DA:194,0
DA:195,0
DA:196,0
end_of_record
SF:/usr/include/c++/9/bits/allocated_ptr.h
FN:52,_ZNSt15__allocated_ptrISaISt10_List_nodeINSt7__cxx1112basic_stringIcSt11char_traitsIcESaIcEEEEEEC2ERS8_PS7_
FNDA:6,_ZNSt15__allocated_ptrISaISt10_List_nodeINSt7__cxx1112basic_stringIcSt11char_traitsIcESaIcEEEEEEC2ERS8_PS7_
FN:52,_ZNSt15__allocated_ptrISaISt10_List_nodeIiEEEC2ERS2_PS1_
FNDA:43,_ZNSt15__allocated_ptrISaISt10_List_nodeIiEEEC2ERS2_PS1_
FN:70,_ZNSt15__allocated_ptrISaISt10_List_nodeINSt7__cxx1112basic_stringIcSt11char_traitsIcESaIcEEEEEED2Ev
FNDA:6,_ZNSt15__allocated_ptrISaISt10_List_nodeINSt7__cxx1112basic_stringIcSt11char_traitsIcESaIcEEEEEED2Ev
FN:70,_ZNSt15__allocated_ptrISaISt10_List_nodeIiEEED2Ev
FNDA:43,_ZNSt15__allocated_ptrISaISt10_List_nodeIiEEED2Ev
FN:78,_ZNSt15__allocated_ptrISaISt10_List_nodeINSt7__cxx1112basic_stringIcSt11char_traitsIcESaIcEEEEEEaSEDn
FNDA:6,_ZNSt15__allocated_ptrISaISt10_List_nodeINSt7__cxx1112basic_stringIcSt11char_traitsIcESaIcEEEEEEaSEDn
FN:78,_ZNSt15__allocated_ptrISaISt10_List_nodeIiEEEaSEDn
FNDA:43,_ZNSt15__allocated_ptrISaISt10_List_nodeIiEEEaSEDn
DA:52,6
DA:53,6
DA:54,6
DA:52,43
DA:53,43
DA:54,43
DA:70,6
DA:72,6
DA:73,0
DA:74,6
DA:70,43
DA:72,43
DA:73,0
DA:74,43
DA:78,6
DA:80,6
DA:81,6
DA:78,43
DA:80,43
DA:81,43
end_of_record
SF:/usr/include/gtest/gtest-printers.h
FN:260,_ZN16testing_internal26DefaultPrintNonContainerToIiEEvRKT_PSo
FNDA:0,_ZN16testing_internal26DefaultPrintNonContainerToIiEEvRKT_PSo
FN:260,_ZN16testing_internal26DefaultPrintNonContainerToImEEvRKT_PSo
FNDA:0,_ZN16testing_internal26DefaultPrintNonContainerToImEEvRKT_PSo
FN:313,_ZN7testing8internal19FormatForComparisonImmE6FormatB5cxx11ERKm
FNDA:0,_ZN7testing8internal19FormatForComparisonImmE6FormatB5cxx11ERKm
FN:313,_ZN7testing8internal19FormatForComparisonImiE6FormatB5cxx11ERKm
FNDA:0,_ZN7testing8internal19FormatForComparisonImiE6FormatB5cxx11ERKm
FN:313,_ZN7testing8internal19FormatForComparisonIimE6FormatB5cxx11ERKi
FNDA:0,_ZN7testing8internal19FormatForComparisonIimE6FormatB5cxx11ERKi
FN:313,_ZN7testing8internal19FormatForComparisonINSt7__cxx1112basic_stringIcSt11char_traitsIcESaIcEEES7_E6FormatERKS7_
FNDA:0,_ZN7testing8internal19FormatForComparisonINSt7__cxx1112basic_stringIcSt11char_traitsIcESaIcEEES7_E6FormatERKS7_
FN:313,_ZN7testing8internal19FormatForComparisonIiiE6FormatB5cxx11ERKi
FNDA:0,_ZN7testing8internal19FormatForComparisonIiiE6FormatB5cxx11ERKi
FN:377,_ZN7testing8internal33FormatForComparisonFailureMessageIiiEENSt7__cxx1112basic_stringIcSt11char_traitsIcESaIcEEERKT_RKT0_
FNDA:0,_ZN7testing8internal33FormatForComparisonFailureMessageIiiEENSt7__cxx1112basic_stringIcSt11char_traitsIcESaIcEEERKT_RKT0_
FN:377,_ZN7testing8internal33FormatForComparisonFailureMessageINSt7__cxx1112basic_stringIcSt11char_traitsIcESaIcEEES7_EES7_RKT_RKT0_
FNDA:0,_ZN7testing8internal33FormatForComparisonFailureMessageINSt7__cxx1112basic_stringIcSt11char_traitsIcESaIcEEES7_EES7_RKT_RKT0_
FN:377,_ZN7testing8internal33FormatForComparisonFailureMessageIimEENSt7__cxx1112basic_stringIcSt11char_traitsIcESaIcEEERKT_RKT0_
FNDA:0,_ZN7testing8internal33FormatForComparisonFailureMessageIimEENSt7__cxx1112basic_stringIcSt11char_traitsIcESaIcEEERKT_RKT0_
FN:377,_ZN7testing8internal33FormatForComparisonFailureMessageImiEENSt7__cxx1112basic_stringIcSt11char_traitsIcESaIcEEERKT_RKT0_
FNDA:0,_ZN7testing8internal33FormatForComparisonFailureMessageImiEENSt7__cxx1112basic_stringIcSt11char_traitsIcESaIcEEERKT_RKT0_
FN:377,_ZN7testing8internal33FormatForComparisonFailureMessageImmEENSt7__cxx1112basic_stringIcSt11char_traitsIcESaIcEEERKT_RKT0_
FNDA:0,_ZN7testing8internal33FormatForComparisonFailureMessageImmEENSt7__cxx1112basic_stringIcSt11char_traitsIcESaIcEEERKT_RKT0_
FN:466,_ZN7testing8internal14DefaultPrintToIiEEvNS0_15WrapPrinterTypeILNS0_18DefaultPrinterTypeE3EEERKT_PSo
FNDA:0,_ZN7testing8internal14DefaultPrintToIiEEvNS0_15WrapPrinterTypeILNS0_18DefaultPrinterTypeE3EEERKT_PSo
FN:466,_ZN7testing8internal14DefaultPrintToImEEvNS0_15WrapPrinterTypeILNS0_18DefaultPrinterTypeE3EEERKT_PSo
FNDA:0,_ZN7testing8internal14DefaultPrintToImEEvNS0_15WrapPrinterTypeILNS0_18DefaultPrinterTypeE3EEERKT_PSo
FN:483,_ZN7testing8internal7PrintToIiEEvRKT_PSo
FNDA:0,_ZN7testing8internal7PrintToIiEEvRKT_PSo
FN:483,_ZN7testing8internal7PrintToImEEvRKT_PSo
FNDA:0,_ZN7testing8internal7PrintToImEEvRKT_PSo
FN:594,_ZN7testing8internal7PrintToERKNSt7__cxx1112basic_stringIcSt11char_traitsIcESaIcEEEPSo
FNDA:0,_ZN7testing8internal7PrintToERKNSt7__cxx1112basic_stringIcSt11char_traitsIcESaIcEEEPSo
FN:670,_ZN7testing8internal16UniversalPrinterIiE5PrintERKiPSo
FNDA:0,_ZN7testing8internal16UniversalPrinterIiE5PrintERKiPSo
FN:670,_ZN7testing8internal16UniversalPrinterINSt7__cxx1112basic_stringIcSt11char_traitsIcESaIcEEEE5PrintERKS7_PSo
FNDA:0,_ZN7testing8internal16UniversalPrinterINSt7__cxx1112basic_stringIcSt11char_traitsIcESaIcEEEE5PrintERKS7_PSo
FN:670,_ZN7testing8internal16UniversalPrinterImE5PrintERKmPSo
FNDA:0,_ZN7testing8internal16UniversalPrinterImE5PrintERKmPSo
FN:796,_ZN7testing8internal21UniversalTersePrinterIiE5PrintERKiPSo
FNDA:0,_ZN7testing8internal21UniversalTersePrinterIiE5PrintERKiPSo
FN:796,_ZN7testing8internal21UniversalTersePrinterINSt7__cxx1112basic_stringIcSt11char_traitsIcESaIcEEEE5PrintERKS7_PSo
FNDA:0,_ZN7testing8internal21UniversalTersePrinterINSt7__cxx1112basic_stringIcSt11char_traitsIcESaIcEEEE5PrintERKS7_PSo
FN:796,_ZN7testing8internal21UniversalTersePrinterImE5PrintERKmPSo
FNDA:0,_ZN7testing8internal21UniversalTersePrinterImE5PrintERKmPSo
FN:865,_ZN7testing8internal14UniversalPrintIiEEvRKT_PSo
FNDA:0,_ZN7testing8internal14UniversalPrintIiEEvRKT_PSo
FN:865,_ZN7testing8internal14UniversalPrintImEEvRKT_PSo
FNDA:0,_ZN7testing8internal14UniversalPrintImEEvRKT_PSo
FN:865,_ZN7testing8internal14UniversalPrintINSt7__cxx1112basic_stringIcSt11char_traitsIcESaIcEEEEEvRKT_PSo
FNDA:0,_ZN7testing8internal14UniversalPrintINSt7__cxx1112basic_stringIcSt11char_traitsIcESaIcEEEEEvRKT_PSo
FN:915,_ZN7testing13PrintToStringIiEENSt7__cxx1112basic_stringIcSt11char_traitsIcESaIcEEERKT_
FNDA:0,_ZN7testing13PrintToStringIiEENSt7__cxx1112basic_stringIcSt11char_traitsIcESaIcEEERKT_
FN:915,_ZN7testing13PrintToStringINSt7__cxx1112basic_stringIcSt11char_traitsIcESaIcEEEEES6_RKT_
FNDA:0,_ZN7testing13PrintToStringINSt7__cxx1112basic_stringIcSt11char_traitsIcESaIcEEEEES6_RKT_
FN:915,_ZN7testing13PrintToStringImEENSt7__cxx1112basic_stringIcSt11char_traitsIcESaIcEEERKT_
FNDA:0,_ZN7testing13PrintToStringImEENSt7__cxx1112basic_stringIcSt11char_traitsIcESaIcEEERKT_
DA:260,0
DA:287,0
DA:288,0
DA:260,0
DA:287,0
DA:288,0
DA:313,0
DA:314,0
DA:313,0
DA:314,0
DA:313,0
DA:314,0
DA:313,0
DA:314,0
DA:313,0
DA:314,0
DA:377,0
DA:379,0
DA:377,0
DA:379,0
DA:377,0
DA:379,0
DA:377,0
DA:379,0
DA:377,0
DA:379,0
DA:466,0
DA:468,0
DA:469,0
DA:466,0
DA:468,0
DA:469,0
DA:483,0
DA:503,0
DA:514,0
DA:483,0
DA:503,0
DA:514,0
DA:594,0
DA:595,0
DA:596,0
DA:670,0
DA:679,0
DA:680,0
DA:670,0
DA:679,0
DA:680,0
DA:670,0
DA:679,0
DA:680,0
DA:796,0
DA:797,0
DA:798,0
DA:796,0
DA:797,0
DA:798,0
DA:796,0
DA:797,0
DA:798,0
DA:865,0
DA:869,0
DA:870,0
DA:865,0
DA:869,0
DA:870,0
DA:865,0
DA:869,0
DA:870,0
DA:915,0
DA:916,0
DA:917,0
DA:918,0
DA:915,0
DA:916,0
DA:917,0
DA:918,0
DA:915,0
DA:916,0
DA:917,0
DA:918,0
end_of_record
SF:/usr/include/c++/9/bits/unique_ptr.h
FN:75,_ZNKSt14default_deleteINSt7__cxx1112basic_stringIcSt11char_traitsIcESaIcEEEEclEPS5_
FNDA:0,_ZNKSt14default_deleteINSt7__cxx1112basic_stringIcSt11char_traitsIcESaIcEEEEclEPS5_
FN:75,_ZNKSt14default_deleteINSt7__cxx1118basic_stringstreamIcSt11char_traitsIcESaIcEEEEclEPS5_
FNDA:0,_ZNKSt14default_deleteINSt7__cxx1118basic_stringstreamIcSt11char_traitsIcESaIcEEEEclEPS5_
FN:153,_ZNSt15__uniq_ptr_implINSt7__cxx1112basic_stringIcSt11char_traitsIcESaIcEEESt14default_deleteIS5_EE6_M_ptrEv
FNDA:0,_ZNSt15__uniq_ptr_implINSt7__cxx1112basic_stringIcSt11char_traitsIcESaIcEEESt14default_deleteIS5_EE6_M_ptrEv
FN:153,_ZNSt15__uniq_ptr_implINSt7__cxx1118basic_stringstreamIcSt11char_traitsIcESaIcEEESt14default_deleteIS5_EE6_M_ptrEv
FNDA:0,_ZNSt15__uniq_ptr_implINSt7__cxx1118basic_stringstreamIcSt11char_traitsIcESaIcEEESt14default_deleteIS5_EE6_M_ptrEv
FN:154,_ZNKSt15__uniq_ptr_implINSt7__cxx1112basic_stringIcSt11char_traitsIcESaIcEEESt14default_deleteIS5_EE6_M_ptrEv
FNDA:0,_ZNKSt15__uniq_ptr_implINSt7__cxx1112basic_stringIcSt11char_traitsIcESaIcEEESt14default_deleteIS5_EE6_M_ptrEv
FN:155,_ZNSt15__uniq_ptr_implINSt7__cxx1112basic_stringIcSt11char_traitsIcESaIcEEESt14default_deleteIS5_EE10_M_deleterEv
FNDA:0,_ZNSt15__uniq_ptr_implINSt7__cxx1112basic_stringIcSt11char_traitsIcESaIcEEESt14default_deleteIS5_EE10_M_deleterEv
FN:155,_ZNSt15__uniq_ptr_implINSt7__cxx1118basic_stringstreamIcSt11char_traitsIcESaIcEEESt14default_deleteIS5_EE10_M_deleterEv
FNDA:0,_ZNSt15__uniq_ptr_implINSt7__cxx1118basic_stringstreamIcSt11char_traitsIcESaIcEEESt14default_deleteIS5_EE10_M_deleterEv
FN:286,_ZNSt10unique_ptrINSt7__cxx1112basic_stringIcSt11char_traitsIcESaIcEEESt14default_deleteIS5_EED2Ev
FNDA:0,_ZNSt10unique_ptrINSt7__cxx1112basic_stringIcSt11char_traitsIcESaIcEEESt14default_deleteIS5_EED2Ev
FN:286,_ZNSt10unique_ptrINSt7__cxx1118basic_stringstreamIcSt11char_traitsIcESaIcEEESt14default_deleteIS5_EED2Ev
FNDA:0,_ZNSt10unique_ptrINSt7__cxx1118basic_stringstreamIcSt11char_traitsIcESaIcEEESt14default_deleteIS5_EED2Ev
FN:352,_ZNKSt10unique_ptrINSt7__cxx1112basic_stringIcSt11char_traitsIcESaIcEEESt14default_deleteIS5_EEptEv
FNDA:0,_ZNKSt10unique_ptrINSt7__cxx1112basic_stringIcSt11char_traitsIcESaIcEEESt14default_deleteIS5_EEptEv
FN:360,_ZNKSt10unique_ptrINSt7__cxx1112basic_stringIcSt11char_traitsIcESaIcEEESt14default_deleteIS5_EE3getEv
FNDA:0,_ZNKSt10unique_ptrINSt7__cxx1112basic_stringIcSt11char_traitsIcESaIcEEESt14default_deleteIS5_EE3getEv
FN:365,_ZNSt10unique_ptrINSt7__cxx1112basic_stringIcSt11char_traitsIcESaIcEEESt14default_deleteIS5_EE11get_deleterEv
FNDA:0,_ZNSt10unique_ptrINSt7__cxx1112basic_stringIcSt11char_traitsIcESaIcEEESt14default_deleteIS5_EE11get_deleterEv
FN:365,_ZNSt10unique_ptrINSt7__cxx1118basic_stringstreamIcSt11char_traitsIcESaIcEEESt14default_deleteIS5_EE11get_deleterEv
FNDA:0,_ZNSt10unique_ptrINSt7__cxx1118basic_stringstreamIcSt11char_traitsIcESaIcEEESt14default_deleteIS5_EE11get_deleterEv
DA:75,0
DA:81,0
DA:82,0
DA:75,0
DA:81,0
DA:82,0
DA:153,0
DA:153,0
DA:154,0
DA:155,0
DA:155,0
DA:286,0
DA:290,0
DA:291,0
DA:292,0
DA:293,0
DA:294,0
DA:286,0
DA:290,0
DA:291,0
DA:292,0
DA:293,0
DA:294,0
DA:352,0
DA:355,0
DA:360,0
DA:361,0
DA:365,0
DA:366,0
DA:365,0
DA:366,0
end_of_record
SF:/usr/include/c++/9/ext/alloc_traits.h
FN:97,_ZN9__gnu_cxx14__alloc_traitsISaIcEcE17_S_select_on_copyERKS1_
FNDA:0,_ZN9__gnu_cxx14__alloc_traitsISaIcEcE17_S_select_on_copyERKS1_
FN:100,_ZN9__gnu_cxx14__alloc_traitsISaISt10_List_nodeINSt7__cxx1112basic_stringIcSt11char_traitsIcESaIcEEEEES8_E10_S_on_swapERS9_SB_
FNDA:5,_ZN9__gnu_cxx14__alloc_traitsISaISt10_List_nodeINSt7__cxx1112basic_stringIcSt11char_traitsIcESaIcEEEEES8_E10_S_on_swapERS9_SB_
FN:100,_ZN9__gnu_cxx14__alloc_traitsISaISt10_List_nodeIiEES2_E10_S_on_swapERS3_S5_
FNDA:27,_ZN9__gnu_cxx14__alloc_traitsISaISt10_List_nodeIiEES2_E10_S_on_swapERS3_S5_
DA:97,0
DA:98,0
DA:100,5
DA:101,5
DA:100,27
DA:101,27
end_of_record
SF:/home/svet/Documents/School/C++/containers/src/list/s21_list.h
FN:71,_ZN3s214listINSt7__cxx1112basic_stringIcSt11char_traitsIcESaIcEEEE12ListIterator4DataEv
FNDA:5,_ZN3s214listINSt7__cxx1112basic_stringIcSt11char_traitsIcESaIcEEEE12ListIterator4DataEv
FN:71,_ZN3s214listIiE12ListIterator4DataEv
FNDA:100,_ZN3s214listIiE12ListIterator4DataEv
FN:73,_ZN3s214listINSt7__cxx1112basic_stringIcSt11char_traitsIcESaIcEEEE12ListIteratorC2Ev
FNDA:19,_ZN3s214listINSt7__cxx1112basic_stringIcSt11char_traitsIcESaIcEEEE12ListIteratorC2Ev
FN:73,_ZN3s214listIiE12ListIteratorC2Ev
FNDA:311,_ZN3s214listIiE12ListIteratorC2Ev
FN:75,_ZN3s214listIiE12ListIteratormmEv
FNDA:12,_ZN3s214listIiE12ListIteratormmEv
FN:81,_ZN3s214listINSt7__cxx1112basic_stringIcSt11char_traitsIcESaIcEEEE12ListIteratormmEi
FNDA:12,_ZN3s214listINSt7__cxx1112basic_stringIcSt11char_traitsIcESaIcEEEE12ListIteratormmEi
FN:81,_ZN3s214listIiE12ListIteratormmEi
FNDA:165,_ZN3s214listIiE12ListIteratormmEi
FN:90,_ZN3s214listIiE12ListIteratorppEv
FNDA:1,_ZN3s214listIiE12ListIteratorppEv
FN:90,_ZN3s214listINSt7__cxx1112basic_stringIcSt11char_traitsIcESaIcEEEE12ListIteratorppEv
FNDA:1,_ZN3s214listINSt7__cxx1112basic_stringIcSt11char_traitsIcESaIcEEEE12ListIteratorppEv
FN:96,_ZN3s214listIiE12ListIteratorppEi
FNDA:92,_ZN3s214listIiE12ListIteratorppEi
FN:96,_ZN3s214listINSt7__cxx1112basic_stringIcSt11char_traitsIcESaIcEEEE12ListIteratorppEi
FNDA:3,_ZN3s214listINSt7__cxx1112basic_stringIcSt11char_traitsIcESaIcEEEE12ListIteratorppEi
FN:105,_ZN3s214listIiE12ListIteratordeEv
FNDA:100,_ZN3s214listIiE12ListIteratordeEv
FN:105,_ZN3s214listINSt7__cxx1112basic_stringIcSt11char_traitsIcESaIcEEEE12ListIteratordeEv
FNDA:5,_ZN3s214listINSt7__cxx1112basic_stringIcSt11char_traitsIcESaIcEEEE12ListIteratordeEv
FN:110,_ZNK3s214listIiE12ListIteratorneERKS2_
FNDA:104,_ZNK3s214listIiE12ListIteratorneERKS2_
FN:110,_ZNK3s214listINSt7__cxx1112basic_stringIcSt11char_traitsIcESaIcEEEE12ListIteratorneERKS8_
FNDA:4,_ZNK3s214listINSt7__cxx1112basic_stringIcSt11char_traitsIcESaIcEEEE12ListIteratorneERKS8_
FN:114,_ZNK3s214listIiE12ListIteratoreqERKS2_
FNDA:14,_ZNK3s214listIiE12ListIteratoreqERKS2_
FN:138,_ZN3s214listIiE17ListConstIteratorC2ENS1_12ListIteratorE
FNDA:1,_ZN3s214listIiE17ListConstIteratorC2ENS1_12ListIteratorE
DA:71,5
DA:71,100
DA:73,19
DA:73,311
DA:75,12
DA:77,12
DA:78,12
DA:81,12
DA:83,12
DA:84,12
DA:85,12
DA:86,12
DA:87,12
DA:81,165
DA:83,165
DA:84,165
DA:85,165
DA:86,165
DA:87,165
DA:90,1
DA:92,1
DA:93,1
DA:90,1
DA:92,1
DA:93,1
DA:96,3
DA:98,3
DA:99,3
DA:100,3
DA:101,3
DA:102,3
DA:96,92
DA:98,92
DA:99,92
DA:100,92
DA:101,92
DA:102,92
DA:105,5
DA:107,5
DA:105,100
DA:107,100
DA:110,4
DA:112,4
DA:110,104
DA:112,104
DA:114,14
DA:116,14
DA:138,1
end_of_record
SF:/home/svet/Documents/School/C++/containers/src/tests/test_list.cc
FN:9,_ZN23memory_test_Test_1_TestC2Ev
FNDA:1,_ZN23memory_test_Test_1_TestC2Ev
FN:9,_ZN23memory_test_Test_1_Test8TestBodyEv
FNDA:1,_ZN23memory_test_Test_1_Test8TestBodyEv
FN:23,_ZN26insert_element_Test_1_TestC2Ev
FNDA:1,_ZN26insert_element_Test_1_TestC2Ev
FN:23,_ZN26insert_element_Test_1_Test8TestBodyEv
FNDA:1,_ZN26insert_element_Test_1_Test8TestBodyEv
FN:44,_ZN22push_front_Test_1_TestC2Ev
FNDA:1,_ZN22push_front_Test_1_TestC2Ev
FN:44,_ZN22push_front_Test_1_Test8TestBodyEv
FNDA:1,_ZN22push_front_Test_1_Test8TestBodyEv
FN:62,_ZN21push_back_Test_1_TestC2Ev
FNDA:1,_ZN21push_back_Test_1_TestC2Ev
FN:62,_ZN21push_back_Test_1_Test8TestBodyEv
FNDA:1,_ZN21push_back_Test_1_Test8TestBodyEv
FN:80,_ZN22push_back2_Test_1_TestC2Ev
FNDA:1,_ZN22push_back2_Test_1_TestC2Ev
FN:80,_ZN22push_back2_Test_1_Test8TestBodyEv
FNDA:1,_ZN22push_back2_Test_1_Test8TestBodyEv
FN:98,_ZN22pop_front2_Test_1_TestC2Ev
FNDA:1,_ZN22pop_front2_Test_1_TestC2Ev
FN:98,_ZN22pop_front2_Test_1_Test8TestBodyEv
FNDA:1,_ZN22pop_front2_Test_1_Test8TestBodyEv
FN:111,_ZN16sort_Test_1_TestC2Ev
FNDA:1,_ZN16sort_Test_1_TestC2Ev
FN:111,_ZN16sort_Test_1_Test8TestBodyEv
FNDA:1,_ZN16sort_Test_1_Test8TestBodyEv
FN:133,_ZN19reverse_Test_1_TestC2Ev
FNDA:1,_ZN19reverse_Test_1_TestC2Ev
FN:133,_ZN19reverse_Test_1_Test8TestBodyEv
FNDA:1,_ZN19reverse_Test_1_Test8TestBodyEv
FN:150,_ZN29clear_and_company_Test_1_TestC2Ev
FNDA:1,_ZN29clear_and_company_Test_1_TestC2Ev
FN:150,_ZN29clear_and_company_Test_1_Test8TestBodyEv
FNDA:1,_ZN29clear_and_company_Test_1_Test8TestBodyEv
FN:161,_ZN20pop_back_Test_1_TestC2Ev
FNDA:1,_ZN20pop_back_Test_1_TestC2Ev
FN:161,_ZN20pop_back_Test_1_Test8TestBodyEv
FNDA:1,_ZN20pop_back_Test_1_Test8TestBodyEv
FN:179,_ZN18unique_Test_1_TestC2Ev
FNDA:1,_ZN18unique_Test_1_TestC2Ev
FN:179,_ZN18unique_Test_1_Test8TestBodyEv
FNDA:1,_ZN18unique_Test_1_Test8TestBodyEv
FN:189,_ZN17merge_Test_1_TestC2Ev
FNDA:1,_ZN17merge_Test_1_TestC2Ev
FN:189,_ZN17merge_Test_1_Test8TestBodyEv
FNDA:1,_ZN17merge_Test_1_Test8TestBodyEv
FN:200,_ZN16swap_Test_1_TestC2Ev
FNDA:1,_ZN16swap_Test_1_TestC2Ev
FN:200,_ZN16swap_Test_1_Test8TestBodyEv
FNDA:1,_ZN16swap_Test_1_Test8TestBodyEv
FN:209,_ZN16copy_Test_1_TestC2Ev
FNDA:1,_ZN16copy_Test_1_TestC2Ev
FN:209,_ZN16copy_Test_1_Test8TestBodyEv
FNDA:1,_ZN16copy_Test_1_Test8TestBodyEv
FN:218,_ZN16move_Test_1_TestC2Ev
FNDA:1,_ZN16move_Test_1_TestC2Ev
FN:218,_ZN16move_Test_1_Test8TestBodyEv
FNDA:1,_ZN16move_Test_1_Test8TestBodyEv
FN:227,_ZN15sim_Test_5_TestC2Ev
FNDA:1,_ZN15sim_Test_5_TestC2Ev
FN:227,_ZN15sim_Test_5_Test8TestBodyEv
FNDA:1,_ZN15sim_Test_5_Test8TestBodyEv
FN:237,_ZN32list_terrible_case1_Test_22_Test8TestBodyEv
FNDA:1,_ZN32list_terrible_case1_Test_22_Test8TestBodyEv
FN:237,_ZN32list_terrible_case1_Test_22_TestC2Ev
FNDA:1,_ZN32list_terrible_case1_Test_22_TestC2Ev
FN:249,_ZN32list_terrible_case_2_Test_5_TestC2Ev
FNDA:1,_ZN32list_terrible_case_2_Test_5_TestC2Ev
FN:249,_ZN32list_terrible_case_2_Test_5_Test8TestBodyEv
FNDA:1,_ZN32list_terrible_case_2_Test_5_Test8TestBodyEv
FN:265,_ZN27list_front_back_Test_1_TestC2Ev
FNDA:1,_ZN27list_front_back_Test_1_TestC2Ev
FN:265,_ZN27list_front_back_Test_1_Test8TestBodyEv
FNDA:1,_ZN27list_front_back_Test_1_Test8TestBodyEv
FN:273,_ZN24list_par_con_Test_1_TestC2Ev
FNDA:1,_ZN24list_par_con_Test_1_TestC2Ev
FN:273,_ZN24list_par_con_Test_1_Test8TestBodyEv
FNDA:1,_ZN24list_par_con_Test_1_Test8TestBodyEv
FN:279,_ZN23list_splice_Test_1_TestC2Ev
FNDA:1,_ZN23list_splice_Test_1_TestC2Ev
FN:279,_ZN23list_splice_Test_1_Test8TestBodyEv
FNDA:1,_ZN23list_splice_Test_1_Test8TestBodyEv
FN:291,_ZN20emplaces_Test_1_TestC2Ev
FNDA:1,_ZN20emplaces_Test_1_TestC2Ev
FN:291,_ZN20emplaces_Test_1_Test8TestBodyEv
FNDA:1,_ZN20emplaces_Test_1_Test8TestBodyEv
FN:310,_ZN20const_it_Test_1_Test8TestBodyEv
FNDA:1,_ZN20const_it_Test_1_Test8TestBodyEv
FN:310,_ZN20const_it_Test_1_TestC2Ev
FNDA:1,_ZN20const_it_Test_1_TestC2Ev
DA:9,1
DA:11,2
DA:13,1
DA:14,5
DA:15,4
DA:18,5
DA:21,1
DA:9,1
DA:23,1
DA:24,2
DA:25,2
DA:27,1
DA:28,1
DA:30,6
DA:31,5
DA:33,6
DA:34,5
DA:36,1
DA:37,6
DA:38,5
DA:39,5
DA:41,1
DA:23,1
DA:44,1
DA:45,2
DA:46,2
DA:48,6
DA:49,5
DA:51,6
DA:52,5
DA:55,1
DA:56,6
DA:57,5
DA:58,5
DA:60,1
DA:44,1
DA:62,1
DA:63,2
DA:64,2
DA:66,6
DA:67,5
DA:69,6
DA:70,5
DA:72,1
DA:73,6
DA:74,5
DA:75,5
DA:77,1
DA:62,1
DA:80,1
DA:81,2
DA:82,2
DA:84,6
DA:85,5
DA:87,6
DA:88,5
DA:90,1
DA:91,6
DA:92,5
DA:93,5
DA:95,1
DA:80,1
DA:98,1
DA:99,2
DA:100,2
DA:102,3
DA:103,2
DA:104,1
DA:106,4
DA:107,3
DA:108,1
DA:109,1
DA:98,1
DA:111,1
DA:112,2
DA:113,2
DA:115,16
DA:116,15
DA:118,16
DA:119,15
DA:122,1
DA:123,1
DA:125,1
DA:126,16
DA:127,15
DA:128,15
DA:131,1
DA:111,1
DA:133,1
DA:134,2
DA:135,2
DA:137,5
DA:138,4
DA:140,5
DA:141,4
DA:144,1
DA:147,1
DA:133,1
DA:150,1
DA:151,2
DA:153,1
DA:155,6
DA:156,5
DA:157,1
DA:158,1
DA:150,1
DA:161,1
DA:162,2
DA:163,2
DA:165,3
DA:166,2
DA:167,1
DA:169,3
DA:170,2
DA:171,1
DA:173,1
DA:174,2
DA:175,1
DA:176,1
DA:161,1
DA:179,1
DA:180,2
DA:181,1
DA:182,1
DA:183,7
DA:184,6
DA:186,1
DA:179,1
DA:189,1
DA:190,2
DA:191,2
DA:193,1
DA:195,1
DA:196,7
DA:197,6
DA:198,1
DA:189,1
DA:200,1
DA:201,2
DA:202,2
DA:203,1
DA:204,1
DA:205,7
DA:206,6
DA:207,1
DA:200,1
DA:209,1
DA:210,2
DA:211,2
DA:212,1
DA:213,7
DA:214,6
DA:215,1
DA:216,1
DA:209,1
DA:218,1
DA:219,2
DA:220,2
DA:221,1
DA:222,7
DA:223,6
DA:224,1
DA:218,1
DA:227,1
DA:228,2
DA:229,2
DA:230,1
DA:231,1
DA:232,0
DA:233,0
DA:235,1
DA:227,1
DA:237,1
DA:239,6
DA:240,6
DA:241,1
DA:243,2
DA:244,1
DA:245,2
DA:246,1
DA:247,1
DA:237,1
DA:249,1
DA:251,7
DA:252,6
DA:253,1
DA:254,1
DA:257,1
DA:258,4
DA:260,3
DA:261,3
DA:263,1
DA:249,1
DA:265,1
DA:267,7
DA:268,6
DA:269,1
DA:270,1
DA:271,1
DA:265,1
DA:273,1
DA:275,2
DA:276,1
DA:277,1
DA:273,1
DA:279,1
DA:281,2
DA:282,2
DA:283,1
DA:284,1
DA:285,1
DA:286,1
DA:287,7
DA:288,6
DA:289,1
DA:279,1
DA:291,1
DA:293,2
DA:294,1
DA:295,1
DA:296,1
DA:297,1
DA:298,1
DA:300,1
DA:301,1
DA:302,10
DA:303,9
DA:304,9
DA:306,1
DA:307,1
DA:291,1
DA:310,1
DA:312,2
DA:314,1
DA:315,1
DA:318,1
DA:310,1
end_of_record
SF:/usr/include/c++/9/bits/char_traits.h
FN:315,_ZNSt11char_traitsIcE7compareEPKcS2_m
FNDA:13,_ZNSt11char_traitsIcE7compareEPKcS2_m
FN:336,_ZNSt11char_traitsIcE6lengthEPKc
FNDA:0,_ZNSt11char_traitsIcE6lengthEPKc
DA:315,13
DA:317,13
DA:318,0
DA:332,13
DA:336,0
DA:342,0
end_of_record
SF:/usr/include/c++/9/bits/basic_string.h
FN:247,_ZNSt7__cxx1112basic_stringIcSt11char_traitsIcESaIcEE16_M_construct_auxIPcEEvT_S7_St12__false_type
FNDA:0,_ZNSt7__cxx1112basic_stringIcSt11char_traitsIcESaIcEE16_M_construct_auxIPcEEvT_S7_St12__false_type
FN:247,_ZNSt7__cxx1112basic_stringIcSt11char_traitsIcESaIcEE16_M_construct_auxIPKcEEvT_S8_St12__false_type
FNDA:0,_ZNSt7__cxx1112basic_stringIcSt11char_traitsIcESaIcEE16_M_construct_auxIPKcEEvT_S8_St12__false_type
FN:267,_ZNSt7__cxx1112basic_stringIcSt11char_traitsIcESaIcEE12_M_constructIPcEEvT_S7_
FNDA:0,_ZNSt7__cxx1112basic_stringIcSt11char_traitsIcESaIcEE12_M_constructIPcEEvT_S7_
FN:267,_ZNSt7__cxx1112basic_stringIcSt11char_traitsIcESaIcEE12_M_constructIPKcEEvT_S8_
FNDA:0,_ZNSt7__cxx1112basic_stringIcSt11char_traitsIcESaIcEE12_M_constructIPKcEEvT_S8_
FN:6152,_ZSteqIcEN9__gnu_cxx11__enable_ifIXsrSt9__is_charIT_E7__valueEbE6__typeERKNSt7__cxx1112basic_stringIS3_St11char_traitsIS3_ESaIS3_EEESE_
FNDA:15,_ZSteqIcEN9__gnu_cxx11__enable_ifIXsrSt9__is_charIT_E7__valueEbE6__typeERKNSt7__cxx1112basic_stringIS3_St11char_traitsIS3_ESaIS3_EEESE_
FN:6229,_ZStltIcSt11char_traitsIcESaIcEEbRKNSt7__cxx1112basic_stringIT_T0_T1_EESA_
FNDA:64,_ZStltIcSt11char_traitsIcESaIcEEbRKNSt7__cxx1112basic_stringIT_T0_T1_EESA_
FN:6267,_ZStgtIcSt11char_traitsIcESaIcEEbRKNSt7__cxx1112basic_stringIT_T0_T1_EESA_
FNDA:19,_ZStgtIcSt11char_traitsIcESaIcEEbRKNSt7__cxx1112basic_stringIT_T0_T1_EESA_
DA:247,0
DA:251,0
DA:252,0
DA:247,0
DA:251,0
DA:252,0
DA:267,0
DA:270,0
DA:271,0
DA:267,0
DA:270,0
DA:271,0
DA:6152,15
DA:6154,15
DA:6155,15
DA:6156,15
DA:6229,64
DA:6232,64
DA:6267,19
DA:6270,19
end_of_record
SF:/usr/include/c++/9/bits/stl_list.h
FN:109,_ZNSt8__detail17_List_node_headerC2Ev
FNDA:140,_ZNSt8__detail17_List_node_headerC2Ev
FN:149,_ZNSt8__detail17_List_node_header7_M_initEv
FNDA:140,_ZNSt8__detail17_List_node_header7_M_initEv
FN:170,_ZNSt10_List_nodeIiE9_M_valptrEv
FNDA:178,_ZNSt10_List_nodeIiE9_M_valptrEv
FN:170,_ZNSt10_List_nodeINSt7__cxx1112basic_stringIcSt11char_traitsIcESaIcEEEE9_M_valptrEv
FNDA:23,_ZNSt10_List_nodeINSt7__cxx1112basic_stringIcSt11char_traitsIcESaIcEEEE9_M_valptrEv
FN:200,_ZNSt14_List_iteratorIiEC2EPNSt8__detail15_List_node_baseE
FNDA:188,_ZNSt14_List_iteratorIiEC2EPNSt8__detail15_List_node_baseE
FN:200,_ZNSt14_List_iteratorINSt7__cxx1112basic_stringIcSt11char_traitsIcESaIcEEEEC2EPNSt8__detail15_List_node_baseE
FNDA:32,_ZNSt14_List_iteratorINSt7__cxx1112basic_stringIcSt11char_traitsIcESaIcEEEEC2EPNSt8__detail15_List_node_baseE
FN:209,_ZNKSt14_List_iteratorINSt7__cxx1112basic_stringIcSt11char_traitsIcESaIcEEEEdeEv
FNDA:11,_ZNKSt14_List_iteratorINSt7__cxx1112basic_stringIcSt11char_traitsIcESaIcEEEEdeEv
FN:209,_ZNKSt14_List_iteratorIiEdeEv
FNDA:92,_ZNKSt14_List_iteratorIiEdeEv
FN:217,_ZNSt14_List_iteratorINSt7__cxx1112basic_stringIcSt11char_traitsIcESaIcEEEEppEv
FNDA:6,_ZNSt14_List_iteratorINSt7__cxx1112basic_stringIcSt11char_traitsIcESaIcEEEEppEv
FN:217,_ZNSt14_List_iteratorIiEppEv
FNDA:43,_ZNSt14_List_iteratorIiEppEv
FN:224,_ZNSt14_List_iteratorINSt7__cxx1112basic_stringIcSt11char_traitsIcESaIcEEEEppEi
FNDA:3,_ZNSt14_List_iteratorINSt7__cxx1112basic_stringIcSt11char_traitsIcESaIcEEEEppEi
FN:224,_ZNSt14_List_iteratorIiEppEi
FNDA:36,_ZNSt14_List_iteratorIiEppEi
FN:232,_ZNSt14_List_iteratorINSt7__cxx1112basic_stringIcSt11char_traitsIcESaIcEEEEmmEv
FNDA:1,_ZNSt14_List_iteratorINSt7__cxx1112basic_stringIcSt11char_traitsIcESaIcEEEEmmEv
FN:251,_ZStneRKSt14_List_iteratorINSt7__cxx1112basic_stringIcSt11char_traitsIcESaIcEEEES8_
FNDA:11,_ZStneRKSt14_List_iteratorINSt7__cxx1112basic_stringIcSt11char_traitsIcESaIcEEEES8_
FN:251,_ZStneRKSt14_List_iteratorIiES2_
FNDA:98,_ZStneRKSt14_List_iteratorIiES2_
FN:284,_ZNSt20_List_const_iteratorINSt7__cxx1112basic_stringIcSt11char_traitsIcESaIcEEEEC2ERKSt14_List_iteratorIS5_E
FNDA:9,_ZNSt20_List_const_iteratorINSt7__cxx1112basic_stringIcSt11char_traitsIcESaIcEEEEC2ERKSt14_List_iteratorIS5_E
FN:284,_ZNSt20_List_const_iteratorIiEC2ERKSt14_List_iteratorIiE
FNDA:50,_ZNSt20_List_const_iteratorIiEC2ERKSt14_List_iteratorIiE
FN:288,_ZNKSt20_List_const_iteratorINSt7__cxx1112basic_stringIcSt11char_traitsIcESaIcEEEE13_M_const_castEv
FNDA:9,_ZNKSt20_List_const_iteratorINSt7__cxx1112basic_stringIcSt11char_traitsIcESaIcEEEE13_M_const_castEv
FN:288,_ZNKSt20_List_const_iteratorIiE13_M_const_castEv
FNDA:50,_ZNKSt20_List_const_iteratorIiE13_M_const_castEv
FN:331,_ZSteqRKSt20_List_const_iteratorIiES2_
FNDA:30,_ZSteqRKSt20_List_const_iteratorIiES2_
FN:331,_ZSteqRKSt20_List_const_iteratorINSt7__cxx1112basic_stringIcSt11char_traitsIcESaIcEEEES8_
FNDA:6,_ZSteqRKSt20_List_const_iteratorINSt7__cxx1112basic_stringIcSt11char_traitsIcESaIcEEEES8_
FN:375,_ZNSt7__cxx1110_List_baseIiSaIiEE10_List_implC2Ev
FNDA:73,_ZNSt7__cxx1110_List_baseIiSaIiEE10_List_implC2Ev
FN:375,_ZNSt7__cxx1110_List_baseINS_12basic_stringIcSt11char_traitsIcESaIcEEESaIS5_EE10_List_implC2Ev
FNDA:65,_ZNSt7__cxx1110_List_baseINS_12basic_stringIcSt11char_traitsIcESaIcEEESaIS5_EE10_List_implC2Ev
FN:391,_ZNSt7__cxx1110_List_baseINS_12basic_stringIcSt11char_traitsIcESaIcEEESaIS5_EE10_List_implC2EOSaISt10_List_nodeIS5_EE
FNDA:2,_ZNSt7__cxx1110_List_baseINS_12basic_stringIcSt11char_traitsIcESaIcEEESaIS5_EE10_List_implC2EOSaISt10_List_nodeIS5_EE
FN:400,_ZNKSt7__cxx1110_List_baseINS_12basic_stringIcSt11char_traitsIcESaIcEEESaIS5_EE11_M_get_sizeEv
FNDA:14,_ZNKSt7__cxx1110_List_baseINS_12basic_stringIcSt11char_traitsIcESaIcEEESaIS5_EE11_M_get_sizeEv
FN:400,_ZNKSt7__cxx1110_List_baseIiSaIiEE11_M_get_sizeEv
FNDA:82,_ZNKSt7__cxx1110_List_baseIiSaIiEE11_M_get_sizeEv
FN:402,_ZNSt7__cxx1110_List_baseINS_12basic_stringIcSt11char_traitsIcESaIcEEESaIS5_EE11_M_set_sizeEm
FNDA:12,_ZNSt7__cxx1110_List_baseINS_12basic_stringIcSt11char_traitsIcESaIcEEESaIS5_EE11_M_set_sizeEm
FN:402,_ZNSt7__cxx1110_List_baseIiSaIiEE11_M_set_sizeEm
FNDA:68,_ZNSt7__cxx1110_List_baseIiSaIiEE11_M_set_sizeEm
FN:404,_ZNSt7__cxx1110_List_baseIiSaIiEE11_M_inc_sizeEm
FNDA:72,_ZNSt7__cxx1110_List_baseIiSaIiEE11_M_inc_sizeEm
FN:404,_ZNSt7__cxx1110_List_baseINS_12basic_stringIcSt11char_traitsIcESaIcEEESaIS5_EE11_M_inc_sizeEm
FNDA:11,_ZNSt7__cxx1110_List_baseINS_12basic_stringIcSt11char_traitsIcESaIcEEESaIS5_EE11_M_inc_sizeEm
FN:406,_ZNSt7__cxx1110_List_baseINS_12basic_stringIcSt11char_traitsIcESaIcEEESaIS5_EE11_M_dec_sizeEm
FNDA:3,_ZNSt7__cxx1110_List_baseINS_12basic_stringIcSt11char_traitsIcESaIcEEESaIS5_EE11_M_dec_sizeEm
FN:406,_ZNSt7__cxx1110_List_baseIiSaIiEE11_M_dec_sizeEm
FNDA:17,_ZNSt7__cxx1110_List_baseIiSaIiEE11_M_dec_sizeEm
FN:437,_ZNSt7__cxx1110_List_baseINS_12basic_stringIcSt11char_traitsIcESaIcEEESaIS5_EE11_M_get_nodeEv
FNDA:6,_ZNSt7__cxx1110_List_baseINS_12basic_stringIcSt11char_traitsIcESaIcEEESaIS5_EE11_M_get_nodeEv
FN:437,_ZNSt7__cxx1110_List_baseIiSaIiEE11_M_get_nodeEv
FNDA:43,_ZNSt7__cxx1110_List_baseIiSaIiEE11_M_get_nodeEv
FN:441,_ZNSt7__cxx1110_List_baseIiSaIiEE11_M_put_nodeEPSt10_List_nodeIiE
FNDA:43,_ZNSt7__cxx1110_List_baseIiSaIiEE11_M_put_nodeEPSt10_List_nodeIiE
FN:441,_ZNSt7__cxx1110_List_baseINS_12basic_stringIcSt11char_traitsIcESaIcEEESaIS5_EE11_M_put_nodeEPSt10_List_nodeIS5_E
FNDA:6,_ZNSt7__cxx1110_List_baseINS_12basic_stringIcSt11char_traitsIcESaIcEEESaIS5_EE11_M_put_nodeEPSt10_List_nodeIS5_E
FN:448,_ZNSt7__cxx1110_List_baseIiSaIiEE21_M_get_Node_allocatorEv
FNDA:198,_ZNSt7__cxx1110_List_baseIiSaIiEE21_M_get_Node_allocatorEv
FN:448,_ZNSt7__cxx1110_List_baseINS_12basic_stringIcSt11char_traitsIcESaIcEEESaIS5_EE21_M_get_Node_allocatorEv
FNDA:32,_ZNSt7__cxx1110_List_baseINS_12basic_stringIcSt11char_traitsIcESaIcEEESaIS5_EE21_M_get_Node_allocatorEv
FN:456,_ZNSt7__cxx1110_List_baseINS_12basic_stringIcSt11char_traitsIcESaIcEEESaIS5_EEC2Ev
FNDA:65,_ZNSt7__cxx1110_List_baseINS_12basic_stringIcSt11char_traitsIcESaIcEEESaIS5_EEC2Ev
FN:456,_ZNSt7__cxx1110_List_baseIiSaIiEEC2Ev
FNDA:73,_ZNSt7__cxx1110_List_baseIiSaIiEEC2Ev
FN:484,_ZNSt7__cxx1110_List_baseINS_12basic_stringIcSt11char_traitsIcESaIcEEESaIS5_EEC2EOSaISt10_List_nodeIS5_EE
FNDA:2,_ZNSt7__cxx1110_List_baseINS_12basic_stringIcSt11char_traitsIcESaIcEEESaIS5_EEC2EOSaISt10_List_nodeIS5_EE
FN:494,_ZNSt7__cxx1110_List_baseINS_12basic_stringIcSt11char_traitsIcESaIcEEESaIS5_EED2Ev
FNDA:67,_ZNSt7__cxx1110_List_baseINS_12basic_stringIcSt11char_traitsIcESaIcEEESaIS5_EED2Ev
FN:494,_ZNSt7__cxx1110_List_baseIiSaIiEED2Ev
FNDA:73,_ZNSt7__cxx1110_List_baseIiSaIiEED2Ev
FN:628,_ZNSt7__cxx114listIiSaIiEE14_M_create_nodeIJRKiEEEPSt10_List_nodeIiEDpOT_
FNDA:43,_ZNSt7__cxx114listIiSaIiEE14_M_create_nodeIJRKiEEEPSt10_List_nodeIiEDpOT_
FN:628,_ZNSt7__cxx114listINS_12basic_stringIcSt11char_traitsIcESaIcEEESaIS5_EE14_M_create_nodeIJRKS5_EEEPSt10_List_nodeIS5_EDpOT_
FNDA:6,_ZNSt7__cxx114listINS_12basic_stringIcSt11char_traitsIcESaIcEEESaIS5_EE14_M_create_nodeIJRKS5_EEEPSt10_List_nodeIS5_EDpOT_
FN:647,_ZNKSt7__cxx114listINS_12basic_stringIcSt11char_traitsIcESaIcEEESaIS5_EE13_M_node_countEv
FNDA:2,_ZNKSt7__cxx114listINS_12basic_stringIcSt11char_traitsIcESaIcEEESaIS5_EE13_M_node_countEv
FN:647,_ZNKSt7__cxx114listIiSaIiEE13_M_node_countEv
FNDA:14,_ZNKSt7__cxx114listIiSaIiEE13_M_node_countEv
FN:669,_ZNSt7__cxx114listIiSaIiEEC2Ev
FNDA:73,_ZNSt7__cxx114listIiSaIiEEC2Ev
FN:669,_ZNSt7__cxx114listINS_12basic_stringIcSt11char_traitsIcESaIcEEESaIS5_EEC2Ev
FNDA:65,_ZNSt7__cxx114listINS_12basic_stringIcSt11char_traitsIcESaIcEEESaIS5_EEC2Ev
FN:754,_ZNSt7__cxx114listINS_12basic_stringIcSt11char_traitsIcESaIcEEESaIS5_EEC2ESt16initializer_listIS5_ERKS6_
FNDA:2,_ZNSt7__cxx114listINS_12basic_stringIcSt11char_traitsIcESaIcEEESaIS5_EEC2ESt16initializer_listIS5_ERKS6_
FN:823,_ZNSt7__cxx114listIiSaIiEED2Ev
FNDA:73,_ZNSt7__cxx114listIiSaIiEED2Ev
FN:823,_ZNSt7__cxx114listINS_12basic_stringIcSt11char_traitsIcESaIcEEESaIS5_EED2Ev
FNDA:67,_ZNSt7__cxx114listINS_12basic_stringIcSt11char_traitsIcESaIcEEESaIS5_EED2Ev
FN:941,_ZNSt7__cxx114listINS_12basic_stringIcSt11char_traitsIcESaIcEEESaIS5_EE5beginEv
FNDA:12,_ZNSt7__cxx114listINS_12basic_stringIcSt11char_traitsIcESaIcEEESaIS5_EE5beginEv
FN:941,_ZNSt7__cxx114listIiSaIiEE5beginEv
FNDA:89,_ZNSt7__cxx114listIiSaIiEE5beginEv
FN:959,_ZNSt7__cxx114listIiSaIiEE3endEv
FNDA:42,_ZNSt7__cxx114listIiSaIiEE3endEv
FN:959,_ZNSt7__cxx114listINS_12basic_stringIcSt11char_traitsIcESaIcEEESaIS5_EE3endEv
FNDA:11,_ZNSt7__cxx114listINS_12basic_stringIcSt11char_traitsIcESaIcEEESaIS5_EE3endEv
FN:1051,_ZNKSt7__cxx114listIiSaIiEE5emptyEv
FNDA:37,_ZNKSt7__cxx114listIiSaIiEE5emptyEv
FN:1051,_ZNKSt7__cxx114listINS_12basic_stringIcSt11char_traitsIcESaIcEEESaIS5_EE5emptyEv
FNDA:5,_ZNKSt7__cxx114listINS_12basic_stringIcSt11char_traitsIcESaIcEEESaIS5_EE5emptyEv
FN:1056,_ZNKSt7__cxx114listIiSaIiEE4sizeEv
FNDA:14,_ZNKSt7__cxx114listIiSaIiEE4sizeEv
FN:1056,_ZNKSt7__cxx114listINS_12basic_stringIcSt11char_traitsIcESaIcEEESaIS5_EE4sizeEv
FNDA:2,_ZNKSt7__cxx114listINS_12basic_stringIcSt11char_traitsIcESaIcEEESaIS5_EE4sizeEv
FN:1110,_ZNSt7__cxx114listINS_12basic_stringIcSt11char_traitsIcESaIcEEESaIS5_EE5frontEv
FNDA:1,_ZNSt7__cxx114listINS_12basic_stringIcSt11char_traitsIcESaIcEEESaIS5_EE5frontEv
FN:1126,_ZNSt7__cxx114listINS_12basic_stringIcSt11char_traitsIcESaIcEEESaIS5_EE4backEv
FNDA:1,_ZNSt7__cxx114listINS_12basic_stringIcSt11char_traitsIcESaIcEEESaIS5_EE4backEv
FN:1157,_ZNSt7__cxx114listIiSaIiEE10push_frontERKi
FNDA:24,_ZNSt7__cxx114listIiSaIiEE10push_frontERKi
FN:1207,_ZNSt7__cxx114listIiSaIiEE9push_backERKi
FNDA:14,_ZNSt7__cxx114listIiSaIiEE9push_backERKi
FN:1221,_ZNSt7__cxx114listINS_12basic_stringIcSt11char_traitsIcESaIcEEESaIS5_EE12emplace_backIJRKS5_EEEvDpOT_
FNDA:6,_ZNSt7__cxx114listINS_12basic_stringIcSt11char_traitsIcESaIcEEESaIS5_EE12emplace_backIJRKS5_EEEvDpOT_
FN:1242,_ZNSt7__cxx114listIiSaIiEE8pop_backEv
FNDA:2,_ZNSt7__cxx114listIiSaIiEE8pop_backEv
FN:1474,_ZNSt7__cxx114listINS_12basic_stringIcSt11char_traitsIcESaIcEEESaIS5_EE4swapERS7_
FNDA:5,_ZNSt7__cxx114listINS_12basic_stringIcSt11char_traitsIcESaIcEEESaIS5_EE4swapERS7_
FN:1474,_ZNSt7__cxx114listIiSaIiEE4swapERS2_
FNDA:27,_ZNSt7__cxx114listIiSaIiEE4swapERS2_
FN:1514,_ZNSt7__cxx114listINS_12basic_stringIcSt11char_traitsIcESaIcEEESaIS5_EE6spliceESt20_List_const_iteratorIS5_EOS7_
FNDA:0,_ZNSt7__cxx114listINS_12basic_stringIcSt11char_traitsIcESaIcEEESaIS5_EE6spliceESt20_List_const_iteratorIS5_EOS7_
FN:1514,_ZNSt7__cxx114listIiSaIiEE6spliceESt20_List_const_iteratorIiEOS2_
FNDA:0,_ZNSt7__cxx114listIiSaIiEE6spliceESt20_List_const_iteratorIiEOS2_
FN:1533,_ZNSt7__cxx114listIiSaIiEE6spliceESt20_List_const_iteratorIiERS2_
FNDA:0,_ZNSt7__cxx114listIiSaIiEE6spliceESt20_List_const_iteratorIiERS2_
FN:1533,_ZNSt7__cxx114listINS_12basic_stringIcSt11char_traitsIcESaIcEEESaIS5_EE6spliceESt20_List_const_iteratorIS5_ERS7_
FNDA:0,_ZNSt7__cxx114listINS_12basic_stringIcSt11char_traitsIcESaIcEEESaIS5_EE6spliceESt20_List_const_iteratorIS5_ERS7_
FN:1549,_ZNSt7__cxx114listINS_12basic_stringIcSt11char_traitsIcESaIcEEESaIS5_EE6spliceESt20_List_const_iteratorIS5_EOS7_S9_
FNDA:3,_ZNSt7__cxx114listINS_12basic_stringIcSt11char_traitsIcESaIcEEESaIS5_EE6spliceESt20_List_const_iteratorIS5_EOS7_S9_
FN:1549,_ZNSt7__cxx114listIiSaIiEE6spliceESt20_List_const_iteratorIiEOS2_S4_
FNDA:15,_ZNSt7__cxx114listIiSaIiEE6spliceESt20_List_const_iteratorIiEOS2_S4_
FN:1591,_ZNSt7__cxx114listIiSaIiEE6spliceESt20_List_const_iteratorIiERS2_S4_
FNDA:15,_ZNSt7__cxx114listIiSaIiEE6spliceESt20_List_const_iteratorIiERS2_S4_
FN:1591,_ZNSt7__cxx114listINS_12basic_stringIcSt11char_traitsIcESaIcEEESaIS5_EE6spliceESt20_List_const_iteratorIS5_ERS7_S9_
FNDA:3,_ZNSt7__cxx114listINS_12basic_stringIcSt11char_traitsIcESaIcEEESaIS5_EE6spliceESt20_List_const_iteratorIS5_ERS7_S9_
FN:1753,_ZNSt7__cxx114listINS_12basic_stringIcSt11char_traitsIcESaIcEEESaIS5_EE5mergeERS7_
FNDA:2,_ZNSt7__cxx114listINS_12basic_stringIcSt11char_traitsIcESaIcEEESaIS5_EE5mergeERS7_
FN:1753,_ZNSt7__cxx114listIiSaIiEE5mergeERS2_
FNDA:14,_ZNSt7__cxx114listIiSaIiEE5mergeERS2_
FN:1831,_ZNSt7__cxx114listINS_12basic_stringIcSt11char_traitsIcESaIcEEESaIS5_EE22_M_initialize_dispatchIPKS5_EEvT_SB_St12__false_type
FNDA:2,_ZNSt7__cxx114listINS_12basic_stringIcSt11char_traitsIcESaIcEEESaIS5_EE22_M_initialize_dispatchIPKS5_EEvT_SB_St12__false_type
FN:1890,_ZNSt7__cxx114listIiSaIiEE11_M_transferESt14_List_iteratorIiES4_S4_
FNDA:43,_ZNSt7__cxx114listIiSaIiEE11_M_transferESt14_List_iteratorIiES4_S4_
FN:1890,_ZNSt7__cxx114listINS_12basic_stringIcSt11char_traitsIcESaIcEEESaIS5_EE11_M_transferESt14_List_iteratorIS5_ES9_S9_
FNDA:5,_ZNSt7__cxx114listINS_12basic_stringIcSt11char_traitsIcESaIcEEESaIS5_EE11_M_transferESt14_List_iteratorIS5_ES9_S9_
FN:1905,_ZNSt7__cxx114listINS_12basic_stringIcSt11char_traitsIcESaIcEEESaIS5_EE9_M_insertIJRKS5_EEEvSt14_List_iteratorIS5_EDpOT_
FNDA:6,_ZNSt7__cxx114listINS_12basic_stringIcSt11char_traitsIcESaIcEEESaIS5_EE9_M_insertIJRKS5_EEEvSt14_List_iteratorIS5_EDpOT_
FN:1905,_ZNSt7__cxx114listIiSaIiEE9_M_insertIJRKiEEEvSt14_List_iteratorIiEDpOT_
FNDA:38,_ZNSt7__cxx114listIiSaIiEE9_M_insertIJRKiEEEvSt14_List_iteratorIiEDpOT_
FN:1915,_ZNSt7__cxx114listIiSaIiEE8_M_eraseESt14_List_iteratorIiE
FNDA:2,_ZNSt7__cxx114listIiSaIiEE8_M_eraseESt14_List_iteratorIiE
FN:1931,_ZNSt7__cxx114listINS_12basic_stringIcSt11char_traitsIcESaIcEEESaIS5_EE25_M_check_equal_allocatorsERS7_
FNDA:5,_ZNSt7__cxx114listINS_12basic_stringIcSt11char_traitsIcESaIcEEESaIS5_EE25_M_check_equal_allocatorsERS7_
FN:1931,_ZNSt7__cxx114listIiSaIiEE25_M_check_equal_allocatorsERS2_
FNDA:29,_ZNSt7__cxx114listIiSaIiEE25_M_check_equal_allocatorsERS2_
DA:109,140
DA:110,140
DA:149,140
DA:151,140
DA:153,140
DA:155,140
DA:170,23
DA:170,178
DA:200,32
DA:201,32
DA:200,188
DA:201,188
DA:209,11
DA:210,11
DA:209,92
DA:210,92
DA:217,6
DA:219,6
DA:220,6
DA:217,43
DA:219,43
DA:220,43
DA:224,3
DA:226,3
DA:227,3
DA:228,3
DA:224,36
DA:226,36
DA:227,36
DA:228,36
DA:232,1
DA:234,1
DA:235,1
DA:251,11
DA:252,11
DA:251,98
DA:252,98
DA:284,9
DA:285,9
DA:284,50
DA:285,50
DA:288,9
DA:289,9
DA:288,50
DA:289,50
DA:331,6
DA:332,6
DA:331,30
DA:332,30
DA:375,65
DA:377,65
DA:378,65
DA:375,73
DA:377,73
DA:378,73
DA:391,2
DA:392,2
DA:393,2
DA:400,14
DA:400,82
DA:402,12
DA:402,68
DA:404,11
DA:404,72
DA:406,3
DA:406,17
DA:437,6
DA:438,6
DA:437,43
DA:438,43
DA:441,6
DA:442,6
DA:441,43
DA:442,43
DA:448,32
DA:449,32
DA:448,198
DA:449,198
DA:456,65
DA:456,73
DA:484,2
DA:485,2
DA:486,2
DA:494,67
DA:495,67
DA:494,73
DA:495,73
DA:628,6
DA:630,6
DA:631,6
DA:632,6
DA:633,6
DA:635,6
DA:636,12
DA:628,43
DA:630,43
DA:631,43
DA:632,43
DA:633,43
DA:635,43
DA:636,86
DA:647,2
DA:648,2
DA:647,14
DA:648,14
DA:669,65
DA:669,73
DA:754,2
DA:756,2
DA:757,2
DA:823,67
DA:823,73
DA:941,12
DA:942,12
DA:941,89
DA:942,89
DA:959,11
DA:960,11
DA:959,42
DA:960,42
DA:1051,5
DA:1052,5
DA:1051,37
DA:1052,37
DA:1056,2
DA:1057,2
DA:1056,14
DA:1057,14
DA:1110,1
DA:1111,1
DA:1126,1
DA:1128,1
DA:1129,1
DA:1130,1
DA:1157,24
DA:1158,24
DA:1207,14
DA:1208,14
DA:1221,6
DA:1223,6
DA:1227,6
DA:1242,2
DA:1243,2
DA:1474,5
DA:1476,5
DA:1479,5
DA:1480,5
DA:1481,5
DA:1483,5
DA:1485,5
DA:1474,27
DA:1476,27
DA:1479,27
DA:1480,27
DA:1481,27
DA:1483,27
DA:1485,27
DA:1514,0
DA:1519,0
DA:1521,0
DA:1523,0
DA:1526,0
DA:1527,0
DA:1529,0
DA:1514,0
DA:1519,0
DA:1521,0
DA:1523,0
DA:1526,0
DA:1527,0
DA:1529,0
DA:1533,0
DA:1534,0
DA:1533,0
DA:1534,0
DA:1549,3
DA:1564,3
DA:1565,3
DA:1566,3
DA:1567,0
DA:1569,3
DA:1570,3
DA:1572,3
DA:1575,3
DA:1576,3
DA:1549,15
DA:1564,15
DA:1565,15
DA:1566,15
DA:1567,0
DA:1569,15
DA:1570,15
DA:1572,15
DA:1575,15
DA:1576,15
DA:1591,3
DA:1592,3
DA:1591,15
DA:1592,15
DA:1753,2
DA:1754,2
DA:1753,14
DA:1754,14
DA:1831,8
DA:1834,8
DA:1836,6
DA:1840,2
DA:1890,5
DA:1891,5
DA:1890,43
DA:1891,43
DA:1905,6
DA:1907,6
DA:1908,6
DA:1909,6
DA:1910,6
DA:1905,38
DA:1907,38
DA:1908,38
DA:1909,38
DA:1910,38
DA:1915,2
DA:1917,2
DA:1918,2
DA:1919,2
DA:1921,2
DA:1926,2
DA:1927,2
DA:1931,5
DA:1933,5
DA:1934,5
DA:1935,0
DA:1936,5
DA:1931,29
DA:1933,29
DA:1934,29
DA:1935,0
DA:1936,29
end_of_record
TN:s21_vector_a
SF:/usr/include/gtest/gtest-printers.h
FN:260,_ZN16testing_internal26DefaultPrintNonContainerToIiEEvRKT_PSo
FNDA:0,_ZN16testing_internal26DefaultPrintNonContainerToIiEEvRKT_PSo
FN:260,_ZN16testing_internal26DefaultPrintNonContainerToImEEvRKT_PSo
FNDA:0,_ZN16testing_internal26DefaultPrintNonContainerToImEEvRKT_PSo
FN:313,_ZN7testing8internal19FormatForComparisonImiE6FormatB5cxx11ERKm
FNDA:0,_ZN7testing8internal19FormatForComparisonImiE6FormatB5cxx11ERKm
FN:313,_ZN7testing8internal19FormatForComparisonIimE6FormatB5cxx11ERKi
FNDA:0,_ZN7testing8internal19FormatForComparisonIimE6FormatB5cxx11ERKi
FN:313,_ZN7testing8internal19FormatForComparisonIbiE6FormatB5cxx11ERKb
[...]
FN:280,_ZSt12__niter_baseIPiET_S1_
FNDA:0,_ZSt12__niter_baseIPiET_S1_
FN:295,_ZSt12__niter_wrapIPiET_RKS1_S1_
FNDA:0,_ZSt12__niter_wrapIPiET_RKS1_S1_
FN:375,_ZNSt11__copy_moveILb1ELb1ESt26random_access_iterator_tagE8__copy_mIiEEPT_PKS3_S6_S4_
FNDA:1,_ZNSt11__copy_moveILb1ELb1ESt26random_access_iterator_tagE8__copy_mIiEEPT_PKS3_S6_S4_
FN:393,_ZSt13__copy_move_aILb1EPiS0_ET1_T0_S2_S1_
FNDA:1,_ZSt13__copy_move_aILb1EPiS0_ET1_T0_S2_S1_
FN:438,_ZSt14__copy_move_a2ILb1EN9__gnu_cxx17__normal_iteratorIPiSt6vectorIiSaIiEEEES2_ET1_T0_S8_S7_
FNDA:1,_ZSt14__copy_move_a2ILb1EN9__gnu_cxx17__normal_iteratorIPiSt6vectorIiSaIiEEEES2_ET1_T0_S8_S7_
FN:438,_ZSt14__copy_move_a2ILb1EPiS0_ET1_T0_S2_S1_
FNDA:0,_ZSt14__copy_move_a2ILb1EPiS0_ET1_T0_S2_S1_
FN:465,_ZSt4copyISt13move_iteratorIN9__gnu_cxx17__normal_iteratorIPiSt6vectorIiSaIiEEEEES3_ET0_T_SA_S9_
FNDA:1,_ZSt4copyISt13move_iteratorIN9__gnu_cxx17__normal_iteratorIPiSt6vectorIiSaIiEEEEES3_ET0_T_SA_S9_
FN:465,_ZSt4copyISt13move_iteratorIPiES1_ET0_T_S4_S3_
FNDA:0,_ZSt4copyISt13move_iteratorIPiES1_ET0_T_S4_S3_
FN:767,_ZSt10__fill_n_aIPimiEN9__gnu_cxx11__enable_ifIXsrSt11__is_scalarIT1_E7__valueET_E6__typeES6_T0_RKS4_
FNDA:2,_ZSt10__fill_n_aIPimiEN9__gnu_cxx11__enable_ifIXsrSt11__is_scalarIT1_E7__valueET_E6__typeES6_T0_RKS4_
FN:802,_ZSt6fill_nIPimiET_S1_T0_RKT1_
FNDA:2,_ZSt6fill_nIPimiET_S1_T0_RKT1_
DA:198,0
DA:203,0
DA:204,0
DA:205,0
DA:222,0
DA:227,0
DA:228,0
DA:229,0
DA:280,0
DA:282,0
DA:295,0
DA:296,0
DA:375,1
DA:384,1
DA:385,1
DA:386,1
DA:387,1
DA:393,1
DA:398,1
DA:404,1
DA:438,1
DA:440,1
DA:443,1
DA:438,0
DA:440,0
DA:443,0
DA:465,1
DA:474,1
DA:465,0
DA:474,0
DA:767,2
DA:769,2
DA:770,2
DA:771,11
DA:772,9
DA:773,2
DA:802,2
DA:808,2
DA:809,2
end_of_record
SF:/usr/include/c++/9/bits/stl_vector.h
FN:94,_ZNSt12_Vector_baseIiSaIiEE17_Vector_impl_dataC2Ev
FNDA:0,_ZNSt12_Vector_baseIiSaIiEE17_Vector_impl_dataC2Ev
FN:106,_ZNSt12_Vector_baseIiSaIiEE17_Vector_impl_data12_M_copy_dataERKS2_
FNDA:3,_ZNSt12_Vector_baseIiSaIiEE17_Vector_impl_data12_M_copy_dataERKS2_
FN:114,_ZNSt12_Vector_baseIiSaIiEE17_Vector_impl_data12_M_swap_dataERS2_
FNDA:1,_ZNSt12_Vector_baseIiSaIiEE17_Vector_impl_data12_M_swap_dataERS2_
FN:128,_ZNSt12_Vector_baseIiSaIiEE12_Vector_implC2Ev
FNDA:1,_ZNSt12_Vector_baseIiSaIiEE12_Vector_implC2Ev
FN:133,_ZNSt12_Vector_baseIiSaIiEE12_Vector_implC2ERKS0_
FNDA:0,_ZNSt12_Vector_baseIiSaIiEE12_Vector_implC2ERKS0_
FN:273,_ZNSt12_Vector_baseIiSaIiEE19_M_get_Tp_allocatorEv
FNDA:0,_ZNSt12_Vector_baseIiSaIiEE19_M_get_Tp_allocatorEv
FN:277,_ZNKSt12_Vector_baseIiSaIiEE19_M_get_Tp_allocatorEv
FNDA:172,_ZNKSt12_Vector_baseIiSaIiEE19_M_get_Tp_allocatorEv
FN:281,_ZNKSt12_Vector_baseIiSaIiEE13get_allocatorEv
FNDA:1,_ZNKSt12_Vector_baseIiSaIiEE13get_allocatorEv
FN:285,_ZNSt12_Vector_baseIiSaIiEEC2Ev
FNDA:1,_ZNSt12_Vector_baseIiSaIiEEC2Ev
FN:290,_ZNSt12_Vector_baseIiSaIiEEC2ERKS0_
FNDA:0,_ZNSt12_Vector_baseIiSaIiEEC2ERKS0_
FN:300,_ZNSt12_Vector_baseIiSaIiEEC2EmRKS0_
FNDA:2,_ZNSt12_Vector_baseIiSaIiEEC2EmRKS0_
FN:330,_ZNSt12_Vector_baseIiSaIiEED2Ev
FNDA:0,_ZNSt12_Vector_baseIiSaIiEED2Ev
FN:340,_ZNSt12_Vector_baseIiSaIiEE11_M_allocateEm
FNDA:0,_ZNSt12_Vector_baseIiSaIiEE11_M_allocateEm
FN:347,_ZNSt12_Vector_baseIiSaIiEE13_M_deallocateEPim
FNDA:0,_ZNSt12_Vector_baseIiSaIiEE13_M_deallocateEPim
FN:356,_ZNSt12_Vector_baseIiSaIiEE17_M_create_storageEm
FNDA:2,_ZNSt12_Vector_baseIiSaIiEE17_M_create_storageEm
FN:428,_ZNSt6vectorIiSaIiEE19_S_nothrow_relocateESt17integral_constantIbLb1EE
FNDA:170,_ZNSt6vectorIiSaIiEE19_S_nothrow_relocateESt17integral_constantIbLb1EE
FN:441,_ZNSt6vectorIiSaIiEE15_S_use_relocateEv
FNDA:170,_ZNSt6vectorIiSaIiEE15_S_use_relocateEv
FN:450,_ZNSt6vectorIiSaIiEE14_S_do_relocateEPiS2_S2_RS0_St17integral_constantIbLb1EE
FNDA:170,_ZNSt6vectorIiSaIiEE14_S_do_relocateEPiS2_S2_RS0_St17integral_constantIbLb1EE
FN:462,_ZNSt6vectorIiSaIiEE11_S_relocateEPiS2_S2_RS0_
FNDA:170,_ZNSt6vectorIiSaIiEE11_S_relocateEPiS2_S2_RS0_
FN:484,_ZNSt6vectorIiSaIiEEC2Ev
FNDA:1,_ZNSt6vectorIiSaIiEEC2Ev
FN:507,_ZNSt6vectorIiSaIiEEC2EmRKS0_
FNDA:2,_ZNSt6vectorIiSaIiEEC2EmRKS0_
FN:650,_ZNSt6vectorIiSaIiEEC2ISt13move_iteratorIN9__gnu_cxx17__normal_iteratorIPiS1_EEEvEET_S9_RKS0_
FNDA:1,_ZNSt6vectorIiSaIiEEC2ISt13move_iteratorIN9__gnu_cxx17__normal_iteratorIPiS1_EEEvEET_S9_RKS0_
FN:675,_ZNSt6vectorIiSaIiEED2Ev
FNDA:0,_ZNSt6vectorIiSaIiEED2Ev
FN:808,_ZNSt6vectorIiSaIiEE5beginEv
FNDA:0,_ZNSt6vectorIiSaIiEE5beginEv
FN:817,_ZNKSt6vectorIiSaIiEE5beginEv
FNDA:2,_ZNKSt6vectorIiSaIiEE5beginEv
FN:826,_ZNSt6vectorIiSaIiEE3endEv
FNDA:0,_ZNSt6vectorIiSaIiEE3endEv
FN:835,_ZNKSt6vectorIiSaIiEE3endEv
FNDA:2,_ZNKSt6vectorIiSaIiEE3endEv
FN:915,_ZNKSt6vectorIiSaIiEE4sizeEv
FNDA:344,_ZNKSt6vectorIiSaIiEE4sizeEv
FN:920,_ZNKSt6vectorIiSaIiEE8max_sizeEv
FNDA:171,_ZNKSt6vectorIiSaIiEE8max_sizeEv
FN:986,_ZNSt6vectorIiSaIiEE13shrink_to_fitEv
FNDA:1,_ZNSt6vectorIiSaIiEE13shrink_to_fitEv
FN:995,_ZNKSt6vectorIiSaIiEE8capacityEv
FNDA:3,_ZNKSt6vectorIiSaIiEE8capacityEv
FN:1004,_ZNKSt6vectorIiSaIiEE5emptyEv
FNDA:2,_ZNKSt6vectorIiSaIiEE5emptyEv
FN:1040,_ZNSt6vectorIiSaIiEEixEm
FNDA:2,_ZNSt6vectorIiSaIiEEixEm
FN:1067,_ZNKSt6vectorIiSaIiEE14_M_range_checkEm
FNDA:1,_ZNKSt6vectorIiSaIiEE14_M_range_checkEm
FN:1089,_ZNSt6vectorIiSaIiEE2atEm
FNDA:1,_ZNSt6vectorIiSaIiEE2atEm
FN:1184,_ZNSt6vectorIiSaIiEE9push_backERKi
FNDA:180,_ZNSt6vectorIiSaIiEE9push_backERKi
FN:1200,_ZNSt6vectorIiSaIiEE9push_backEOi
FNDA:1,_ZNSt6vectorIiSaIiEE9push_backEOi
FN:1222,_ZNSt6vectorIiSaIiEE8pop_backEv
FNDA:1,_ZNSt6vectorIiSaIiEE8pop_backEv
FN:1477,_ZNSt6vectorIiSaIiEE4swapERS1_
FNDA:1,_ZNSt6vectorIiSaIiEE4swapERS1_
FN:1495,_ZNSt6vectorIiSaIiEE5clearEv
FNDA:1,_ZNSt6vectorIiSaIiEE5clearEv
FN:1574,_ZNSt6vectorIiSaIiEE19_M_range_initializeISt13move_iteratorIN9__gnu_cxx17__normal_iteratorIPiS1_EEEEEvT_S9_St20forward_iterator_tag
FNDA:1,_ZNSt6vectorIiSaIiEE19_M_range_initializeISt13move_iteratorIN9__gnu_cxx17__normal_iteratorIPiS1_EEEEEvT_S9_St20forward_iterator_tag
FN:1600,_ZNSt6vectorIiSaIiEE21_M_default_initializeEm
FNDA:2,_ZNSt6vectorIiSaIiEE21_M_default_initializeEm
FN:1753,_ZNKSt6vectorIiSaIiEE12_M_check_lenEmPKc
FNDA:85,_ZNKSt6vectorIiSaIiEE12_M_check_lenEmPKc
FN:1764,_ZNSt6vectorIiSaIiEE17_S_check_init_lenEmRKS0_
FNDA:0,_ZNSt6vectorIiSaIiEE17_S_check_init_lenEmRKS0_
FN:1773,_ZNSt6vectorIiSaIiEE11_S_max_sizeERKS0_
FNDA:0,_ZNSt6vectorIiSaIiEE11_S_max_sizeERKS0_
FN:1789,_ZNSt6vectorIiSaIiEE15_M_erase_at_endEPi
FNDA:1,_ZNSt6vectorIiSaIiEE15_M_erase_at_endEPi
DA:94,0
DA:95,0
DA:96,0
DA:106,3
DA:108,3
DA:109,3
DA:110,3
DA:111,3
DA:114,1
DA:118,1
DA:119,1
DA:120,1
DA:121,1
DA:122,1
DA:128,1
DA:130,1
DA:131,1
DA:133,0
DA:134,0
DA:135,0
DA:273,0
DA:274,0
DA:277,172
DA:278,172
DA:281,1
DA:282,1
DA:285,1
DA:290,0
DA:291,0
DA:300,2
DA:301,2
DA:302,2
DA:330,0
DA:332,0
DA:333,0
DA:334,0
DA:340,0
DA:343,0
DA:347,0
DA:350,0
DA:351,0
DA:352,0
DA:356,2
DA:358,2
DA:359,2
DA:360,2
DA:361,2
DA:428,170
DA:433,170
DA:441,170
DA:446,170
DA:450,170
DA:453,170
DA:462,170
DA:466,170
DA:484,1
DA:507,2
DA:508,2
DA:509,2
DA:650,1
DA:652,1
DA:654,1
DA:655,1
DA:656,1
DA:675,0
DA:677,0
DA:678,0
DA:680,0
DA:808,0
DA:809,0
DA:817,2
DA:818,2
DA:826,0
DA:827,0
DA:835,2
DA:836,2
DA:915,344
DA:916,344
DA:920,171
DA:921,171
DA:986,1
DA:987,1
DA:995,3
DA:996,3
DA:997,3
DA:1004,2
DA:1005,2
DA:1040,2
DA:1043,2
DA:1067,1
DA:1069,1
DA:1070,0
DA:1074,1
DA:1089,1
DA:1091,1
DA:1092,1
DA:1184,180
DA:1186,180
DA:1189,167
DA:1191,167
DA:1195,13
DA:1196,180
DA:1200,1
DA:1201,1
DA:1222,1
DA:1225,1
DA:1226,1
DA:1228,1
DA:1477,1
DA:1483,1
DA:1484,1
DA:1486,1
DA:1495,1
DA:1496,1
DA:1574,1
DA:1577,1
DA:1578,1
DA:1579,1
DA:1580,1
DA:1581,1
DA:1582,1
DA:1584,1
DA:1585,1
DA:1600,2
DA:1602,2
DA:1603,2
DA:1604,2
DA:1605,2
DA:1753,85
DA:1755,85
DA:1756,0
DA:1758,85
DA:1759,85
DA:1764,0
DA:1766,0
DA:1767,0
DA:1769,0
DA:1773,0
DA:1778,0
DA:1780,0
DA:1781,0
DA:1789,1
DA:1791,1
DA:1793,1
DA:1794,1
DA:1795,1
DA:1798,1
end_of_record
SF:/usr/include/c++/9/bits/basic_string.tcc
FN:206,_ZNSt7__cxx1112basic_stringIcSt11char_traitsIcESaIcEE12_M_constructIPcEEvT_S7_St20forward_iterator_tag
FNDA:0,_ZNSt7__cxx1112basic_stringIcSt11char_traitsIcESaIcEE12_M_constructIPcEEvT_S7_St20forward_iterator_tag
FN:206,_ZNSt7__cxx1112basic_stringIcSt11char_traitsIcESaIcEE12_M_constructIPKcEEvT_S8_St20forward_iterator_tag
FNDA:0,_ZNSt7__cxx1112basic_stringIcSt11char_traitsIcESaIcEE12_M_constructIPKcEEvT_S8_St20forward_iterator_tag
DA:206,0
DA:211,0
DA:212,0
DA:215,0
DA:217,0
DA:219,0
DA:220,0
DA:225,0
DA:226,0
DA:228,0
DA:229,0
DA:232,0
DA:233,0
DA:206,0
DA:211,0
DA:212,0
DA:215,0
DA:217,0
DA:219,0
DA:220,0
DA:225,0
DA:226,0
DA:228,0
DA:229,0
DA:232,0
DA:233,0
end_of_record
SF:/usr/include/c++/9/initializer_list
FN:71,_ZNKSt16initializer_listIiE4sizeEv
FNDA:0,_ZNKSt16initializer_listIiE4sizeEv
FN:75,_ZNKSt16initializer_listIiE5beginEv
FNDA:0,_ZNKSt16initializer_listIiE5beginEv
FN:79,_ZNKSt16initializer_listIiE3endEv
FNDA:0,_ZNKSt16initializer_listIiE3endEv
DA:71,0
DA:75,0
DA:79,0
end_of_record
SF:/usr/include/c++/9/bits/allocator.h
FN:137,_ZNSaIiEC2Ev
FNDA:0,_ZNSaIiEC2Ev
FN:140,_ZNSaIiEC2ERKS_
FNDA:0,_ZNSaIiEC2ERKS_
FN:152,_ZNSaIiED2Ev
FNDA:0,_ZNSaIiED2Ev
FN:260,_ZNSt19__shrink_to_fit_auxISt6vectorIiSaIiEELb1EE8_S_do_itERS2_
FNDA:1,_ZNSt19__shrink_to_fit_auxISt6vectorIiSaIiEELb1EE8_S_do_itERS2_
DA:137,0
DA:140,0
DA:141,0
DA:152,0
DA:260,1
DA:265,1
DA:268,1
DA:270,0
DA:271,0
end_of_record
SF:/usr/include/c++/9/bits/vector.tcc
FN:109,_ZNSt6vectorIiSaIiEE12emplace_backIJiEEEvDpOT_
FNDA:164,_ZNSt6vectorIiSaIiEE12emplace_backIJiEEEvDpOT_
FN:426,_ZNSt6vectorIiSaIiEE17_M_realloc_insertIJiEEEvN9__gnu_cxx17__normal_iteratorIPiS1_EEDpOT_
FNDA:72,_ZNSt6vectorIiSaIiEE17_M_realloc_insertIJiEEEvN9__gnu_cxx17__normal_iteratorIPiS1_EEDpOT_
FN:426,_ZNSt6vectorIiSaIiEE17_M_realloc_insertIJRKiEEEvN9__gnu_cxx17__normal_iteratorIPiS1_EEDpOT_
FNDA:13,_ZNSt6vectorIiSaIiEE17_M_realloc_insertIJRKiEEEvN9__gnu_cxx17__normal_iteratorIPiS1_EEDpOT_
FN:687,_ZNSt6vectorIiSaIiEE16_M_shrink_to_fitEv
FNDA:1,_ZNSt6vectorIiSaIiEE16_M_shrink_to_fitEv
DA:109,164
DA:112,164
DA:115,92
DA:117,92
DA:121,72
DA:125,164
DA:426,72
DA:435,72
DA:437,72
DA:438,72
DA:439,72
DA:440,72
DA:441,72
DA:449,72
DA:450,72
DA:456,72
DA:459,72
DA:461,72
DA:462,72
DA:464,72
DA:466,72
DA:467,72
DA:474,0
DA:475,0
DA:477,0
DA:481,0
DA:482,0
DA:485,0
DA:487,0
DA:488,0
DA:489,0
DA:491,0
DA:492,0
DA:493,0
DA:496,72
DA:498,0
DA:500,72
DA:501,72
DA:502,72
DA:503,72
DA:504,72
DA:505,72
DA:426,13
DA:435,13
DA:437,13
DA:438,13
DA:439,13
DA:440,13
DA:441,13
DA:449,13
DA:450,13
DA:456,13
DA:459,13
DA:461,13
DA:462,13
DA:464,13
DA:466,13
DA:467,13
DA:474,0
DA:475,0
DA:477,0
DA:481,0
DA:482,0
DA:485,0
DA:487,0
DA:488,0
DA:489,0
DA:491,0
DA:492,0
DA:493,0
DA:496,13
DA:498,0
DA:500,13
DA:501,13
DA:502,13
DA:503,13
DA:504,13
DA:505,13
DA:687,1
DA:690,1
DA:691,0
DA:693,1
end_of_record
SF:/usr/include/c++/9/bits/stl_uninitialized.h
FN:99,_ZNSt20__uninitialized_copyILb1EE13__uninit_copyISt13move_iteratorIN9__gnu_cxx17__normal_iteratorIPiSt6vectorIiSaIiEEEEES5_EET0_T_SC_SB_
FNDA:1,_ZNSt20__uninitialized_copyILb1EE13__uninit_copyISt13move_iteratorIN9__gnu_cxx17__normal_iteratorIPiSt6vectorIiSaIiEEEEES5_EET0_T_SC_SB_
FN:99,_ZNSt20__uninitialized_copyILb1EE13__uninit_copyISt13move_iteratorIPiES3_EET0_T_S6_S5_
FNDA:0,_ZNSt20__uninitialized_copyILb1EE13__uninit_copyISt13move_iteratorIPiES3_EET0_T_S6_S5_
FN:115,_ZSt18uninitialized_copyISt13move_iteratorIN9__gnu_cxx17__normal_iteratorIPiSt6vectorIiSaIiEEEEES3_ET0_T_SA_S9_
FNDA:1,_ZSt18uninitialized_copyISt13move_iteratorIN9__gnu_cxx17__normal_iteratorIPiSt6vectorIiSaIiEEEEES3_ET0_T_SA_S9_
FN:115,_ZSt18uninitialized_copyISt13move_iteratorIPiES1_ET0_T_S4_S3_
FNDA:0,_ZSt18uninitialized_copyISt13move_iteratorIPiES1_ET0_T_S4_S3_
FN:305,_ZSt22__uninitialized_copy_aISt13move_iteratorIN9__gnu_cxx17__normal_iteratorIPiSt6vectorIiSaIiEEEEES3_iET0_T_SA_S9_RSaIT1_E
FNDA:1,_ZSt22__uninitialized_copy_aISt13move_iteratorIN9__gnu_cxx17__normal_iteratorIPiSt6vectorIiSaIiEEEEES3_iET0_T_SA_S9_RSaIT1_E
FN:305,_ZSt22__uninitialized_copy_aISt13move_iteratorIPiES1_iET0_T_S4_S3_RSaIT1_E
FNDA:0,_ZSt22__uninitialized_copy_aISt13move_iteratorIPiES1_iET0_T_S4_S3_RSaIT1_E
FN:323,_ZSt34__uninitialized_move_if_noexcept_aIPiS0_SaIiEET0_T_S3_S2_RT1_
FNDA:0,_ZSt34__uninitialized_move_if_noexcept_aIPiS0_SaIiEET0_T_S3_S2_RT1_
FN:561,_ZNSt27__uninitialized_default_n_1ILb1EE18__uninit_default_nIPimEET_S3_T0_
FNDA:2,_ZNSt27__uninitialized_default_n_1ILb1EE18__uninit_default_nIPimEET_S3_T0_
FN:592,_ZSt25__uninitialized_default_nIPimET_S1_T0_
FNDA:2,_ZSt25__uninitialized_default_nIPimET_S1_T0_
FN:661,_ZSt27__uninitialized_default_n_aIPimiET_S1_T0_RSaIT1_E
FNDA:2,_ZSt27__uninitialized_default_n_aIPimiET_S1_T0_RSaIT1_E
FN:924,_ZSt14__relocate_a_1IiiENSt9enable_ifIXsrSt24__is_bitwise_relocatableIT_vE5valueEPS2_E4typeES4_S4_S4_RSaIT0_E
FNDA:170,_ZSt14__relocate_a_1IiiENSt9enable_ifIXsrSt24__is_bitwise_relocatableIT_vE5valueEPS2_E4typeES4_S4_S4_RSaIT0_E
FN:958,_ZSt12__relocate_aIPiS0_SaIiEET0_T_S3_S2_RT1_
FNDA:170,_ZSt12__relocate_aIPiS0_SaIiEET0_T_S3_S2_RT1_
DA:99,1
DA:101,1
DA:99,0
DA:101,0
DA:115,1
DA:134,1
DA:140,1
DA:115,0
DA:134,0
DA:140,0
DA:305,1
DA:307,1
DA:305,0
DA:307,0
DA:323,0
DA:329,0
DA:330,0
DA:561,2
DA:566,2
DA:592,2
DA:597,2
DA:601,2
DA:661,2
DA:663,2
DA:924,170
DA:927,170
DA:928,170
DA:929,36
DA:930,170
DA:958,170
DA:964,170
DA:966,170
end_of_record
SF:/usr/include/gtest/gtest.h
FN:312,_ZNK7testing15AssertionResultcvbEv
FNDA:0,_ZNK7testing15AssertionResultcvbEv
FN:321,_ZNK7testing15AssertionResult7messageEv
FNDA:0,_ZNK7testing15AssertionResult7messageEv
FN:325,_ZNK7testing15AssertionResult15failure_messageEv
FNDA:0,_ZNK7testing15AssertionResult15failure_messageEv
FN:417,_ZN7testing4Test14SetUpTestSuiteEv
FNDA:0,_ZN7testing4Test14SetUpTestSuiteEv
FN:427,_ZN7testing4Test17TearDownTestSuiteEv
FNDA:0,_ZN7testing4Test17TearDownTestSuiteEv
FN:431,_ZN7testing4Test16TearDownTestCaseEv
FNDA:0,_ZN7testing4Test16TearDownTestCaseEv
FN:432,_ZN7testing4Test13SetUpTestCaseEv
FNDA:0,_ZN7testing4Test13SetUpTestCaseEv
FN:513,_ZN7testing4Test5SetupEv
FNDA:0,_ZN7testing4Test5SetupEv
FN:1504,_ZN7testing8internal18CmpHelperEQFailureImmEENS_15AssertionResultEPKcS4_RKT_RKT0_
FNDA:0,_ZN7testing8internal18CmpHelperEQFailureImmEENS_15AssertionResultEPKcS4_RKT_RKT0_
FN:1504,_ZN7testing8internal18CmpHelperEQFailureIiiEENS_15AssertionResultEPKcS4_RKT_RKT0_
FNDA:0,_ZN7testing8internal18CmpHelperEQFailureIiiEENS_15AssertionResultEPKcS4_RKT_RKT0_
FN:1504,_ZN7testing8internal18CmpHelperEQFailureIbbEENS_15AssertionResultEPKcS4_RKT_RKT0_
FNDA:0,_ZN7testing8internal18CmpHelperEQFailureIbbEENS_15AssertionResultEPKcS4_RKT_RKT0_
FN:1523,_ZN7testing8internal11CmpHelperEQIiiEENS_15AssertionResultEPKcS4_RKT_RKT0_
FNDA:0,_ZN7testing8internal11CmpHelperEQIiiEENS_15AssertionResultEPKcS4_RKT_RKT0_
FN:1523,_ZN7testing8internal11CmpHelperEQImmEENS_15AssertionResultEPKcS4_RKT_RKT0_
FNDA:0,_ZN7testing8internal11CmpHelperEQImmEENS_15AssertionResultEPKcS4_RKT_RKT0_
FN:1523,_ZN7testing8internal11CmpHelperEQIbbEENS_15AssertionResultEPKcS4_RKT_RKT0_
FNDA:0,_ZN7testing8internal11CmpHelperEQIbbEENS_15AssertionResultEPKcS4_RKT_RKT0_
FN:1551,_ZN7testing8internal8EqHelper7CompareIiiLPv0EEENS_15AssertionResultEPKcS6_RKT_RKT0_
FNDA:0,_ZN7testing8internal8EqHelper7CompareIiiLPv0EEENS_15AssertionResultEPKcS6_RKT_RKT0_
FN:1551,_ZN7testing8internal8EqHelper7CompareImmLPv0EEENS_15AssertionResultEPKcS6_RKT_RKT0_
FNDA:0,_ZN7testing8internal8EqHelper7CompareImmLPv0EEENS_15AssertionResultEPKcS6_RKT_RKT0_
FN:1551,_ZN7testing8internal8EqHelper7CompareIbbLPv0EEENS_15AssertionResultEPKcS6_RKT_RKT0_
FNDA:0,_ZN7testing8internal8EqHelper7CompareIbbLPv0EEENS_15AssertionResultEPKcS6_RKT_RKT0_
DA:312,0
DA:321,0
DA:322,0
DA:325,0
DA:417,0
DA:427,0
DA:431,0
DA:432,0
DA:513,0
DA:1504,0
DA:1511,0
DA:1504,0
DA:1511,0
DA:1504,0
DA:1511,0
DA:1523,0
DA:1527,0
DA:1528,0
DA:1531,0
DA:1523,0
DA:1527,0
DA:1528,0
DA:1531,0
DA:1523,0
DA:1527,0
DA:1528,0
DA:1531,0
DA:1551,0
DA:1554,0
DA:1551,0
DA:1554,0
DA:1551,0
DA:1554,0
end_of_record
SF:/usr/include/c++/9/iostream
end_of_record
SF:/usr/include/c++/9/bits/alloc_traits.h
FN:442,_ZNSt16allocator_traitsISaIiEE8allocateERS0_m
FNDA:0,_ZNSt16allocator_traitsISaIiEE8allocateERS0_m
FN:468,_ZNSt16allocator_traitsISaIiEE10deallocateERS0_Pim
FNDA:0,_ZNSt16allocator_traitsISaIiEE10deallocateERS0_Pim
FN:481,_ZNSt16allocator_traitsISaIiEE9constructIiJiEEEvRS0_PT_DpOT0_
FNDA:164,_ZNSt16allocator_traitsISaIiEE9constructIiJiEEEvRS0_PT_DpOT0_
FN:481,_ZNSt16allocator_traitsISaIiEE9constructIiJRKiEEEvRS0_PT_DpOT0_
FNDA:180,_ZNSt16allocator_traitsISaIiEE9constructIiJRKiEEEvRS0_PT_DpOT0_
FN:494,_ZNSt16allocator_traitsISaIiEE7destroyIiEEvRS0_PT_
FNDA:1,_ZNSt16allocator_traitsISaIiEE7destroyIiEEvRS0_PT_
FN:504,_ZNSt16allocator_traitsISaIiEE8max_sizeERKS0_
FNDA:0,_ZNSt16allocator_traitsISaIiEE8max_sizeERKS0_
FN:513,_ZNSt16allocator_traitsISaIcEE37select_on_container_copy_constructionERKS0_
FNDA:0,_ZNSt16allocator_traitsISaIcEE37select_on_container_copy_constructionERKS0_
FN:567,_ZSt18__do_alloc_on_swapISaIiEEvRT_S2_St17integral_constantIbLb0EE
FNDA:1,_ZSt18__do_alloc_on_swapISaIiEEvRT_S2_St17integral_constantIbLb0EE
FN:571,_ZSt15__alloc_on_swapISaIiEEvRT_S2_
FNDA:1,_ZSt15__alloc_on_swapISaIiEEvRT_S2_
DA:442,0
DA:443,0
DA:468,0
DA:469,0
DA:481,164
DA:483,164
DA:481,180
DA:483,180
DA:494,1
DA:496,1
DA:504,0
DA:505,0
DA:513,0
DA:514,0
DA:567,1
DA:568,1
DA:571,1
DA:575,1
DA:576,1
end_of_record
SF:/home/svet/Documents/School/C++/containers/src/tests/test_vector.cc
FN:6,_ZN29Vreload_sq_breaks_Test_1_TestC2Ev
FNDA:1,_ZN29Vreload_sq_breaks_Test_1_TestC2Ev
FN:6,_ZN29Vreload_sq_breaks_Test_1_Test8TestBodyEv
FNDA:1,_ZN29Vreload_sq_breaks_Test_1_Test8TestBodyEv
FN:21,_ZN22Vpush_back_Test_1_TestC2Ev
FNDA:1,_ZN22Vpush_back_Test_1_TestC2Ev
FN:21,_ZN22Vpush_back_Test_1_Test8TestBodyEv
FNDA:1,_ZN22Vpush_back_Test_1_Test8TestBodyEv
FN:37,_ZN21Vpop_back_Test_1_TestC2Ev
FNDA:1,_ZN21Vpop_back_Test_1_TestC2Ev
FN:37,_ZN21Vpop_back_Test_1_Test8TestBodyEv
FNDA:1,_ZN21Vpop_back_Test_1_Test8TestBodyEv
FN:50,_ZN18Vcopy1_Test_1_TestC2Ev
FNDA:1,_ZN18Vcopy1_Test_1_TestC2Ev
FN:50,_ZN18Vcopy1_Test_1_Test8TestBodyEv
FNDA:1,_ZN18Vcopy1_Test_1_Test8TestBodyEv
FN:57,_ZN18Vmove1_Test_1_Test8TestBodyEv
FNDA:1,_ZN18Vmove1_Test_1_Test8TestBodyEv
FN:57,_ZN18Vmove1_Test_1_TestC2Ev
FNDA:1,_ZN18Vmove1_Test_1_TestC2Ev
FN:66,_ZN20Vreserve_Test_1_TestC2Ev
FNDA:1,_ZN20Vreserve_Test_1_TestC2Ev
FN:66,_ZN20Vreserve_Test_1_Test8TestBodyEv
FNDA:1,_ZN20Vreserve_Test_1_Test8TestBodyEv
FN:74,_ZN26Vshrink_to_fit_Test_1_TestC2Ev
FNDA:1,_ZN26Vshrink_to_fit_Test_1_TestC2Ev
FN:74,_ZN26Vshrink_to_fit_Test_1_Test8TestBodyEv
FNDA:1,_ZN26Vshrink_to_fit_Test_1_Test8TestBodyEv
FN:84,_ZN19Vend_it_Test_1_TestC2Ev
FNDA:1,_ZN19Vend_it_Test_1_TestC2Ev
FN:84,_ZN19Vend_it_Test_1_Test8TestBodyEv
FNDA:1,_ZN19Vend_it_Test_1_Test8TestBodyEv
FN:91,_ZN18Vother_Test_1_TestC2Ev
FNDA:1,_ZN18Vother_Test_1_TestC2Ev
FN:91,_ZN18Vother_Test_1_Test8TestBodyEv
FNDA:1,_ZN18Vother_Test_1_Test8TestBodyEv
FN:100,_ZN18Vector_Insert_Test8TestBodyEv
FNDA:1,_ZN18Vector_Insert_Test8TestBodyEv
FN:100,_ZN18Vector_Insert_TestC2Ev
FNDA:1,_ZN18Vector_Insert_TestC2Ev
DA:6,1
DA:7,2
DA:8,2
DA:9,1
DA:10,1
DA:11,2
DA:12,2
DA:13,1
DA:14,1
DA:15,2
DA:16,2
DA:18,1
DA:6,1
DA:21,1
DA:22,2
DA:23,2
DA:25,131
DA:26,131
DA:27,1
DA:28,1
DA:29,1
DA:30,1
DA:31,1
DA:32,1
DA:33,1
DA:34,1
DA:35,1
DA:21,1
DA:37,1
DA:38,2
DA:39,2
DA:40,1
DA:41,1
DA:42,1
DA:43,1
DA:44,1
DA:45,1
DA:46,1
DA:48,1
DA:37,1
DA:50,1
DA:51,2
DA:52,2
DA:53,1
DA:55,1
DA:50,1
DA:57,1
DA:58,2
DA:59,2
DA:60,1
DA:61,1
DA:62,1
DA:57,1
DA:66,1
DA:67,2
DA:68,2
DA:69,1
DA:70,1
DA:71,1
DA:72,1
DA:66,1
DA:74,1
DA:75,2
DA:76,2
DA:77,51
DA:78,51
DA:79,1
DA:80,1
DA:81,1
DA:82,1
DA:74,1
DA:84,1
DA:85,2
DA:86,1
DA:87,1
DA:88,1
DA:84,1
DA:91,1
DA:92,2
DA:93,2
DA:95,1
DA:96,1
DA:97,1
DA:98,1
DA:91,1
DA:100,1
DA:101,2
DA:102,1
DA:103,1
DA:104,1
DA:105,1
DA:106,1
DA:100,1
end_of_record
SF:/usr/include/gtest/internal/gtest-port.h
FN:957,_ZN7testing8internal8GTestLog9GetStreamEv
FNDA:0,_ZN7testing8internal8GTestLog9GetStreamEv
DA:957,0
end_of_record
