TN:s21_vector_a
SF:/usr/include/c++/9/bits/stl_iterator_base_types.h
FN:205,_ZSt19__iterator_categoryIPcENSt15iterator_traitsIT_E17iterator_categoryERKS2_
FNDA:0,_ZSt19__iterator_categoryIPcENSt15iterator_traitsIT_E17iterator_categoryERKS2_
FN:205,_ZSt19__iterator_categoryIPKcENSt15iterator_traitsIT_E17iterator_categoryERKS3_
FNDA:45,_ZSt19__iterator_categoryIPKcENSt15iterator_traitsIT_E17iterator_categoryERKS3_
DA:205,0
DA:206,0
DA:205,45
DA:206,45
end_of_record
SF:/usr/include/c++/9/ext/alloc_traits.h
FN:97,_ZN9__gnu_cxx14__alloc_traitsISaIcEcE17_S_select_on_copyERKS1_
FNDA:0,_ZN9__gnu_cxx14__alloc_traitsISaIcEcE17_S_select_on_copyERKS1_
DA:97,0
DA:98,0
end_of_record
SF:/usr/include/c++/9/bits/basic_string.tcc
FN:206,_ZNSt7__cxx1112basic_stringIcSt11char_traitsIcESaIcEE12_M_constructIPcEEvT_S7_St20forward_iterator_tag
FNDA:0,_ZNSt7__cxx1112basic_stringIcSt11char_traitsIcESaIcEE12_M_constructIPcEEvT_S7_St20forward_iterator_tag
FN:206,_ZNSt7__cxx1112basic_stringIcSt11char_traitsIcESaIcEE12_M_constructIPKcEEvT_S8_St20forward_iterator_tag
FNDA:45,_ZNSt7__cxx1112basic_stringIcSt11char_traitsIcESaIcEE12_M_constructIPKcEEvT_S8_St20forward_iterator_tag
DA:206,0
DA:211,0
DA:212,0
DA:215,0
DA:217,0
DA:219,0
DA:220,0
DA:225,0
DA:226,0
DA:228,0
DA:229,0
DA:232,0
DA:233,0
DA:206,45
DA:211,45
DA:212,0
DA:215,45
DA:217,45
DA:219,7
DA:220,7
DA:225,45
DA:226,0
DA:228,0
DA:229,0
DA:232,45
DA:233,45
end_of_record
SF:/usr/include/c++/9/bits/stl_pair.h
FN:341,_ZNSt4pairIPSt18_Rb_tree_node_baseS1_EC2IRPSt13_Rb_tree_nodeIiERS1_Lb1EEEOT_OT0_
FNDA:7,_ZNSt4pairIPSt18_Rb_tree_node_baseS1_EC2IRPSt13_Rb_tree_nodeIiERS1_Lb1EEEOT_OT0_
DA:341,7
DA:342,7
end_of_record
SF:/home/svet/Documents/School/C++/containers/src/multiset/s21_multiset.h
FN:44,_ZN3s218multisetIiE10go_to_leftEPNS_10BinaryTreeIiE7ElementE
FNDA:7,_ZN3s218multisetIiE10go_to_leftEPNS_10BinaryTreeIiE7ElementE
FN:49,_ZN3s218multisetIiE11go_to_rightEPNS_10BinaryTreeIiE7ElementE
FNDA:24,_ZN3s218multisetIiE11go_to_rightEPNS_10BinaryTreeIiE7ElementE
FN:68,_ZN3s218multisetIiE5beginEv
FNDA:8,_ZN3s218multisetIiE5beginEv
FN:101,_ZN3s218multisetIiE3endEv
FNDA:24,_ZN3s218multisetIiE3endEv
FN:128,_ZN3s218multisetIiE6insertERKi
FNDA:30,_ZN3s218multisetIiE6insertERKi
FN:172,_ZN3s218multisetIiE5clearEv
FNDA:9,_ZN3s218multisetIiE5clearEv
FN:180,_ZN3s218multisetIiE11delete_treeEPNS_10BinaryTreeIiE7ElementE
FNDA:28,_ZN3s218multisetIiE11delete_treeEPNS_10BinaryTreeIiE7ElementE
FN:220,_ZN3s218multisetIiE8containsERKi
FNDA:2,_ZN3s218multisetIiE8containsERKi
FN:228,_ZN3s218multisetIiE7counterEPNS_10BinaryTreeIiE7ElementEPmRKi
FNDA:12,_ZN3s218multisetIiE7counterEPNS_10BinaryTreeIiE7ElementEPmRKi
FN:272,_ZN3s218multisetIiE5eraseENS_10BinaryTreeIiE8iteratorE
FNDA:3,_ZN3s218multisetIiE5eraseENS_10BinaryTreeIiE8iteratorE
FN:290,_ZN3s218multisetIiE4sizeEv
FNDA:3,_ZN3s218multisetIiE4sizeEv
FN:300,_ZN3s2110BinaryTreeIiE8iteratordeEv
FNDA:32,_ZN3s2110BinaryTreeIiE8iteratordeEv
FN:304,_ZN3s2110BinaryTreeIiE8iteratorppEv
FNDA:31,_ZN3s2110BinaryTreeIiE8iteratorppEv
FN:345,_ZN3s2110BinaryTreeIiE8iteratorneES2_
FNDA:24,_ZN3s2110BinaryTreeIiE8iteratorneES2_
DA:44,19
DA:45,19
DA:46,12
DA:47,7
DA:49,72
DA:51,72
DA:52,48
DA:54,24
DA:68,8
DA:70,8
DA:71,1
DA:72,1
DA:75,7
DA:76,7
DA:78,7
DA:79,0
DA:80,0
DA:81,0
DA:83,0
DA:84,0
DA:85,0
DA:88,0
DA:89,0
DA:91,0
DA:93,0
DA:96,7
DA:97,7
DA:101,24
DA:104,24
DA:105,0
DA:106,0
DA:109,24
DA:110,24
DA:111,24
DA:112,0
DA:113,0
DA:115,0
DA:116,0
DA:117,0
DA:119,0
DA:122,24
DA:123,24
DA:124,24
DA:128,30
DA:131,30
DA:133,30
DA:134,30
DA:136,30
DA:172,9
DA:174,9
DA:175,9
DA:176,9
DA:177,9
DA:180,28
DA:181,28
DA:182,28
DA:183,28
DA:184,28
DA:185,28
DA:186,14
DA:187,14
DA:220,2
DA:221,2
DA:222,2
DA:223,2
DA:228,12
DA:229,12
DA:230,0
DA:231,12
DA:232,6
DA:233,12
DA:234,4
DA:235,12
DA:272,3
DA:274,3
DA:275,2
DA:276,2
DA:290,3
DA:291,3
DA:300,32
DA:301,32
DA:304,31
DA:311,31
DA:313,0
DA:314,31
DA:315,27
DA:316,15
DA:318,18
DA:319,11
DA:322,7
DA:323,4
DA:325,3
DA:329,24
DA:330,12
DA:331,16
DA:333,12
DA:334,12
DA:336,0
DA:340,31
DA:345,24
DA:347,24
end_of_record
SF:/usr/include/gtest/gtest-message.h
end_of_record
SF:/home/svet/Documents/School/C++/containers/src/multiset/s21_binary_tree.h
FN:24,_ZN3s2110BinaryTreeIiE7ElementC2Ei
FNDA:30,_ZN3s2110BinaryTreeIiE7ElementC2Ei
FN:61,_ZN3s2110BinaryTreeIiEC2Ev
FNDA:7,_ZN3s2110BinaryTreeIiEC2Ev
FN:68,_ZN3s2110BinaryTreeIiE14insert_to_treeERKi
FNDA:30,_ZN3s2110BinaryTreeIiE14insert_to_treeERKi
DA:24,30
DA:61,7
DA:62,7
DA:63,7
DA:68,30
DA:71,30
DA:72,30
DA:73,30
DA:75,30
end_of_record
SF:/home/svet/Documents/School/C++/containers/src/multiset/s21_AVL.tpp
FN:4,_ZN3s2110BinaryTreeIiE6heightEPNS1_7ElementE
FNDA:436,_ZN3s2110BinaryTreeIiE6heightEPNS1_7ElementE
FN:10,_ZN3s2110BinaryTreeIiE7bfactorEPNS1_7ElementE
FNDA:123,_ZN3s2110BinaryTreeIiE7bfactorEPNS1_7ElementE
FN:16,_ZN3s2110BinaryTreeIiE9fixheightEPNS1_7ElementE
FNDA:95,_ZN3s2110BinaryTreeIiE9fixheightEPNS1_7ElementE
FN:24,_ZN3s2110BinaryTreeIiE11rotaterightEPNS1_7ElementE
FNDA:7,_ZN3s2110BinaryTreeIiE11rotaterightEPNS1_7ElementE
FN:39,_ZN3s2110BinaryTreeIiE10rotateleftEPNS1_7ElementE
FNDA:11,_ZN3s2110BinaryTreeIiE10rotateleftEPNS1_7ElementE
FN:53,_ZN3s2110BinaryTreeIiE7balanceEPNS1_7ElementE
FNDA:59,_ZN3s2110BinaryTreeIiE7balanceEPNS1_7ElementE
FN:72,_ZN3s2110BinaryTreeIiE10insert_avlEPNS1_7ElementEiS3_PS3_S4_
FNDA:87,_ZN3s2110BinaryTreeIiE10insert_avlEPNS1_7ElementEiS3_PS3_S4_
FN:99,_ZN3s2110BinaryTreeIiE7findminEPNS1_7ElementE
FNDA:0,_ZN3s2110BinaryTreeIiE7findminEPNS1_7ElementE
FN:105,_ZN3s2110BinaryTreeIiE9removeminEPNS1_7ElementE
FNDA:0,_ZN3s2110BinaryTreeIiE9removeminEPNS1_7ElementE
FN:116,_ZN3s2110BinaryTreeIiE6removeEPNS1_7ElementERKib
FNDA:4,_ZN3s2110BinaryTreeIiE6removeEPNS1_7ElementERKib
DA:4,436
DA:6,436
DA:10,123
DA:12,123
DA:16,95
DA:18,95
DA:19,95
DA:20,95
DA:21,95
DA:24,7
DA:26,7
DA:27,7
DA:28,7
DA:29,7
DA:30,7
DA:31,7
DA:32,7
DA:33,7
DA:34,7
DA:39,11
DA:41,11
DA:42,11
DA:43,11
DA:44,11
DA:45,11
DA:46,11
DA:47,11
DA:48,11
DA:49,11
DA:53,59
DA:55,59
DA:56,59
DA:58,8
DA:59,2
DA:60,8
DA:62,51
DA:64,5
DA:65,3
DA:66,5
DA:68,46
DA:72,87
DA:74,87
DA:75,30
DA:76,30
DA:78,0
DA:79,0
DA:80,0
DA:81,0
DA:82,0
DA:84,30
DA:86,57
DA:87,25
DA:88,25
DA:89,25
DA:91,32
DA:92,32
DA:93,32
DA:95,57
DA:99,0
DA:101,0
DA:105,0
DA:108,0
DA:109,0
DA:110,0
DA:112,0
DA:116,4
DA:118,4
DA:119,4
DA:120,1
DA:121,3
DA:122,1
DA:126,2
DA:127,2
DA:129,2
DA:131,2
DA:132,2
DA:133,0
DA:135,0
DA:137,0
DA:139,0
DA:140,0
DA:141,0
DA:143,0
DA:145,2
end_of_record
SF:/usr/include/c++/9/bits/basic_string.h
FN:247,_ZNSt7__cxx1112basic_stringIcSt11char_traitsIcESaIcEE16_M_construct_auxIPcEEvT_S7_St12__false_type
FNDA:0,_ZNSt7__cxx1112basic_stringIcSt11char_traitsIcESaIcEE16_M_construct_auxIPcEEvT_S7_St12__false_type
FN:247,_ZNSt7__cxx1112basic_stringIcSt11char_traitsIcESaIcEE16_M_construct_auxIPKcEEvT_S8_St12__false_type
FNDA:6,_ZNSt7__cxx1112basic_stringIcSt11char_traitsIcESaIcEE16_M_construct_auxIPKcEEvT_S8_St12__false_type
FN:267,_ZNSt7__cxx1112basic_stringIcSt11char_traitsIcESaIcEE12_M_constructIPcEEvT_S7_
FNDA:0,_ZNSt7__cxx1112basic_stringIcSt11char_traitsIcESaIcEE12_M_constructIPcEEvT_S7_
FN:267,_ZNSt7__cxx1112basic_stringIcSt11char_traitsIcESaIcEE12_M_constructIPKcEEvT_S8_
FNDA:6,_ZNSt7__cxx1112basic_stringIcSt11char_traitsIcESaIcEE12_M_constructIPKcEEvT_S8_
FN:529,_ZNSt7__cxx1112basic_stringIcSt11char_traitsIcESaIcEEC2IS3_EEPKcRKS3_
FNDA:6,_ZNSt7__cxx1112basic_stringIcSt11char_traitsIcESaIcEEC2IS3_EEPKcRKS3_
DA:247,0
DA:251,0
DA:252,0
DA:247,6
DA:251,6
DA:252,6
DA:267,0
DA:270,0
DA:271,0
DA:267,6
DA:270,6
DA:271,6
DA:529,6
DA:530,6
DA:531,6
end_of_record
SF:/usr/include/c++/9/initializer_list
FN:71,_ZNKSt16initializer_listIiE4sizeEv
FNDA:15,_ZNKSt16initializer_listIiE4sizeEv
FN:75,_ZNKSt16initializer_listIiE5beginEv
FNDA:17,_ZNKSt16initializer_listIiE5beginEv
FN:79,_ZNKSt16initializer_listIiE3endEv
FNDA:15,_ZNKSt16initializer_listIiE3endEv
DA:71,15
DA:75,17
DA:79,15
end_of_record
SF:/usr/include/c++/9/bits/stl_function.h
FN:385,_ZNKSt4lessIiEclERKiS2_
FNDA:21,_ZNKSt4lessIiEclERKiS2_
FN:1139,_ZNKSt9_IdentityIiEclERKi
FNDA:34,_ZNKSt9_IdentityIiEclERKi
DA:385,21
DA:386,21
DA:1139,34
DA:1140,34
end_of_record
SF:/usr/include/c++/9/bits/allocator.h
FN:137,_ZNSaISt13_Rb_tree_nodeIiEEC2Ev
FNDA:1,_ZNSaISt13_Rb_tree_nodeIiEEC2Ev
FN:152,_ZNSaISt13_Rb_tree_nodeIiEED2Ev
FNDA:1,_ZNSaISt13_Rb_tree_nodeIiEED2Ev
DA:137,1
DA:152,1
end_of_record
SF:/usr/include/c++/9/bits/stl_tree.h
FN:146,_ZNSt20_Rb_tree_key_compareISt4lessIiEEC2Ev
FNDA:1,_ZNSt20_Rb_tree_key_compareISt4lessIiEEC2Ev
FN:173,_ZNSt15_Rb_tree_headerC2Ev
FNDA:1,_ZNSt15_Rb_tree_headerC2Ev
FN:206,_ZNSt15_Rb_tree_header8_M_resetEv
FNDA:1,_ZNSt15_Rb_tree_header8_M_resetEv
FN:234,_ZNSt13_Rb_tree_nodeIiE9_M_valptrEv
FNDA:14,_ZNSt13_Rb_tree_nodeIiE9_M_valptrEv
FN:238,_ZNKSt13_Rb_tree_nodeIiE9_M_valptrEv
FNDA:34,_ZNKSt13_Rb_tree_nodeIiE9_M_valptrEv
FN:273,_ZNSt17_Rb_tree_iteratorIiEC2EPSt18_Rb_tree_node_base
FNDA:8,_ZNSt17_Rb_tree_iteratorIiEC2EPSt18_Rb_tree_node_base
FN:345,_ZNSt23_Rb_tree_const_iteratorIiEC2EPKSt18_Rb_tree_node_base
FNDA:3,_ZNSt23_Rb_tree_const_iteratorIiEC2EPKSt18_Rb_tree_node_base
FN:348,_ZNSt23_Rb_tree_const_iteratorIiEC2ERKSt17_Rb_tree_iteratorIiE
FNDA:8,_ZNSt23_Rb_tree_const_iteratorIiEC2ERKSt17_Rb_tree_iteratorIiE
FN:352,_ZNKSt23_Rb_tree_const_iteratorIiE13_M_const_castEv
FNDA:1,_ZNKSt23_Rb_tree_const_iteratorIiE13_M_const_castEv
FN:356,_ZNKSt23_Rb_tree_const_iteratorIiEdeEv
FNDA:13,_ZNKSt23_Rb_tree_const_iteratorIiEdeEv
FN:364,_ZNSt23_Rb_tree_const_iteratorIiEppEv
FNDA:7,_ZNSt23_Rb_tree_const_iteratorIiEppEv
FN:371,_ZNSt23_Rb_tree_const_iteratorIiEppEi
FNDA:9,_ZNSt23_Rb_tree_const_iteratorIiEppEi
FN:538,_ZNSt8_Rb_treeIiiSt9_IdentityIiESt4lessIiESaIiEE11_Alloc_nodeC2ERS5_
FNDA:7,_ZNSt8_Rb_treeIiiSt9_IdentityIiESt4lessIiESaIiEE11_Alloc_nodeC2ERS5_
FN:546,_ZNKSt8_Rb_treeIiiSt9_IdentityIiESt4lessIiESaIiEE11_Alloc_nodeclIRKiEEPSt13_Rb_tree_nodeIiEOT_
FNDA:7,_ZNKSt8_Rb_treeIiiSt9_IdentityIiESt4lessIiESaIiEE11_Alloc_nodeclIRKiEEPSt13_Rb_tree_nodeIiEOT_
FN:566,_ZNSt8_Rb_treeIiiSt9_IdentityIiESt4lessIiESaIiEE21_M_get_Node_allocatorEv
FNDA:28,_ZNSt8_Rb_treeIiiSt9_IdentityIiESt4lessIiESaIiEE21_M_get_Node_allocatorEv
FN:579,_ZNSt8_Rb_treeIiiSt9_IdentityIiESt4lessIiESaIiEE11_M_get_nodeEv
FNDA:7,_ZNSt8_Rb_treeIiiSt9_IdentityIiESt4lessIiESaIiEE11_M_get_nodeEv
FN:583,_ZNSt8_Rb_treeIiiSt9_IdentityIiESt4lessIiESaIiEE11_M_put_nodeEPSt13_Rb_tree_nodeIiE
FNDA:7,_ZNSt8_Rb_treeIiiSt9_IdentityIiESt4lessIiESaIiEE11_M_put_nodeEPSt13_Rb_tree_nodeIiE
FN:609,_ZNSt8_Rb_treeIiiSt9_IdentityIiESt4lessIiESaIiEE17_M_construct_nodeIJRKiEEEvPSt13_Rb_tree_nodeIiEDpOT_
FNDA:7,_ZNSt8_Rb_treeIiiSt9_IdentityIiESt4lessIiESaIiEE17_M_construct_nodeIJRKiEEEvPSt13_Rb_tree_nodeIiEDpOT_
FN:628,_ZNSt8_Rb_treeIiiSt9_IdentityIiESt4lessIiESaIiEE14_M_create_nodeIJRKiEEEPSt13_Rb_tree_nodeIiEDpOT_
FNDA:7,_ZNSt8_Rb_treeIiiSt9_IdentityIiESt4lessIiESaIiEE14_M_create_nodeIJRKiEEEPSt13_Rb_tree_nodeIiEDpOT_
FN:637,_ZNSt8_Rb_treeIiiSt9_IdentityIiESt4lessIiESaIiEE15_M_destroy_nodeEPSt13_Rb_tree_nodeIiE
FNDA:7,_ZNSt8_Rb_treeIiiSt9_IdentityIiESt4lessIiESaIiEE15_M_destroy_nodeEPSt13_Rb_tree_nodeIiE
FN:648,_ZNSt8_Rb_treeIiiSt9_IdentityIiESt4lessIiESaIiEE12_M_drop_nodeEPSt13_Rb_tree_nodeIiE
FNDA:7,_ZNSt8_Rb_treeIiiSt9_IdentityIiESt4lessIiESaIiEE12_M_drop_nodeEPSt13_Rb_tree_nodeIiE
FN:680,_ZNSt8_Rb_treeIiiSt9_IdentityIiESt4lessIiESaIiEE13_Rb_tree_implIS3_Lb1EEC2Ev
FNDA:1,_ZNSt8_Rb_treeIiiSt9_IdentityIiESt4lessIiESaIiEE13_Rb_tree_implIS3_Lb1EEC2Ev
FN:749,_ZNSt8_Rb_treeIiiSt9_IdentityIiESt4lessIiESaIiEE8_M_beginEv
FNDA:8,_ZNSt8_Rb_treeIiiSt9_IdentityIiESt4lessIiESaIiEE8_M_beginEv
FN:760,_ZNSt8_Rb_treeIiiSt9_IdentityIiESt4lessIiESaIiEE6_M_endEv
FNDA:14,_ZNSt8_Rb_treeIiiSt9_IdentityIiESt4lessIiESaIiEE6_M_endEv
FN:772,_ZNSt8_Rb_treeIiiSt9_IdentityIiESt4lessIiESaIiEE6_S_keyEPKSt13_Rb_tree_nodeIiE
FNDA:21,_ZNSt8_Rb_treeIiiSt9_IdentityIiESt4lessIiESaIiEE6_S_keyEPKSt13_Rb_tree_nodeIiE
FN:794,_ZNSt8_Rb_treeIiiSt9_IdentityIiESt4lessIiESaIiEE7_S_leftEPSt18_Rb_tree_node_base
FNDA:10,_ZNSt8_Rb_treeIiiSt9_IdentityIiESt4lessIiESaIiEE7_S_leftEPSt18_Rb_tree_node_base
FN:802,_ZNSt8_Rb_treeIiiSt9_IdentityIiESt4lessIiESaIiEE8_S_rightEPSt18_Rb_tree_node_base
FNDA:17,_ZNSt8_Rb_treeIiiSt9_IdentityIiESt4lessIiESaIiEE8_S_rightEPSt18_Rb_tree_node_base
FN:814,_ZNSt8_Rb_treeIiiSt9_IdentityIiESt4lessIiESaIiEE6_S_keyEPKSt18_Rb_tree_node_base
FNDA:6,_ZNSt8_Rb_treeIiiSt9_IdentityIiESt4lessIiESaIiEE6_S_keyEPKSt18_Rb_tree_node_base
FN:944,_ZNSt8_Rb_treeIiiSt9_IdentityIiESt4lessIiESaIiEEC2Ev
FNDA:1,_ZNSt8_Rb_treeIiiSt9_IdentityIiESt4lessIiESaIiEEC2Ev
FN:999,_ZNSt8_Rb_treeIiiSt9_IdentityIiESt4lessIiESaIiEED2Ev
FNDA:1,_ZNSt8_Rb_treeIiiSt9_IdentityIiESt4lessIiESaIiEED2Ev
FN:1015,_ZNKSt8_Rb_treeIiiSt9_IdentityIiESt4lessIiESaIiEE5beginEv
FNDA:3,_ZNKSt8_Rb_treeIiiSt9_IdentityIiESt4lessIiESaIiEE5beginEv
FN:1208,_ZNSt8_Rb_treeIiiSt9_IdentityIiESt4lessIiESaIiEE5eraseB5cxx11ESt23_Rb_tree_const_iteratorIiE
FNDA:1,_ZNSt8_Rb_treeIiiSt9_IdentityIiESt4lessIiESaIiEE5eraseB5cxx11ESt23_Rb_tree_const_iteratorIiE
FN:1802,_ZNSt8_Rb_treeIiiSt9_IdentityIiESt4lessIiESaIiEE10_M_insert_IRKiNS5_11_Alloc_nodeEEESt17_Rb_tree_iteratorIiEPSt18_Rb_tree_node_baseSD_OT_RT0_
FNDA:7,_ZNSt8_Rb_treeIiiSt9_IdentityIiESt4lessIiESaIiEE10_M_insert_IRKiNS5_11_Alloc_nodeEEESt17_Rb_tree_iteratorIiEPSt18_Rb_tree_node_baseSD_OT_RT0_
FN:1912,_ZNSt8_Rb_treeIiiSt9_IdentityIiESt4lessIiESaIiEE8_M_eraseEPSt13_Rb_tree_nodeIiE
FNDA:7,_ZNSt8_Rb_treeIiiSt9_IdentityIiESt4lessIiESaIiEE8_M_eraseEPSt13_Rb_tree_nodeIiE
FN:2122,_ZNSt8_Rb_treeIiiSt9_IdentityIiESt4lessIiESaIiEE23_M_get_insert_equal_posERKi
FNDA:7,_ZNSt8_Rb_treeIiiSt9_IdentityIiESt4lessIiESaIiEE23_M_get_insert_equal_posERKi
FN:2172,_ZNSt8_Rb_treeIiiSt9_IdentityIiESt4lessIiESaIiEE15_M_insert_equalIRKiEESt17_Rb_tree_iteratorIiEOT_
FNDA:7,_ZNSt8_Rb_treeIiiSt9_IdentityIiESt4lessIiESaIiEE15_M_insert_equalIRKiEESt17_Rb_tree_iteratorIiEOT_
FN:2509,_ZNSt8_Rb_treeIiiSt9_IdentityIiESt4lessIiESaIiEE12_M_erase_auxESt23_Rb_tree_const_iteratorIiE
FNDA:1,_ZNSt8_Rb_treeIiiSt9_IdentityIiESt4lessIiESaIiEE12_M_erase_auxESt23_Rb_tree_const_iteratorIiE
DA:146,1
DA:150,1
DA:173,1
DA:174,1
DA:175,1
DA:176,1
DA:177,1
DA:206,1
DA:208,1
DA:209,1
DA:210,1
DA:211,1
DA:212,1
DA:234,14
DA:235,14
DA:238,34
DA:239,34
DA:273,8
DA:274,8
DA:345,3
DA:346,3
DA:348,8
DA:349,8
DA:352,1
DA:353,1
DA:356,13
DA:357,13
DA:364,7
DA:366,7
DA:367,7
DA:371,9
DA:373,9
DA:374,9
DA:375,9
DA:538,7
DA:539,7
DA:546,7
DA:548,7
DA:566,28
DA:567,28
DA:579,7
DA:580,7
DA:583,7
DA:584,7
DA:609,7
DA:613,7
DA:614,7
DA:624,7
DA:628,7
DA:630,7
DA:631,7
DA:632,7
DA:637,7
DA:642,7
DA:643,7
DA:645,7
DA:648,7
DA:650,7
DA:651,7
DA:652,7
DA:680,1
DA:684,1
DA:685,1
DA:749,8
DA:750,8
DA:760,14
DA:761,14
DA:772,21
DA:790,21
DA:794,10
DA:795,10
DA:802,17
DA:803,17
DA:814,6
DA:815,6
DA:944,1
DA:999,1
DA:1000,1
DA:1015,3
DA:1016,3
DA:1208,1
DA:1211,1
DA:1212,1
DA:1213,1
DA:1214,1
DA:1802,7
DA:1811,7
DA:1812,14
DA:1815,7
DA:1817,7
DA:1818,7
DA:1819,7
DA:1820,7
DA:1912,13
DA:1916,13
DA:1918,6
DA:1919,6
DA:1920,6
DA:1921,6
DA:1923,7
DA:2122,7
DA:2126,7
DA:2127,7
DA:2128,22
DA:2130,15
DA:2131,30
DA:2132,15
DA:2134,7
DA:2172,7
DA:2179,7
DA:2180,7
DA:2181,7
DA:2183,14
DA:2509,1
DA:2514,1
DA:2515,1
DA:2516,1
DA:2517,1
DA:2518,1
end_of_record
SF:/home/svet/Documents/School/C++/containers/src/multiset/s21_m_constructor.tpp
FN:7,_ZN3s218multisetIiEC2Ev
FNDA:5,_ZN3s218multisetIiEC2Ev
FN:13,_ZN3s218multisetIiEC2ERKSt16initializer_listIiE
FNDA:2,_ZN3s218multisetIiEC2ERKSt16initializer_listIiE
FN:19,_ZN3s218multisetIiED2Ev
FNDA:7,_ZN3s218multisetIiED2Ev
FN:24,_ZN3s218multisetIiEC2ERKS1_
FNDA:1,_ZN3s218multisetIiEC2ERKS1_
FN:30,_ZN3s218multisetIiE7copyrecEPNS_10BinaryTreeIiE7ElementE
FNDA:8,_ZN3s218multisetIiE7copyrecEPNS_10BinaryTreeIiE7ElementE
DA:7,5
DA:9,5
DA:10,5
DA:13,2
DA:15,15
DA:16,13
DA:17,2
DA:19,7
DA:20,7
DA:21,7
DA:24,1
DA:25,1
DA:26,1
DA:27,1
DA:30,8
DA:31,8
DA:32,0
DA:33,8
DA:34,3
DA:36,8
DA:38,8
DA:39,4
end_of_record
SF:/usr/include/c++/9/ext/aligned_buffer.h
FN:64,_ZN9__gnu_cxx16__aligned_membufIiE7_M_addrEv
FNDA:14,_ZN9__gnu_cxx16__aligned_membufIiE7_M_addrEv
FN:68,_ZNK9__gnu_cxx16__aligned_membufIiE7_M_addrEv
FNDA:34,_ZNK9__gnu_cxx16__aligned_membufIiE7_M_addrEv
FN:72,_ZN9__gnu_cxx16__aligned_membufIiE6_M_ptrEv
FNDA:14,_ZN9__gnu_cxx16__aligned_membufIiE6_M_ptrEv
FN:76,_ZNK9__gnu_cxx16__aligned_membufIiE6_M_ptrEv
FNDA:34,_ZNK9__gnu_cxx16__aligned_membufIiE6_M_ptrEv
DA:64,14
DA:65,14
DA:68,34
DA:69,34
DA:72,14
DA:73,14
DA:76,34
DA:77,34
end_of_record
SF:/usr/include/c++/9/iostream
end_of_record
SF:/usr/include/c++/9/bits/unique_ptr.h
FN:75,_ZNKSt14default_deleteINSt7__cxx1112basic_stringIcSt11char_traitsIcESaIcEEEEclEPS5_
FNDA:0,_ZNKSt14default_deleteINSt7__cxx1112basic_stringIcSt11char_traitsIcESaIcEEEEclEPS5_
FN:75,_ZNKSt14default_deleteINSt7__cxx1118basic_stringstreamIcSt11char_traitsIcESaIcEEEEclEPS5_
FNDA:0,_ZNKSt14default_deleteINSt7__cxx1118basic_stringstreamIcSt11char_traitsIcESaIcEEEEclEPS5_
FN:153,_ZNSt15__uniq_ptr_implINSt7__cxx1112basic_stringIcSt11char_traitsIcESaIcEEESt14default_deleteIS5_EE6_M_ptrEv
FNDA:27,_ZNSt15__uniq_ptr_implINSt7__cxx1112basic_stringIcSt11char_traitsIcESaIcEEESt14default_deleteIS5_EE6_M_ptrEv
FN:153,_ZNSt15__uniq_ptr_implINSt7__cxx1118basic_stringstreamIcSt11char_traitsIcESaIcEEESt14default_deleteIS5_EE6_M_ptrEv
FNDA:0,_ZNSt15__uniq_ptr_implINSt7__cxx1118basic_stringstreamIcSt11char_traitsIcESaIcEEESt14default_deleteIS5_EE6_M_ptrEv
FN:154,_ZNKSt15__uniq_ptr_implINSt7__cxx1112basic_stringIcSt11char_traitsIcESaIcEEESt14default_deleteIS5_EE6_M_ptrEv
FNDA:0,_ZNKSt15__uniq_ptr_implINSt7__cxx1112basic_stringIcSt11char_traitsIcESaIcEEESt14default_deleteIS5_EE6_M_ptrEv
FN:155,_ZNSt15__uniq_ptr_implINSt7__cxx1112basic_stringIcSt11char_traitsIcESaIcEEESt14default_deleteIS5_EE10_M_deleterEv
FNDA:0,_ZNSt15__uniq_ptr_implINSt7__cxx1112basic_stringIcSt11char_traitsIcESaIcEEESt14default_deleteIS5_EE10_M_deleterEv
FN:155,_ZNSt15__uniq_ptr_implINSt7__cxx1118basic_stringstreamIcSt11char_traitsIcESaIcEEESt14default_deleteIS5_EE10_M_deleterEv
FNDA:0,_ZNSt15__uniq_ptr_implINSt7__cxx1118basic_stringstreamIcSt11char_traitsIcESaIcEEESt14default_deleteIS5_EE10_M_deleterEv
FN:286,_ZNSt10unique_ptrINSt7__cxx1112basic_stringIcSt11char_traitsIcESaIcEEESt14default_deleteIS5_EED2Ev
FNDA:27,_ZNSt10unique_ptrINSt7__cxx1112basic_stringIcSt11char_traitsIcESaIcEEESt14default_deleteIS5_EED2Ev
FN:286,_ZNSt10unique_ptrINSt7__cxx1118basic_stringstreamIcSt11char_traitsIcESaIcEEESt14default_deleteIS5_EED2Ev
FNDA:0,_ZNSt10unique_ptrINSt7__cxx1118basic_stringstreamIcSt11char_traitsIcESaIcEEESt14default_deleteIS5_EED2Ev
FN:352,_ZNKSt10unique_ptrINSt7__cxx1112basic_stringIcSt11char_traitsIcESaIcEEESt14default_deleteIS5_EEptEv
FNDA:0,_ZNKSt10unique_ptrINSt7__cxx1112basic_stringIcSt11char_traitsIcESaIcEEESt14default_deleteIS5_EEptEv
FN:360,_ZNKSt10unique_ptrINSt7__cxx1112basic_stringIcSt11char_traitsIcESaIcEEESt14default_deleteIS5_EE3getEv
FNDA:0,_ZNKSt10unique_ptrINSt7__cxx1112basic_stringIcSt11char_traitsIcESaIcEEESt14default_deleteIS5_EE3getEv
FN:365,_ZNSt10unique_ptrINSt7__cxx1112basic_stringIcSt11char_traitsIcESaIcEEESt14default_deleteIS5_EE11get_deleterEv
FNDA:0,_ZNSt10unique_ptrINSt7__cxx1112basic_stringIcSt11char_traitsIcESaIcEEESt14default_deleteIS5_EE11get_deleterEv
FN:365,_ZNSt10unique_ptrINSt7__cxx1118basic_stringstreamIcSt11char_traitsIcESaIcEEESt14default_deleteIS5_EE11get_deleterEv
FNDA:0,_ZNSt10unique_ptrINSt7__cxx1118basic_stringstreamIcSt11char_traitsIcESaIcEEESt14default_deleteIS5_EE11get_deleterEv
DA:75,0
DA:81,0
DA:82,0
DA:75,0
DA:81,0
DA:82,0
DA:153,27
DA:153,0
DA:154,0
DA:155,0
DA:155,0
DA:286,27
DA:290,27
DA:291,27
DA:292,0
DA:293,27
DA:294,27
DA:286,0
DA:290,0
DA:291,0
DA:292,0
DA:293,0
DA:294,0
DA:352,0
DA:355,0
DA:360,0
DA:361,0
DA:365,0
DA:366,0
DA:365,0
DA:366,0
end_of_record
SF:/usr/include/c++/9/new
FN:173,_ZnwmPv
FNDA:14,_ZnwmPv
DA:173,14
DA:174,14
end_of_record
SF:/usr/include/c++/9/ext/new_allocator.h
FN:80,_ZN9__gnu_cxx13new_allocatorISt13_Rb_tree_nodeIiEEC2Ev
FNDA:1,_ZN9__gnu_cxx13new_allocatorISt13_Rb_tree_nodeIiEEC2Ev
FN:80,_ZN9__gnu_cxx13new_allocatorIcEC2Ev
FNDA:0,_ZN9__gnu_cxx13new_allocatorIcEC2Ev
FN:83,_ZN9__gnu_cxx13new_allocatorIcEC2ERKS1_
FNDA:0,_ZN9__gnu_cxx13new_allocatorIcEC2ERKS1_
FN:89,_ZN9__gnu_cxx13new_allocatorISt13_Rb_tree_nodeIiEED2Ev
FNDA:1,_ZN9__gnu_cxx13new_allocatorISt13_Rb_tree_nodeIiEED2Ev
FN:89,_ZN9__gnu_cxx13new_allocatorIcED2Ev
FNDA:0,_ZN9__gnu_cxx13new_allocatorIcED2Ev
FN:102,_ZN9__gnu_cxx13new_allocatorISt13_Rb_tree_nodeIiEE8allocateEmPKv
FNDA:7,_ZN9__gnu_cxx13new_allocatorISt13_Rb_tree_nodeIiEE8allocateEmPKv
FN:119,_ZN9__gnu_cxx13new_allocatorISt13_Rb_tree_nodeIiEE10deallocateEPS2_m
FNDA:7,_ZN9__gnu_cxx13new_allocatorISt13_Rb_tree_nodeIiEE10deallocateEPS2_m
FN:132,_ZNK9__gnu_cxx13new_allocatorISt13_Rb_tree_nodeIiEE8max_sizeEv
FNDA:7,_ZNK9__gnu_cxx13new_allocatorISt13_Rb_tree_nodeIiEE8max_sizeEv
FN:144,_ZN9__gnu_cxx13new_allocatorISt13_Rb_tree_nodeIiEE9constructIiJRKiEEEvPT_DpOT0_
FNDA:7,_ZN9__gnu_cxx13new_allocatorISt13_Rb_tree_nodeIiEE9constructIiJRKiEEEvPT_DpOT0_
FN:150,_ZN9__gnu_cxx13new_allocatorISt13_Rb_tree_nodeIiEE7destroyIiEEvPT_
FNDA:7,_ZN9__gnu_cxx13new_allocatorISt13_Rb_tree_nodeIiEE7destroyIiEEvPT_
DA:80,1
DA:80,0
DA:83,0
DA:89,1
DA:89,0
DA:102,7
DA:104,7
DA:105,0
DA:114,7
DA:119,7
DA:128,7
DA:132,7
DA:135,7
DA:144,7
DA:146,7
DA:150,7
DA:152,7
end_of_record
SF:/home/svet/Documents/School/C++/containers/src/tests/test_multiset.cc
FN:6,_ZN24Multiset_test1_base_Test8TestBodyEv
FNDA:1,_ZN24Multiset_test1_base_Test8TestBodyEv
FN:6,_ZN24Multiset_test1_base_TestC2Ev
FNDA:1,_ZN24Multiset_test1_base_TestC2Ev
FN:16,_ZN19Multiset_test1_Test8TestBodyEv
FNDA:1,_ZN19Multiset_test1_Test8TestBodyEv
FN:16,_ZN19Multiset_test1_TestC2Ev
FNDA:1,_ZN19Multiset_test1_TestC2Ev
FN:36,_ZN26Multiset_test1_clean1_Test8TestBodyEv
FNDA:1,_ZN26Multiset_test1_clean1_Test8TestBodyEv
FN:36,_ZN26Multiset_test1_clean1_TestC2Ev
FNDA:1,_ZN26Multiset_test1_clean1_TestC2Ev
FN:45,_ZN27Multiset_test_insert_1_Test8TestBodyEv
FNDA:1,_ZN27Multiset_test_insert_1_Test8TestBodyEv
FN:45,_ZN27Multiset_test_insert_1_TestC2Ev
FNDA:1,_ZN27Multiset_test_insert_1_TestC2Ev
FN:82,_ZN25Multiset_erase_empty_Test8TestBodyEv
FNDA:1,_ZN25Multiset_erase_empty_Test8TestBodyEv
FN:82,_ZN25Multiset_erase_empty_TestC2Ev
FNDA:1,_ZN25Multiset_erase_empty_TestC2Ev
FN:88,_ZN18Multiset_copy_Test8TestBodyEv
FNDA:1,_ZN18Multiset_copy_Test8TestBodyEv
FN:88,_ZN18Multiset_copy_TestC2Ev
FNDA:1,_ZN18Multiset_copy_TestC2Ev
DA:6,1
DA:8,2
DA:9,1
DA:10,1
DA:11,1
DA:12,1
DA:13,1
DA:6,1
DA:16,1
DA:18,2
DA:19,1
DA:20,1
DA:21,1
DA:23,1
DA:24,1
DA:25,1
DA:26,1
DA:29,1
DA:30,1
DA:34,1
DA:16,1
DA:36,1
DA:38,2
DA:39,1
DA:40,1
DA:36,1
DA:45,1
DA:47,2
DA:48,2
DA:50,1
DA:51,8
DA:52,7
DA:53,7
DA:54,7
DA:56,1
DA:57,1
DA:58,1
DA:59,8
DA:60,7
DA:61,7
DA:64,1
DA:65,1
DA:66,1
DA:67,1
DA:69,1
DA:70,1
DA:72,1
DA:73,1
DA:75,7
DA:76,6
DA:77,6
DA:80,1
DA:45,1
DA:82,1
DA:84,2
DA:85,1
DA:86,1
DA:82,1
DA:88,1
DA:90,2
DA:91,2
DA:92,1
DA:93,1
DA:94,9
DA:95,8
DA:96,8
DA:99,1
DA:88,1
end_of_record
SF:/usr/include/c++/9/bits/move.h
FN:74,_ZSt7forwardIRPSt13_Rb_tree_nodeIiEEOT_RNSt16remove_referenceIS4_E4typeE
FNDA:7,_ZSt7forwardIRPSt13_Rb_tree_nodeIiEEOT_RNSt16remove_referenceIS4_E4typeE
FN:74,_ZSt7forwardIRPSt18_Rb_tree_node_baseEOT_RNSt16remove_referenceIS3_E4typeE
FNDA:7,_ZSt7forwardIRPSt18_Rb_tree_node_baseEOT_RNSt16remove_referenceIS3_E4typeE
FN:74,_ZSt7forwardIRKiEOT_RNSt16remove_referenceIS2_E4typeE
FNDA:49,_ZSt7forwardIRKiEOT_RNSt16remove_referenceIS2_E4typeE
FN:99,_ZSt4moveIRPNSt7__cxx1112basic_stringIcSt11char_traitsIcESaIcEEEEONSt16remove_referenceIT_E4typeEOS9_
FNDA:0,_ZSt4moveIRPNSt7__cxx1112basic_stringIcSt11char_traitsIcESaIcEEEEONSt16remove_referenceIT_E4typeEOS9_
FN:99,_ZSt4moveIRPNSt7__cxx1118basic_stringstreamIcSt11char_traitsIcESaIcEEEEONSt16remove_referenceIT_E4typeEOS9_
FNDA:0,_ZSt4moveIRPNSt7__cxx1118basic_stringstreamIcSt11char_traitsIcESaIcEEEEONSt16remove_referenceIT_E4typeEOS9_
FN:99,_ZSt4moveIRSaIcEEONSt16remove_referenceIT_E4typeEOS3_
FNDA:0,_ZSt4moveIRSaIcEEONSt16remove_referenceIT_E4typeEOS3_
DA:74,7
DA:75,7
DA:74,7
DA:75,7
DA:74,49
DA:75,49
DA:99,0
DA:100,0
DA:99,0
DA:100,0
DA:99,0
DA:100,0
end_of_record
SF:/usr/include/c++/9/bits/stl_iterator_base_funcs.h
FN:98,_ZSt10__distanceIPcENSt15iterator_traitsIT_E15difference_typeES2_S2_St26random_access_iterator_tag
FNDA:0,_ZSt10__distanceIPcENSt15iterator_traitsIT_E15difference_typeES2_S2_St26random_access_iterator_tag
FN:98,_ZSt10__distanceIPKcENSt15iterator_traitsIT_E15difference_typeES3_S3_St26random_access_iterator_tag
FNDA:45,_ZSt10__distanceIPKcENSt15iterator_traitsIT_E15difference_typeES3_S3_St26random_access_iterator_tag
FN:138,_ZSt8distanceIPcENSt15iterator_traitsIT_E15difference_typeES2_S2_
FNDA:0,_ZSt8distanceIPcENSt15iterator_traitsIT_E15difference_typeES2_S2_
FN:138,_ZSt8distanceIPKcENSt15iterator_traitsIT_E15difference_typeES3_S3_
FNDA:45,_ZSt8distanceIPKcENSt15iterator_traitsIT_E15difference_typeES3_S3_
DA:98,0
DA:104,0
DA:98,45
DA:104,45
DA:138,0
DA:141,0
DA:142,0
DA:138,45
DA:141,45
DA:142,90
end_of_record
SF:/usr/include/gtest/internal/gtest-port.h
FN:957,_ZN7testing8internal8GTestLog9GetStreamEv
FNDA:0,_ZN7testing8internal8GTestLog9GetStreamEv
DA:957,0
end_of_record
SF:/usr/include/c++/9/bits/stl_multiset.h
FN:164,_ZNSt8multisetIiSt4lessIiESaIiEEC2Ev
FNDA:1,_ZNSt8multisetIiSt4lessIiESaIiEEC2Ev
FN:277,_ZNSt8multisetIiSt4lessIiESaIiEED2Ev
FNDA:1,_ZNSt8multisetIiSt4lessIiESaIiEED2Ev
FN:340,_ZNKSt8multisetIiSt4lessIiESaIiEE5beginEv
FNDA:3,_ZNKSt8multisetIiSt4lessIiESaIiEE5beginEv
FN:502,_ZNSt8multisetIiSt4lessIiESaIiEE6insertERKi
FNDA:7,_ZNSt8multisetIiSt4lessIiESaIiEE6insertERKi
FN:639,_ZNSt8multisetIiSt4lessIiESaIiEE5eraseB5cxx11ESt23_Rb_tree_const_iteratorIiE
FNDA:1,_ZNSt8multisetIiSt4lessIiESaIiEE5eraseB5cxx11ESt23_Rb_tree_const_iteratorIiE
DA:164,1
DA:277,1
DA:340,3
DA:341,3
DA:502,7
DA:503,7
DA:639,1
DA:640,1
end_of_record
SF:/usr/include/gtest/gtest.h
FN:312,_ZNK7testing15AssertionResultcvbEv
FNDA:27,_ZNK7testing15AssertionResultcvbEv
FN:321,_ZNK7testing15AssertionResult7messageEv
FNDA:0,_ZNK7testing15AssertionResult7messageEv
FN:325,_ZNK7testing15AssertionResult15failure_messageEv
FNDA:0,_ZNK7testing15AssertionResult15failure_messageEv
FN:417,_ZN7testing4Test14SetUpTestSuiteEv
FNDA:0,_ZN7testing4Test14SetUpTestSuiteEv
FN:427,_ZN7testing4Test17TearDownTestSuiteEv
FNDA:0,_ZN7testing4Test17TearDownTestSuiteEv
FN:431,_ZN7testing4Test16TearDownTestCaseEv
FNDA:0,_ZN7testing4Test16TearDownTestCaseEv
FN:432,_ZN7testing4Test13SetUpTestCaseEv
FNDA:0,_ZN7testing4Test13SetUpTestCaseEv
FN:513,_ZN7testing4Test5SetupEv
FNDA:0,_ZN7testing4Test5SetupEv
FN:1504,_ZN7testing8internal18CmpHelperEQFailureIimEENS_15AssertionResultEPKcS4_RKT_RKT0_
FNDA:0,_ZN7testing8internal18CmpHelperEQFailureIimEENS_15AssertionResultEPKcS4_RKT_RKT0_
FN:1504,_ZN7testing8internal18CmpHelperEQFailureIiiEENS_15AssertionResultEPKcS4_RKT_RKT0_
FNDA:0,_ZN7testing8internal18CmpHelperEQFailureIiiEENS_15AssertionResultEPKcS4_RKT_RKT0_
FN:1523,_ZN7testing8internal11CmpHelperEQIimEENS_15AssertionResultEPKcS4_RKT_RKT0_
FNDA:2,_ZN7testing8internal11CmpHelperEQIimEENS_15AssertionResultEPKcS4_RKT_RKT0_
FN:1523,_ZN7testing8internal11CmpHelperEQIiiEENS_15AssertionResultEPKcS4_RKT_RKT0_
FNDA:25,_ZN7testing8internal11CmpHelperEQIiiEENS_15AssertionResultEPKcS4_RKT_RKT0_
FN:1551,_ZN7testing8internal8EqHelper7CompareIimLPv0EEENS_15AssertionResultEPKcS6_RKT_RKT0_
FNDA:2,_ZN7testing8internal8EqHelper7CompareIimLPv0EEENS_15AssertionResultEPKcS6_RKT_RKT0_
FN:1551,_ZN7testing8internal8EqHelper7CompareIiiLPv0EEENS_15AssertionResultEPKcS6_RKT_RKT0_
FNDA:25,_ZN7testing8internal8EqHelper7CompareIiiLPv0EEENS_15AssertionResultEPKcS6_RKT_RKT0_
DA:312,27
DA:321,0
DA:322,0
DA:325,0
DA:417,0
DA:427,0
DA:431,0
DA:432,0
DA:513,0
DA:1504,0
DA:1511,0
DA:1504,0
DA:1511,0
DA:1523,2
DA:1527,2
DA:1528,2
DA:1531,0
DA:1523,25
DA:1527,25
DA:1528,25
DA:1531,0
DA:1551,2
DA:1554,2
DA:1551,25
DA:1554,25
end_of_record
SF:/usr/include/gtest/gtest-printers.h
FN:260,_ZN16testing_internal26DefaultPrintNonContainerToIiEEvRKT_PSo
FNDA:0,_ZN16testing_internal26DefaultPrintNonContainerToIiEEvRKT_PSo
FN:260,_ZN16testing_internal26DefaultPrintNonContainerToImEEvRKT_PSo
FNDA:0,_ZN16testing_internal26DefaultPrintNonContainerToImEEvRKT_PSo
FN:313,_ZN7testing8internal19FormatForComparisonIiiE6FormatB5cxx11ERKi
FNDA:0,_ZN7testing8internal19FormatForComparisonIiiE6FormatB5cxx11ERKi
FN:313,_ZN7testing8internal19FormatForComparisonIimE6FormatB5cxx11ERKi
FNDA:0,_ZN7testing8internal19FormatForComparisonIimE6FormatB5cxx11ERKi
FN:313,_ZN7testing8internal19FormatForComparisonImiE6FormatB5cxx11ERKm
FNDA:0,_ZN7testing8internal19FormatForComparisonImiE6FormatB5cxx11ERKm
FN:377,_ZN7testing8internal33FormatForComparisonFailureMessageIiiEENSt7__cxx1112basic_stringIcSt11char_traitsIcESaIcEEERKT_RKT0_
FNDA:0,_ZN7testing8internal33FormatForComparisonFailureMessageIiiEENSt7__cxx1112basic_stringIcSt11char_traitsIcESaIcEEERKT_RKT0_
FN:377,_ZN7testing8internal33FormatForComparisonFailureMessageIimEENSt7__cxx1112basic_stringIcSt11char_traitsIcESaIcEEERKT_RKT0_
FNDA:0,_ZN7testing8internal33FormatForComparisonFailureMessageIimEENSt7__cxx1112basic_stringIcSt11char_traitsIcESaIcEEERKT_RKT0_
FN:377,_ZN7testing8internal33FormatForComparisonFailureMessageImiEENSt7__cxx1112basic_stringIcSt11char_traitsIcESaIcEEERKT_RKT0_
FNDA:0,_ZN7testing8internal33FormatForComparisonFailureMessageImiEENSt7__cxx1112basic_stringIcSt11char_traitsIcESaIcEEERKT_RKT0_
FN:466,_ZN7testing8internal14DefaultPrintToIiEEvNS0_15WrapPrinterTypeILNS0_18DefaultPrinterTypeE3EEERKT_PSo
FNDA:0,_ZN7testing8internal14DefaultPrintToIiEEvNS0_15WrapPrinterTypeILNS0_18DefaultPrinterTypeE3EEERKT_PSo
FN:466,_ZN7testing8internal14DefaultPrintToImEEvNS0_15WrapPrinterTypeILNS0_18DefaultPrinterTypeE3EEERKT_PSo
FNDA:0,_ZN7testing8internal14DefaultPrintToImEEvNS0_15WrapPrinterTypeILNS0_18DefaultPrinterTypeE3EEERKT_PSo
FN:483,_ZN7testing8internal7PrintToIiEEvRKT_PSo
FNDA:0,_ZN7testing8internal7PrintToIiEEvRKT_PSo
FN:483,_ZN7testing8internal7PrintToImEEvRKT_PSo
FNDA:0,_ZN7testing8internal7PrintToImEEvRKT_PSo
FN:670,_ZN7testing8internal16UniversalPrinterIiE5PrintERKiPSo
FNDA:0,_ZN7testing8internal16UniversalPrinterIiE5PrintERKiPSo
FN:670,_ZN7testing8internal16UniversalPrinterImE5PrintERKmPSo
FNDA:0,_ZN7testing8internal16UniversalPrinterImE5PrintERKmPSo
FN:796,_ZN7testing8internal21UniversalTersePrinterImE5PrintERKmPSo
FNDA:0,_ZN7testing8internal21UniversalTersePrinterImE5PrintERKmPSo
FN:796,_ZN7testing8internal21UniversalTersePrinterIiE5PrintERKiPSo
FNDA:0,_ZN7testing8internal21UniversalTersePrinterIiE5PrintERKiPSo
FN:865,_ZN7testing8internal14UniversalPrintImEEvRKT_PSo
FNDA:0,_ZN7testing8internal14UniversalPrintImEEvRKT_PSo
FN:865,_ZN7testing8internal14UniversalPrintIiEEvRKT_PSo
FNDA:0,_ZN7testing8internal14UniversalPrintIiEEvRKT_PSo
FN:915,_ZN7testing13PrintToStringImEENSt7__cxx1112basic_stringIcSt11char_traitsIcESaIcEEERKT_
FNDA:0,_ZN7testing13PrintToStringImEENSt7__cxx1112basic_stringIcSt11char_traitsIcESaIcEEERKT_
FN:915,_ZN7testing13PrintToStringIiEENSt7__cxx1112basic_stringIcSt11char_traitsIcESaIcEEERKT_
FNDA:0,_ZN7testing13PrintToStringIiEENSt7__cxx1112basic_stringIcSt11char_traitsIcESaIcEEERKT_
DA:260,0
DA:287,0
DA:288,0
DA:260,0
DA:287,0
DA:288,0
DA:313,0
DA:314,0
DA:313,0
DA:314,0
DA:313,0
DA:314,0
DA:377,0
DA:379,0
DA:377,0
DA:379,0
DA:377,0
DA:379,0
DA:466,0
DA:468,0
DA:469,0
DA:466,0
DA:468,0
DA:469,0
DA:483,0
DA:503,0
DA:514,0
DA:483,0
DA:503,0
DA:514,0
DA:670,0
DA:679,0
DA:680,0
DA:670,0
DA:679,0
DA:680,0
DA:796,0
DA:797,0
DA:798,0
DA:796,0
DA:797,0
DA:798,0
DA:865,0
DA:869,0
DA:870,0
DA:865,0
DA:869,0
DA:870,0
DA:915,0
DA:916,0
DA:917,0
DA:918,0
DA:915,0
DA:916,0
DA:917,0
DA:918,0
end_of_record
SF:/usr/include/c++/9/bits/char_traits.h
FN:100,_ZN9__gnu_cxx11char_traitsIcE2eqERKcS3_
FNDA:0,_ZN9__gnu_cxx11char_traitsIcE2eqERKcS3_
FN:161,_ZN9__gnu_cxx11char_traitsIcE6lengthEPKc
FNDA:0,_ZN9__gnu_cxx11char_traitsIcE6lengthEPKc
FN:336,_ZNSt11char_traitsIcE6lengthEPKc
FNDA:6,_ZNSt11char_traitsIcE6lengthEPKc
DA:100,0
DA:101,0
DA:161,0
DA:164,0
DA:165,0
DA:166,0
DA:167,0
DA:236,6
DA:336,6
DA:339,6
DA:340,0
DA:342,6
end_of_record
SF:/usr/include/c++/9/tuple
FN:113,_ZNSt10_Head_baseILm1ESt14default_deleteINSt7__cxx1118basic_stringstreamIcSt11char_traitsIcESaIcEEEELb1EE7_M_headERS8_
FNDA:0,_ZNSt10_Head_baseILm1ESt14default_deleteINSt7__cxx1118basic_stringstreamIcSt11char_traitsIcESaIcEEEELb1EE7_M_headERS8_
FN:113,_ZNSt10_Head_baseILm1ESt14default_deleteINSt7__cxx1112basic_stringIcSt11char_traitsIcESaIcEEEELb1EE7_M_headERS8_
FNDA:0,_ZNSt10_Head_baseILm1ESt14default_deleteINSt7__cxx1112basic_stringIcSt11char_traitsIcESaIcEEEELb1EE7_M_headERS8_
FN:160,_ZNSt10_Head_baseILm0EPNSt7__cxx1112basic_stringIcSt11char_traitsIcESaIcEEELb0EE7_M_headERS7_
FNDA:27,_ZNSt10_Head_baseILm0EPNSt7__cxx1112basic_stringIcSt11char_traitsIcESaIcEEELb0EE7_M_headERS7_
FN:160,_ZNSt10_Head_baseILm0EPNSt7__cxx1118basic_stringstreamIcSt11char_traitsIcESaIcEEELb0EE7_M_headERS7_
FNDA:0,_ZNSt10_Head_baseILm0EPNSt7__cxx1118basic_stringstreamIcSt11char_traitsIcESaIcEEELb0EE7_M_headERS7_
FN:163,_ZNSt10_Head_baseILm0EPNSt7__cxx1112basic_stringIcSt11char_traitsIcESaIcEEELb0EE7_M_headERKS7_
FNDA:0,_ZNSt10_Head_baseILm0EPNSt7__cxx1112basic_stringIcSt11char_traitsIcESaIcEEELb0EE7_M_headERKS7_
FN:195,_ZNSt11_Tuple_implILm0EJPNSt7__cxx1112basic_stringIcSt11char_traitsIcESaIcEEESt14default_deleteIS5_EEE7_M_headERS9_
FNDA:27,_ZNSt11_Tuple_implILm0EJPNSt7__cxx1112basic_stringIcSt11char_traitsIcESaIcEEESt14default_deleteIS5_EEE7_M_headERS9_
FN:195,_ZNSt11_Tuple_implILm0EJPNSt7__cxx1118basic_stringstreamIcSt11char_traitsIcESaIcEEESt14default_deleteIS5_EEE7_M_headERS9_
FNDA:0,_ZNSt11_Tuple_implILm0EJPNSt7__cxx1118basic_stringstreamIcSt11char_traitsIcESaIcEEESt14default_deleteIS5_EEE7_M_headERS9_
FN:198,_ZNSt11_Tuple_implILm0EJPNSt7__cxx1112basic_stringIcSt11char_traitsIcESaIcEEESt14default_deleteIS5_EEE7_M_headERKS9_
FNDA:0,_ZNSt11_Tuple_implILm0EJPNSt7__cxx1112basic_stringIcSt11char_traitsIcESaIcEEESt14default_deleteIS5_EEE7_M_headERKS9_
FN:334,_ZNSt11_Tuple_implILm1EJSt14default_deleteINSt7__cxx1112basic_stringIcSt11char_traitsIcESaIcEEEEEE7_M_headERS8_
FNDA:0,_ZNSt11_Tuple_implILm1EJSt14default_deleteINSt7__cxx1112basic_stringIcSt11char_traitsIcESaIcEEEEEE7_M_headERS8_
FN:334,_ZNSt11_Tuple_implILm1EJSt14default_deleteINSt7__cxx1118basic_stringstreamIcSt11char_traitsIcESaIcEEEEEE7_M_headERS8_
FNDA:0,_ZNSt11_Tuple_implILm1EJSt14default_deleteINSt7__cxx1118basic_stringstreamIcSt11char_traitsIcESaIcEEEEEE7_M_headERS8_
FN:1309,_ZSt12__get_helperILm1ESt14default_deleteINSt7__cxx1118basic_stringstreamIcSt11char_traitsIcESaIcEEEEJEERT0_RSt11_Tuple_implIXT_EJS8_DpT1_EE
FNDA:0,_ZSt12__get_helperILm1ESt14default_deleteINSt7__cxx1118basic_stringstreamIcSt11char_traitsIcESaIcEEEEJEERT0_RSt11_Tuple_implIXT_EJS8_DpT1_EE
FN:1309,_ZSt12__get_helperILm0EPNSt7__cxx1118basic_stringstreamIcSt11char_traitsIcESaIcEEEJSt14default_deleteIS5_EEERT0_RSt11_Tuple_implIXT_EJS9_DpT1_EE
FNDA:0,_ZSt12__get_helperILm0EPNSt7__cxx1118basic_stringstreamIcSt11char_traitsIcESaIcEEEJSt14default_deleteIS5_EEERT0_RSt11_Tuple_implIXT_EJS9_DpT1_EE
FN:1309,_ZSt12__get_helperILm0EPNSt7__cxx1112basic_stringIcSt11char_traitsIcESaIcEEEJSt14default_deleteIS5_EEERT0_RSt11_Tuple_implIXT_EJS9_DpT1_EE
FNDA:27,_ZSt12__get_helperILm0EPNSt7__cxx1112basic_stringIcSt11char_traitsIcESaIcEEEJSt14default_deleteIS5_EEERT0_RSt11_Tuple_implIXT_EJS9_DpT1_EE
FN:1309,_ZSt12__get_helperILm1ESt14default_deleteINSt7__cxx1112basic_stringIcSt11char_traitsIcESaIcEEEEJEERT0_RSt11_Tuple_implIXT_EJS8_DpT1_EE
FNDA:0,_ZSt12__get_helperILm1ESt14default_deleteINSt7__cxx1112basic_stringIcSt11char_traitsIcESaIcEEEEJEERT0_RSt11_Tuple_implIXT_EJS8_DpT1_EE
FN:1314,_ZSt12__get_helperILm0EPNSt7__cxx1112basic_stringIcSt11char_traitsIcESaIcEEEJSt14default_deleteIS5_EEERKT0_RKSt11_Tuple_implIXT_EJS9_DpT1_EE
FNDA:0,_ZSt12__get_helperILm0EPNSt7__cxx1112basic_stringIcSt11char_traitsIcESaIcEEEJSt14default_deleteIS5_EEERKT0_RKSt11_Tuple_implIXT_EJS9_DpT1_EE
FN:1320,_ZSt3getILm1EJPNSt7__cxx1112basic_stringIcSt11char_traitsIcESaIcEEESt14default_deleteIS5_EEERNSt13tuple_elementIXT_ESt5tupleIJDpT0_EEE4typeERSD_
FNDA:0,_ZSt3getILm1EJPNSt7__cxx1112basic_stringIcSt11char_traitsIcESaIcEEESt14default_deleteIS5_EEERNSt13tuple_elementIXT_ESt5tupleIJDpT0_EEE4typeERSD_
FN:1320,_ZSt3getILm1EJPNSt7__cxx1118basic_stringstreamIcSt11char_traitsIcESaIcEEESt14default_deleteIS5_EEERNSt13tuple_elementIXT_ESt5tupleIJDpT0_EEE4typeERSD_
FNDA:0,_ZSt3getILm1EJPNSt7__cxx1118basic_stringstreamIcSt11char_traitsIcESaIcEEESt14default_deleteIS5_EEERNSt13tuple_elementIXT_ESt5tupleIJDpT0_EEE4typeERSD_
FN:1320,_ZSt3getILm0EJPNSt7__cxx1112basic_stringIcSt11char_traitsIcESaIcEEESt14default_deleteIS5_EEERNSt13tuple_elementIXT_ESt5tupleIJDpT0_EEE4typeERSD_
FNDA:27,_ZSt3getILm0EJPNSt7__cxx1112basic_stringIcSt11char_traitsIcESaIcEEESt14default_deleteIS5_EEERNSt13tuple_elementIXT_ESt5tupleIJDpT0_EEE4typeERSD_
FN:1320,_ZSt3getILm0EJPNSt7__cxx1118basic_stringstreamIcSt11char_traitsIcESaIcEEESt14default_deleteIS5_EEERNSt13tuple_elementIXT_ESt5tupleIJDpT0_EEE4typeERSD_
FNDA:0,_ZSt3getILm0EJPNSt7__cxx1118basic_stringstreamIcSt11char_traitsIcESaIcEEESt14default_deleteIS5_EEERNSt13tuple_elementIXT_ESt5tupleIJDpT0_EEE4typeERSD_
FN:1326,_ZSt3getILm0EJPNSt7__cxx1112basic_stringIcSt11char_traitsIcESaIcEEESt14default_deleteIS5_EEERKNSt13tuple_elementIXT_ESt5tupleIJDpT0_EEE4typeERKSD_
FNDA:0,_ZSt3getILm0EJPNSt7__cxx1112basic_stringIcSt11char_traitsIcESaIcEEESt14default_deleteIS5_EEERKNSt13tuple_elementIXT_ESt5tupleIJDpT0_EEE4typeERKSD_
DA:113,0
DA:113,0
DA:160,27
DA:160,0
DA:163,0
DA:195,27
DA:195,0
DA:198,0
DA:334,0
DA:334,0
DA:1309,0
DA:1310,0
DA:1309,0
DA:1310,0
DA:1309,27
DA:1310,27
DA:1309,0
DA:1310,0
DA:1314,0
DA:1315,0
DA:1320,0
DA:1321,0
DA:1320,0
DA:1321,0
DA:1320,27
DA:1321,27
DA:1320,0
DA:1321,0
DA:1326,0
DA:1327,0
end_of_record
SF:/usr/include/c++/9/ext/type_traits.h
FN:152,_ZN9__gnu_cxx17__is_null_pointerIcEEbPT_
FNDA:0,_ZN9__gnu_cxx17__is_null_pointerIcEEbPT_
FN:152,_ZN9__gnu_cxx17__is_null_pointerIKcEEbPT_
FNDA:45,_ZN9__gnu_cxx17__is_null_pointerIKcEEbPT_
DA:152,0
DA:153,0
DA:152,45
DA:153,45
end_of_record
SF:/usr/include/c++/9/bits/alloc_traits.h
FN:442,_ZNSt16allocator_traitsISaISt13_Rb_tree_nodeIiEEE8allocateERS2_m
FNDA:7,_ZNSt16allocator_traitsISaISt13_Rb_tree_nodeIiEEE8allocateERS2_m
FN:468,_ZNSt16allocator_traitsISaISt13_Rb_tree_nodeIiEEE10deallocateERS2_PS1_m
FNDA:7,_ZNSt16allocator_traitsISaISt13_Rb_tree_nodeIiEEE10deallocateERS2_PS1_m
FN:481,_ZNSt16allocator_traitsISaISt13_Rb_tree_nodeIiEEE9constructIiJRKiEEEvRS2_PT_DpOT0_
FNDA:7,_ZNSt16allocator_traitsISaISt13_Rb_tree_nodeIiEEE9constructIiJRKiEEEvRS2_PT_DpOT0_
FN:494,_ZNSt16allocator_traitsISaISt13_Rb_tree_nodeIiEEE7destroyIiEEvRS2_PT_
FNDA:7,_ZNSt16allocator_traitsISaISt13_Rb_tree_nodeIiEEE7destroyIiEEvRS2_PT_
FN:513,_ZNSt16allocator_traitsISaIcEE37select_on_container_copy_constructionERKS0_
FNDA:0,_ZNSt16allocator_traitsISaIcEE37select_on_container_copy_constructionERKS0_
DA:442,7
DA:443,7
DA:468,7
DA:469,7
DA:481,7
DA:483,7
DA:494,7
DA:496,7
DA:513,0
DA:514,0
end_of_record
SF:/usr/include/gtest/internal/gtest-internal.h
FN:442,_ZN7testing8internal15TestFactoryBaseD0Ev
FNDA:0,_ZN7testing8internal15TestFactoryBaseD0Ev
FN:442,_ZN7testing8internal15TestFactoryBaseD2Ev
FNDA:6,_ZN7testing8internal15TestFactoryBaseD2Ev
FN:449,_ZN7testing8internal15TestFactoryBaseC2Ev
FNDA:6,_ZN7testing8internal15TestFactoryBaseC2Ev
FN:460,_ZN7testing8internal15TestFactoryImplI24Multiset_test1_base_TestE10CreateTestEv
FNDA:1,_ZN7testing8internal15TestFactoryImplI24Multiset_test1_base_TestE10CreateTestEv
FN:460,_ZN7testing8internal15TestFactoryImplI19Multiset_test1_TestE10CreateTestEv
FNDA:1,_ZN7testing8internal15TestFactoryImplI19Multiset_test1_TestE10CreateTestEv
FN:460,_ZN7testing8internal15TestFactoryImplI26Multiset_test1_clean1_TestE10CreateTestEv
FNDA:1,_ZN7testing8internal15TestFactoryImplI26Multiset_test1_clean1_TestE10CreateTestEv
FN:460,_ZN7testing8internal15TestFactoryImplI27Multiset_test_insert_1_TestE10CreateTestEv
FNDA:1,_ZN7testing8internal15TestFactoryImplI27Multiset_test_insert_1_TestE10CreateTestEv
FN:460,_ZN7testing8internal15TestFactoryImplI25Multiset_erase_empty_TestE10CreateTestEv
FNDA:1,_ZN7testing8internal15TestFactoryImplI25Multiset_erase_empty_TestE10CreateTestEv
FN:460,_ZN7testing8internal15TestFactoryImplI18Multiset_copy_TestE10CreateTestEv
FNDA:1,_ZN7testing8internal15TestFactoryImplI18Multiset_copy_TestE10CreateTestEv
FN:481,_ZN7testing8internal12CodeLocationC2ERKNSt7__cxx1112basic_stringIcSt11char_traitsIcESaIcEEEi
FNDA:6,_ZN7testing8internal12CodeLocationC2ERKNSt7__cxx1112basic_stringIcSt11char_traitsIcESaIcEEEi
FN:494,_ZN7testing8internal19GetNotDefaultOrNullEPFvvES2_
FNDA:24,_ZN7testing8internal19GetNotDefaultOrNullEPFvvES2_
FN:509,_ZN7testing8internal16SuiteApiResolverINS_4TestEE19GetSetUpCaseOrSuiteEPKci
FNDA:6,_ZN7testing8internal16SuiteApiResolverINS_4TestEE19GetSetUpCaseOrSuiteEPKci
FN:524,_ZN7testing8internal16SuiteApiResolverINS_4TestEE22GetTearDownCaseOrSuiteEPKci
FNDA:6,_ZN7testing8internal16SuiteApiResolverINS_4TestEE22GetTearDownCaseOrSuiteEPKci
DA:442,0
DA:442,6
DA:449,6
DA:460,1
DA:460,1
DA:460,1
DA:460,1
DA:460,1
DA:460,1
DA:481,6
DA:482,6
DA:494,24
DA:496,24
DA:509,6
DA:512,6
DA:514,6
DA:516,6
DA:519,0
DA:521,6
DA:524,6
DA:527,6
DA:529,6
DA:531,6
DA:534,0
DA:536,6
end_of_record
TN:s21_vector_a
SF:/usr/include/c++/9/iostream
end_of_record
SF:/usr/include/gtest/gtest.h
FN:2472,_Z13RUN_ALL_TESTSv
FNDA:1,_Z13RUN_ALL_TESTSv
DA:2472,1
DA:2473,1
end_of_record
SF:/home/svet/Documents/School/C++/containers/src/tests/run_test.cc
FN:3,main
FNDA:1,main
DA:3,1
DA:6,1
DA:7,1
end_of_record
